07-Jun-2023 09:25:19.716 INFOS [Catalina-utility-1] org.apache.catalina.startup.HostConfig.undeploy Retrait de l'application web ayant pour chemin de contexte [/testeFramework]
07-Jun-2023 09:25:19.732 INFOS [Catalina-utility-1] org.apache.catalina.startup.HostConfig.deployWAR Déploiement de l'archive [C:\Program Files\Apache Software Foundation\Tomcat 9.0\webapps\testeFramework.war] de l'application web
07-Jun-2023 09:25:19.889 INFOS [Catalina-utility-1] org.apache.jasper.servlet.TldScanner.scanJars Au moins un fichier JAR a été analysé pour trouver des TLDs mais il n'en contenait pas, le mode "debug" du journal peut être activé pour obtenir une liste complète de JAR scannés sans succès ; éviter d'analyser des JARs inutilement peut améliorer sensiblement le temps de démarrage et le temps de compilation des JSPs
07-Jun-2023 09:25:19.889 INFOS [Catalina-utility-1] org.apache.catalina.startup.HostConfig.deployWAR Le déploiement de l'archive de l'application web [C:\Program Files\Apache Software Foundation\Tomcat 9.0\webapps\testeFramework.war] s'est terminé en [157] ms
07-Jun-2023 09:25:39.919 INFOS [Catalina-utility-2] org.apache.catalina.startup.HostConfig.undeploy Retrait de l'application web ayant pour chemin de contexte [/testeFramework]
07-Jun-2023 09:25:39.935 INFOS [Catalina-utility-2] org.apache.catalina.startup.HostConfig.deployWAR Déploiement de l'archive [C:\Program Files\Apache Software Foundation\Tomcat 9.0\webapps\testeFramework.war] de l'application web
07-Jun-2023 09:25:40.045 INFOS [Catalina-utility-2] org.apache.jasper.servlet.TldScanner.scanJars Au moins un fichier JAR a été analysé pour trouver des TLDs mais il n'en contenait pas, le mode "debug" du journal peut être activé pour obtenir une liste complète de JAR scannés sans succès ; éviter d'analyser des JARs inutilement peut améliorer sensiblement le temps de démarrage et le temps de compilation des JSPs
07-Jun-2023 09:25:40.045 INFOS [Catalina-utility-2] org.apache.catalina.startup.HostConfig.deployWAR Le déploiement de l'archive de l'application web [C:\Program Files\Apache Software Foundation\Tomcat 9.0\webapps\testeFramework.war] s'est terminé en [110] ms
07-Jun-2023 09:27:00.195 INFOS [Catalina-utility-2] org.apache.catalina.startup.HostConfig.undeploy Retrait de l'application web ayant pour chemin de contexte [/testeFramework]
07-Jun-2023 09:27:00.211 INFOS [Catalina-utility-2] org.apache.catalina.startup.HostConfig.deployWAR Déploiement de l'archive [C:\Program Files\Apache Software Foundation\Tomcat 9.0\webapps\testeFramework.war] de l'application web
07-Jun-2023 09:27:00.336 INFOS [Catalina-utility-2] org.apache.jasper.servlet.TldScanner.scanJars Au moins un fichier JAR a été analysé pour trouver des TLDs mais il n'en contenait pas, le mode "debug" du journal peut être activé pour obtenir une liste complète de JAR scannés sans succès ; éviter d'analyser des JARs inutilement peut améliorer sensiblement le temps de démarrage et le temps de compilation des JSPs
07-Jun-2023 09:27:00.336 INFOS [Catalina-utility-2] org.apache.catalina.startup.HostConfig.deployWAR Le déploiement de l'archive de l'application web [C:\Program Files\Apache Software Foundation\Tomcat 9.0\webapps\testeFramework.war] s'est terminé en [125] ms
07-Jun-2023 09:32:00.712 INFOS [Catalina-utility-1] org.apache.catalina.startup.HostConfig.undeploy Retrait de l'application web ayant pour chemin de contexte [/testeFramework]
07-Jun-2023 09:32:00.728 INFOS [Catalina-utility-1] org.apache.catalina.startup.HostConfig.deployWAR Déploiement de l'archive [C:\Program Files\Apache Software Foundation\Tomcat 9.0\webapps\testeFramework.war] de l'application web
07-Jun-2023 09:32:00.853 INFOS [Catalina-utility-1] org.apache.jasper.servlet.TldScanner.scanJars Au moins un fichier JAR a été analysé pour trouver des TLDs mais il n'en contenait pas, le mode "debug" du journal peut être activé pour obtenir une liste complète de JAR scannés sans succès ; éviter d'analyser des JARs inutilement peut améliorer sensiblement le temps de démarrage et le temps de compilation des JSPs
07-Jun-2023 09:32:00.853 INFOS [Catalina-utility-1] org.apache.catalina.startup.HostConfig.deployWAR Le déploiement de l'archive de l'application web [C:\Program Files\Apache Software Foundation\Tomcat 9.0\webapps\testeFramework.war] s'est terminé en [125] ms
07-Jun-2023 09:32:40.898 INFOS [Catalina-utility-2] org.apache.catalina.startup.HostConfig.undeploy Retrait de l'application web ayant pour chemin de contexte [/testeFramework]
07-Jun-2023 09:32:40.913 INFOS [Catalina-utility-2] org.apache.catalina.startup.HostConfig.deployWAR Déploiement de l'archive [C:\Program Files\Apache Software Foundation\Tomcat 9.0\webapps\testeFramework.war] de l'application web
07-Jun-2023 09:32:41.038 INFOS [Catalina-utility-2] org.apache.jasper.servlet.TldScanner.scanJars Au moins un fichier JAR a été analysé pour trouver des TLDs mais il n'en contenait pas, le mode "debug" du journal peut être activé pour obtenir une liste complète de JAR scannés sans succès ; éviter d'analyser des JARs inutilement peut améliorer sensiblement le temps de démarrage et le temps de compilation des JSPs
07-Jun-2023 09:32:41.038 INFOS [Catalina-utility-2] org.apache.catalina.startup.HostConfig.deployWAR Le déploiement de l'archive de l'application web [C:\Program Files\Apache Software Foundation\Tomcat 9.0\webapps\testeFramework.war] s'est terminé en [125] ms
07-Jun-2023 11:26:23.811 INFOS [Catalina-utility-2] org.apache.catalina.startup.HostConfig.undeploy Retrait de l'application web ayant pour chemin de contexte [/testeFramework]
07-Jun-2023 11:26:23.826 INFOS [Catalina-utility-2] org.apache.catalina.startup.HostConfig.deployWAR Déploiement de l'archive [C:\Program Files\Apache Software Foundation\Tomcat 9.0\webapps\testeFramework.war] de l'application web
07-Jun-2023 11:26:23.951 INFOS [Catalina-utility-2] org.apache.jasper.servlet.TldScanner.scanJars Au moins un fichier JAR a été analysé pour trouver des TLDs mais il n'en contenait pas, le mode "debug" du journal peut être activé pour obtenir une liste complète de JAR scannés sans succès ; éviter d'analyser des JARs inutilement peut améliorer sensiblement le temps de démarrage et le temps de compilation des JSPs
07-Jun-2023 11:26:23.951 INFOS [Catalina-utility-2] org.apache.catalina.startup.HostConfig.deployWAR Le déploiement de l'archive de l'application web [C:\Program Files\Apache Software Foundation\Tomcat 9.0\webapps\testeFramework.war] s'est terminé en [125] ms
07-Jun-2023 11:26:53.983 INFOS [Catalina-utility-2] org.apache.catalina.startup.HostConfig.undeploy Retrait de l'application web ayant pour chemin de contexte [/testeFramework]
07-Jun-2023 11:26:53.999 INFOS [Catalina-utility-2] org.apache.catalina.startup.HostConfig.deployWAR Déploiement de l'archive [C:\Program Files\Apache Software Foundation\Tomcat 9.0\webapps\testeFramework.war] de l'application web
07-Jun-2023 11:26:54.124 INFOS [Catalina-utility-2] org.apache.jasper.servlet.TldScanner.scanJars Au moins un fichier JAR a été analysé pour trouver des TLDs mais il n'en contenait pas, le mode "debug" du journal peut être activé pour obtenir une liste complète de JAR scannés sans succès ; éviter d'analyser des JARs inutilement peut améliorer sensiblement le temps de démarrage et le temps de compilation des JSPs
07-Jun-2023 11:26:54.124 INFOS [Catalina-utility-2] org.apache.catalina.startup.HostConfig.deployWAR Le déploiement de l'archive de l'application web [C:\Program Files\Apache Software Foundation\Tomcat 9.0\webapps\testeFramework.war] s'est terminé en [125] ms
07-Jun-2023 11:28:14.219 INFOS [Catalina-utility-1] org.apache.catalina.startup.HostConfig.undeploy Retrait de l'application web ayant pour chemin de contexte [/testeFramework]
07-Jun-2023 11:28:14.236 INFOS [Catalina-utility-1] org.apache.catalina.startup.HostConfig.deployWAR Déploiement de l'archive [C:\Program Files\Apache Software Foundation\Tomcat 9.0\webapps\testeFramework.war] de l'application web
07-Jun-2023 11:28:14.353 INFOS [Catalina-utility-1] org.apache.jasper.servlet.TldScanner.scanJars Au moins un fichier JAR a été analysé pour trouver des TLDs mais il n'en contenait pas, le mode "debug" du journal peut être activé pour obtenir une liste complète de JAR scannés sans succès ; éviter d'analyser des JARs inutilement peut améliorer sensiblement le temps de démarrage et le temps de compilation des JSPs
07-Jun-2023 11:28:14.353 INFOS [Catalina-utility-1] org.apache.catalina.startup.HostConfig.deployWAR Le déploiement de l'archive de l'application web [C:\Program Files\Apache Software Foundation\Tomcat 9.0\webapps\testeFramework.war] s'est terminé en [117] ms
07-Jun-2023 11:30:34.518 INFOS [Catalina-utility-1] org.apache.catalina.startup.HostConfig.undeploy Retrait de l'application web ayant pour chemin de contexte [/testeFramework]
07-Jun-2023 11:30:34.549 INFOS [Catalina-utility-1] org.apache.catalina.startup.HostConfig.deployWAR Déploiement de l'archive [C:\Program Files\Apache Software Foundation\Tomcat 9.0\webapps\testeFramework.war] de l'application web
07-Jun-2023 11:30:34.752 INFOS [Catalina-utility-1] org.apache.jasper.servlet.TldScanner.scanJars Au moins un fichier JAR a été analysé pour trouver des TLDs mais il n'en contenait pas, le mode "debug" du journal peut être activé pour obtenir une liste complète de JAR scannés sans succès ; éviter d'analyser des JARs inutilement peut améliorer sensiblement le temps de démarrage et le temps de compilation des JSPs
07-Jun-2023 11:30:34.752 INFOS [Catalina-utility-1] org.apache.catalina.startup.HostConfig.deployWAR Le déploiement de l'archive de l'application web [C:\Program Files\Apache Software Foundation\Tomcat 9.0\webapps\testeFramework.war] s'est terminé en [203] ms
07-Jun-2023 11:31:44.850 INFOS [Catalina-utility-1] org.apache.catalina.startup.HostConfig.undeploy Retrait de l'application web ayant pour chemin de contexte [/testeFramework]
07-Jun-2023 11:31:44.866 INFOS [Catalina-utility-1] org.apache.catalina.startup.HostConfig.deployWAR Déploiement de l'archive [C:\Program Files\Apache Software Foundation\Tomcat 9.0\webapps\testeFramework.war] de l'application web
07-Jun-2023 11:31:44.975 INFOS [Catalina-utility-1] org.apache.jasper.servlet.TldScanner.scanJars Au moins un fichier JAR a été analysé pour trouver des TLDs mais il n'en contenait pas, le mode "debug" du journal peut être activé pour obtenir une liste complète de JAR scannés sans succès ; éviter d'analyser des JARs inutilement peut améliorer sensiblement le temps de démarrage et le temps de compilation des JSPs
07-Jun-2023 11:31:44.975 INFOS [Catalina-utility-1] org.apache.catalina.startup.HostConfig.deployWAR Le déploiement de l'archive de l'application web [C:\Program Files\Apache Software Foundation\Tomcat 9.0\webapps\testeFramework.war] s'est terminé en [109] ms
07-Jun-2023 11:33:15.097 INFOS [Catalina-utility-2] org.apache.catalina.startup.HostConfig.undeploy Retrait de l'application web ayant pour chemin de contexte [/testeFramework]
07-Jun-2023 11:33:15.113 INFOS [Catalina-utility-2] org.apache.catalina.startup.HostConfig.deployWAR Déploiement de l'archive [C:\Program Files\Apache Software Foundation\Tomcat 9.0\webapps\testeFramework.war] de l'application web
07-Jun-2023 11:33:15.238 INFOS [Catalina-utility-2] org.apache.jasper.servlet.TldScanner.scanJars Au moins un fichier JAR a été analysé pour trouver des TLDs mais il n'en contenait pas, le mode "debug" du journal peut être activé pour obtenir une liste complète de JAR scannés sans succès ; éviter d'analyser des JARs inutilement peut améliorer sensiblement le temps de démarrage et le temps de compilation des JSPs
07-Jun-2023 11:33:15.238 INFOS [Catalina-utility-2] org.apache.catalina.startup.HostConfig.deployWAR Le déploiement de l'archive de l'application web [C:\Program Files\Apache Software Foundation\Tomcat 9.0\webapps\testeFramework.war] s'est terminé en [125] ms
07-Jun-2023 11:42:26.130 INFOS [Catalina-utility-1] org.apache.catalina.startup.HostConfig.undeploy Retrait de l'application web ayant pour chemin de contexte [/testeFramework]
07-Jun-2023 11:42:26.162 INFOS [Catalina-utility-1] org.apache.catalina.startup.HostConfig.deployWAR Déploiement de l'archive [C:\Program Files\Apache Software Foundation\Tomcat 9.0\webapps\testeFramework.war] de l'application web
07-Jun-2023 11:42:26.302 INFOS [Catalina-utility-1] org.apache.jasper.servlet.TldScanner.scanJars Au moins un fichier JAR a été analysé pour trouver des TLDs mais il n'en contenait pas, le mode "debug" du journal peut être activé pour obtenir une liste complète de JAR scannés sans succès ; éviter d'analyser des JARs inutilement peut améliorer sensiblement le temps de démarrage et le temps de compilation des JSPs
07-Jun-2023 11:42:26.318 INFOS [Catalina-utility-1] org.apache.catalina.startup.HostConfig.deployWAR Le déploiement de l'archive de l'application web [C:\Program Files\Apache Software Foundation\Tomcat 9.0\webapps\testeFramework.war] s'est terminé en [156] ms
07-Jun-2023 11:43:26.415 INFOS [Catalina-utility-1] org.apache.catalina.startup.HostConfig.undeploy Retrait de l'application web ayant pour chemin de contexte [/testeFramework]
07-Jun-2023 11:43:26.431 INFOS [Catalina-utility-1] org.apache.catalina.startup.HostConfig.deployWAR Déploiement de l'archive [C:\Program Files\Apache Software Foundation\Tomcat 9.0\webapps\testeFramework.war] de l'application web
07-Jun-2023 11:43:26.524 INFOS [Catalina-utility-1] org.apache.jasper.servlet.TldScanner.scanJars Au moins un fichier JAR a été analysé pour trouver des TLDs mais il n'en contenait pas, le mode "debug" du journal peut être activé pour obtenir une liste complète de JAR scannés sans succès ; éviter d'analyser des JARs inutilement peut améliorer sensiblement le temps de démarrage et le temps de compilation des JSPs
07-Jun-2023 11:43:26.524 INFOS [Catalina-utility-1] org.apache.catalina.startup.HostConfig.deployWAR Le déploiement de l'archive de l'application web [C:\Program Files\Apache Software Foundation\Tomcat 9.0\webapps\testeFramework.war] s'est terminé en [93] ms
07-Jun-2023 12:05:58.486 INFOS [Catalina-utility-1] org.apache.catalina.startup.HostConfig.undeploy Retrait de l'application web ayant pour chemin de contexte [/testeFramework]
07-Jun-2023 12:05:58.502 INFOS [Catalina-utility-1] org.apache.catalina.startup.HostConfig.deployWAR Déploiement de l'archive [C:\Program Files\Apache Software Foundation\Tomcat 9.0\webapps\testeFramework.war] de l'application web
07-Jun-2023 12:05:58.612 INFOS [Catalina-utility-1] org.apache.jasper.servlet.TldScanner.scanJars Au moins un fichier JAR a été analysé pour trouver des TLDs mais il n'en contenait pas, le mode "debug" du journal peut être activé pour obtenir une liste complète de JAR scannés sans succès ; éviter d'analyser des JARs inutilement peut améliorer sensiblement le temps de démarrage et le temps de compilation des JSPs
07-Jun-2023 12:05:58.612 INFOS [Catalina-utility-1] org.apache.catalina.startup.HostConfig.deployWAR Le déploiement de l'archive de l'application web [C:\Program Files\Apache Software Foundation\Tomcat 9.0\webapps\testeFramework.war] s'est terminé en [110] ms
07-Jun-2023 12:09:38.896 INFOS [Catalina-utility-2] org.apache.catalina.startup.HostConfig.undeploy Retrait de l'application web ayant pour chemin de contexte [/testeFramework]
07-Jun-2023 12:09:38.912 INFOS [Catalina-utility-2] org.apache.catalina.startup.HostConfig.deployWAR Déploiement de l'archive [C:\Program Files\Apache Software Foundation\Tomcat 9.0\webapps\testeFramework.war] de l'application web
07-Jun-2023 12:09:39.052 INFOS [Catalina-utility-2] org.apache.jasper.servlet.TldScanner.scanJars Au moins un fichier JAR a été analysé pour trouver des TLDs mais il n'en contenait pas, le mode "debug" du journal peut être activé pour obtenir une liste complète de JAR scannés sans succès ; éviter d'analyser des JARs inutilement peut améliorer sensiblement le temps de démarrage et le temps de compilation des JSPs
07-Jun-2023 12:09:39.052 INFOS [Catalina-utility-2] org.apache.catalina.startup.HostConfig.deployWAR Le déploiement de l'archive de l'application web [C:\Program Files\Apache Software Foundation\Tomcat 9.0\webapps\testeFramework.war] s'est terminé en [140] ms
07-Jun-2023 12:10:09.090 INFOS [Catalina-utility-2] org.apache.catalina.startup.HostConfig.undeploy Retrait de l'application web ayant pour chemin de contexte [/testeFramework]
07-Jun-2023 12:10:09.105 INFOS [Catalina-utility-2] org.apache.catalina.startup.HostConfig.deployWAR Déploiement de l'archive [C:\Program Files\Apache Software Foundation\Tomcat 9.0\webapps\testeFramework.war] de l'application web
07-Jun-2023 12:10:09.230 INFOS [Catalina-utility-2] org.apache.jasper.servlet.TldScanner.scanJars Au moins un fichier JAR a été analysé pour trouver des TLDs mais il n'en contenait pas, le mode "debug" du journal peut être activé pour obtenir une liste complète de JAR scannés sans succès ; éviter d'analyser des JARs inutilement peut améliorer sensiblement le temps de démarrage et le temps de compilation des JSPs
07-Jun-2023 12:10:09.230 INFOS [Catalina-utility-2] org.apache.catalina.startup.HostConfig.deployWAR Le déploiement de l'archive de l'application web [C:\Program Files\Apache Software Foundation\Tomcat 9.0\webapps\testeFramework.war] s'est terminé en [125] ms
07-Jun-2023 12:30:10.916 INFOS [Catalina-utility-2] org.apache.catalina.startup.HostConfig.undeploy Retrait de l'application web ayant pour chemin de contexte [/testeFramework]
07-Jun-2023 12:30:10.932 INFOS [Catalina-utility-2] org.apache.catalina.startup.HostConfig.deployWAR Déploiement de l'archive [C:\Program Files\Apache Software Foundation\Tomcat 9.0\webapps\testeFramework.war] de l'application web
07-Jun-2023 12:30:11.026 INFOS [Catalina-utility-2] org.apache.jasper.servlet.TldScanner.scanJars Au moins un fichier JAR a été analysé pour trouver des TLDs mais il n'en contenait pas, le mode "debug" du journal peut être activé pour obtenir une liste complète de JAR scannés sans succès ; éviter d'analyser des JARs inutilement peut améliorer sensiblement le temps de démarrage et le temps de compilation des JSPs
07-Jun-2023 12:30:11.026 INFOS [Catalina-utility-2] org.apache.catalina.startup.HostConfig.deployWAR Le déploiement de l'archive de l'application web [C:\Program Files\Apache Software Foundation\Tomcat 9.0\webapps\testeFramework.war] s'est terminé en [94] ms
07-Jun-2023 12:30:31.053 INFOS [Catalina-utility-2] org.apache.catalina.startup.HostConfig.undeploy Retrait de l'application web ayant pour chemin de contexte [/testeFramework]
07-Jun-2023 12:30:31.068 INFOS [Catalina-utility-2] org.apache.catalina.startup.HostConfig.deployWAR Déploiement de l'archive [C:\Program Files\Apache Software Foundation\Tomcat 9.0\webapps\testeFramework.war] de l'application web
07-Jun-2023 12:30:31.150 INFOS [Catalina-utility-2] org.apache.jasper.servlet.TldScanner.scanJars Au moins un fichier JAR a été analysé pour trouver des TLDs mais il n'en contenait pas, le mode "debug" du journal peut être activé pour obtenir une liste complète de JAR scannés sans succès ; éviter d'analyser des JARs inutilement peut améliorer sensiblement le temps de démarrage et le temps de compilation des JSPs
07-Jun-2023 12:30:31.158 INFOS [Catalina-utility-2] org.apache.catalina.startup.HostConfig.deployWAR Le déploiement de l'archive de l'application web [C:\Program Files\Apache Software Foundation\Tomcat 9.0\webapps\testeFramework.war] s'est terminé en [90] ms
07-Jun-2023 12:32:51.334 INFOS [Catalina-utility-1] org.apache.catalina.startup.HostConfig.undeploy Retrait de l'application web ayant pour chemin de contexte [/testeFramework]
07-Jun-2023 12:32:51.334 INFOS [Catalina-utility-1] org.apache.catalina.startup.HostConfig.deployWAR Déploiement de l'archive [C:\Program Files\Apache Software Foundation\Tomcat 9.0\webapps\testeFramework.war] de l'application web
07-Jun-2023 12:32:51.446 INFOS [Catalina-utility-1] org.apache.jasper.servlet.TldScanner.scanJars Au moins un fichier JAR a été analysé pour trouver des TLDs mais il n'en contenait pas, le mode "debug" du journal peut être activé pour obtenir une liste complète de JAR scannés sans succès ; éviter d'analyser des JARs inutilement peut améliorer sensiblement le temps de démarrage et le temps de compilation des JSPs
07-Jun-2023 12:32:51.446 INFOS [Catalina-utility-1] org.apache.catalina.startup.HostConfig.deployWAR Le déploiement de l'archive de l'application web [C:\Program Files\Apache Software Foundation\Tomcat 9.0\webapps\testeFramework.war] s'est terminé en [112] ms
07-Jun-2023 12:38:51.842 INFOS [Catalina-utility-2] org.apache.catalina.startup.HostConfig.undeploy Retrait de l'application web ayant pour chemin de contexte [/testeFramework]
07-Jun-2023 12:38:51.857 INFOS [Catalina-utility-2] org.apache.catalina.startup.HostConfig.deployWAR Déploiement de l'archive [C:\Program Files\Apache Software Foundation\Tomcat 9.0\webapps\testeFramework.war] de l'application web
07-Jun-2023 12:38:51.920 INFOS [Catalina-utility-2] org.apache.jasper.servlet.TldScanner.scanJars Au moins un fichier JAR a été analysé pour trouver des TLDs mais il n'en contenait pas, le mode "debug" du journal peut être activé pour obtenir une liste complète de JAR scannés sans succès ; éviter d'analyser des JARs inutilement peut améliorer sensiblement le temps de démarrage et le temps de compilation des JSPs
07-Jun-2023 12:38:51.935 INFOS [Catalina-utility-2] org.apache.catalina.startup.HostConfig.deployWAR Le déploiement de l'archive de l'application web [C:\Program Files\Apache Software Foundation\Tomcat 9.0\webapps\testeFramework.war] s'est terminé en [78] ms
07-Jun-2023 12:39:42.005 INFOS [Catalina-utility-1] org.apache.catalina.startup.HostConfig.undeploy Retrait de l'application web ayant pour chemin de contexte [/testeFramework]
07-Jun-2023 12:39:42.005 INFOS [Catalina-utility-1] org.apache.catalina.startup.HostConfig.deployWAR Déploiement de l'archive [C:\Program Files\Apache Software Foundation\Tomcat 9.0\webapps\testeFramework.war] de l'application web
07-Jun-2023 12:39:42.083 INFOS [Catalina-utility-1] org.apache.jasper.servlet.TldScanner.scanJars Au moins un fichier JAR a été analysé pour trouver des TLDs mais il n'en contenait pas, le mode "debug" du journal peut être activé pour obtenir une liste complète de JAR scannés sans succès ; éviter d'analyser des JARs inutilement peut améliorer sensiblement le temps de démarrage et le temps de compilation des JSPs
07-Jun-2023 12:39:42.083 INFOS [Catalina-utility-1] org.apache.catalina.startup.HostConfig.deployWAR Le déploiement de l'archive de l'application web [C:\Program Files\Apache Software Foundation\Tomcat 9.0\webapps\testeFramework.war] s'est terminé en [78] ms
07-Jun-2023 12:44:12.404 INFOS [Catalina-utility-2] org.apache.catalina.startup.HostConfig.undeploy Retrait de l'application web ayant pour chemin de contexte [/testeFramework]
07-Jun-2023 12:44:12.418 INFOS [Catalina-utility-2] org.apache.catalina.startup.HostConfig.deployWAR Déploiement de l'archive [C:\Program Files\Apache Software Foundation\Tomcat 9.0\webapps\testeFramework.war] de l'application web
07-Jun-2023 12:44:12.481 INFOS [Catalina-utility-2] org.apache.jasper.servlet.TldScanner.scanJars Au moins un fichier JAR a été analysé pour trouver des TLDs mais il n'en contenait pas, le mode "debug" du journal peut être activé pour obtenir une liste complète de JAR scannés sans succès ; éviter d'analyser des JARs inutilement peut améliorer sensiblement le temps de démarrage et le temps de compilation des JSPs
07-Jun-2023 12:44:12.481 INFOS [Catalina-utility-2] org.apache.catalina.startup.HostConfig.deployWAR Le déploiement de l'archive de l'application web [C:\Program Files\Apache Software Foundation\Tomcat 9.0\webapps\testeFramework.war] s'est terminé en [63] ms
07-Jun-2023 12:46:12.661 INFOS [Catalina-utility-2] org.apache.catalina.startup.HostConfig.undeploy Retrait de l'application web ayant pour chemin de contexte [/testeFramework]
07-Jun-2023 12:46:12.673 INFOS [Catalina-utility-2] org.apache.catalina.startup.HostConfig.deployWAR Déploiement de l'archive [C:\Program Files\Apache Software Foundation\Tomcat 9.0\webapps\testeFramework.war] de l'application web
07-Jun-2023 12:46:12.724 INFOS [Catalina-utility-2] org.apache.jasper.servlet.TldScanner.scanJars Au moins un fichier JAR a été analysé pour trouver des TLDs mais il n'en contenait pas, le mode "debug" du journal peut être activé pour obtenir une liste complète de JAR scannés sans succès ; éviter d'analyser des JARs inutilement peut améliorer sensiblement le temps de démarrage et le temps de compilation des JSPs
07-Jun-2023 12:46:12.724 INFOS [Catalina-utility-2] org.apache.catalina.startup.HostConfig.deployWAR Le déploiement de l'archive de l'application web [C:\Program Files\Apache Software Foundation\Tomcat 9.0\webapps\testeFramework.war] s'est terminé en [51] ms
07-Jun-2023 12:49:02.993 INFOS [Catalina-utility-1] org.apache.catalina.startup.HostConfig.undeploy Retrait de l'application web ayant pour chemin de contexte [/testeFramework]
07-Jun-2023 12:49:03.009 INFOS [Catalina-utility-1] org.apache.catalina.startup.HostConfig.deployWAR Déploiement de l'archive [C:\Program Files\Apache Software Foundation\Tomcat 9.0\webapps\testeFramework.war] de l'application web
07-Jun-2023 12:49:03.071 INFOS [Catalina-utility-1] org.apache.jasper.servlet.TldScanner.scanJars Au moins un fichier JAR a été analysé pour trouver des TLDs mais il n'en contenait pas, le mode "debug" du journal peut être activé pour obtenir une liste complète de JAR scannés sans succès ; éviter d'analyser des JARs inutilement peut améliorer sensiblement le temps de démarrage et le temps de compilation des JSPs
07-Jun-2023 12:49:03.071 INFOS [Catalina-utility-1] org.apache.catalina.startup.HostConfig.deployWAR Le déploiement de l'archive de l'application web [C:\Program Files\Apache Software Foundation\Tomcat 9.0\webapps\testeFramework.war] s'est terminé en [62] ms
07-Jun-2023 12:50:03.166 INFOS [Catalina-utility-1] org.apache.catalina.startup.HostConfig.undeploy Retrait de l'application web ayant pour chemin de contexte [/testeFramework]
07-Jun-2023 12:50:03.197 INFOS [Catalina-utility-1] org.apache.catalina.startup.HostConfig.deployWAR Déploiement de l'archive [C:\Program Files\Apache Software Foundation\Tomcat 9.0\webapps\testeFramework.war] de l'application web
07-Jun-2023 12:50:03.260 INFOS [Catalina-utility-1] org.apache.jasper.servlet.TldScanner.scanJars Au moins un fichier JAR a été analysé pour trouver des TLDs mais il n'en contenait pas, le mode "debug" du journal peut être activé pour obtenir une liste complète de JAR scannés sans succès ; éviter d'analyser des JARs inutilement peut améliorer sensiblement le temps de démarrage et le temps de compilation des JSPs
07-Jun-2023 12:50:03.260 INFOS [Catalina-utility-1] org.apache.catalina.startup.HostConfig.deployWAR Le déploiement de l'archive de l'application web [C:\Program Files\Apache Software Foundation\Tomcat 9.0\webapps\testeFramework.war] s'est terminé en [63] ms
07-Jun-2023 12:57:13.856 INFOS [Catalina-utility-1] org.apache.catalina.startup.HostConfig.undeploy Retrait de l'application web ayant pour chemin de contexte [/testeFramework]
07-Jun-2023 12:57:13.856 INFOS [Catalina-utility-1] org.apache.catalina.startup.HostConfig.deployWAR Déploiement de l'archive [C:\Program Files\Apache Software Foundation\Tomcat 9.0\webapps\testeFramework.war] de l'application web
07-Jun-2023 12:57:13.953 INFOS [Catalina-utility-1] org.apache.jasper.servlet.TldScanner.scanJars Au moins un fichier JAR a été analysé pour trouver des TLDs mais il n'en contenait pas, le mode "debug" du journal peut être activé pour obtenir une liste complète de JAR scannés sans succès ; éviter d'analyser des JARs inutilement peut améliorer sensiblement le temps de démarrage et le temps de compilation des JSPs
07-Jun-2023 12:57:13.953 INFOS [Catalina-utility-1] org.apache.catalina.startup.HostConfig.deployWAR Le déploiement de l'archive de l'application web [C:\Program Files\Apache Software Foundation\Tomcat 9.0\webapps\testeFramework.war] s'est terminé en [97] ms
07-Jun-2023 13:00:44.234 INFOS [Catalina-utility-1] org.apache.catalina.startup.HostConfig.undeploy Retrait de l'application web ayant pour chemin de contexte [/testeFramework]
07-Jun-2023 13:00:44.263 INFOS [Catalina-utility-1] org.apache.catalina.startup.HostConfig.deployWAR Déploiement de l'archive [C:\Program Files\Apache Software Foundation\Tomcat 9.0\webapps\testeFramework.war] de l'application web
07-Jun-2023 13:00:44.332 INFOS [Catalina-utility-1] org.apache.jasper.servlet.TldScanner.scanJars Au moins un fichier JAR a été analysé pour trouver des TLDs mais il n'en contenait pas, le mode "debug" du journal peut être activé pour obtenir une liste complète de JAR scannés sans succès ; éviter d'analyser des JARs inutilement peut améliorer sensiblement le temps de démarrage et le temps de compilation des JSPs
07-Jun-2023 13:00:44.334 INFOS [Catalina-utility-1] org.apache.catalina.startup.HostConfig.deployWAR Le déploiement de l'archive de l'application web [C:\Program Files\Apache Software Foundation\Tomcat 9.0\webapps\testeFramework.war] s'est terminé en [71] ms
07-Jun-2023 13:04:04.628 INFOS [Catalina-utility-2] org.apache.catalina.startup.HostConfig.undeploy Retrait de l'application web ayant pour chemin de contexte [/testeFramework]
07-Jun-2023 13:04:04.643 INFOS [Catalina-utility-2] org.apache.catalina.startup.HostConfig.deployWAR Déploiement de l'archive [C:\Program Files\Apache Software Foundation\Tomcat 9.0\webapps\testeFramework.war] de l'application web
07-Jun-2023 13:04:04.826 INFOS [Catalina-utility-2] org.apache.jasper.servlet.TldScanner.scanJars Au moins un fichier JAR a été analysé pour trouver des TLDs mais il n'en contenait pas, le mode "debug" du journal peut être activé pour obtenir une liste complète de JAR scannés sans succès ; éviter d'analyser des JARs inutilement peut améliorer sensiblement le temps de démarrage et le temps de compilation des JSPs
07-Jun-2023 13:04:04.829 INFOS [Catalina-utility-2] org.apache.catalina.startup.HostConfig.deployWAR Le déploiement de l'archive de l'application web [C:\Program Files\Apache Software Foundation\Tomcat 9.0\webapps\testeFramework.war] s'est terminé en [186] ms
07-Jun-2023 13:06:14.989 INFOS [Catalina-utility-1] org.apache.catalina.startup.HostConfig.undeploy Retrait de l'application web ayant pour chemin de contexte [/testeFramework]
07-Jun-2023 13:06:15.005 INFOS [Catalina-utility-1] org.apache.catalina.startup.HostConfig.deployWAR Déploiement de l'archive [C:\Program Files\Apache Software Foundation\Tomcat 9.0\webapps\testeFramework.war] de l'application web
07-Jun-2023 13:06:15.067 INFOS [Catalina-utility-1] org.apache.jasper.servlet.TldScanner.scanJars Au moins un fichier JAR a été analysé pour trouver des TLDs mais il n'en contenait pas, le mode "debug" du journal peut être activé pour obtenir une liste complète de JAR scannés sans succès ; éviter d'analyser des JARs inutilement peut améliorer sensiblement le temps de démarrage et le temps de compilation des JSPs
07-Jun-2023 13:06:15.083 INFOS [Catalina-utility-1] org.apache.catalina.startup.HostConfig.deployWAR Le déploiement de l'archive de l'application web [C:\Program Files\Apache Software Foundation\Tomcat 9.0\webapps\testeFramework.war] s'est terminé en [78] ms
07-Jun-2023 13:07:25.176 INFOS [Catalina-utility-2] org.apache.catalina.startup.HostConfig.undeploy Retrait de l'application web ayant pour chemin de contexte [/testeFramework]
07-Jun-2023 13:07:25.207 INFOS [Catalina-utility-2] org.apache.catalina.startup.HostConfig.deployWAR Déploiement de l'archive [C:\Program Files\Apache Software Foundation\Tomcat 9.0\webapps\testeFramework.war] de l'application web
07-Jun-2023 13:07:25.285 INFOS [Catalina-utility-2] org.apache.jasper.servlet.TldScanner.scanJars Au moins un fichier JAR a été analysé pour trouver des TLDs mais il n'en contenait pas, le mode "debug" du journal peut être activé pour obtenir une liste complète de JAR scannés sans succès ; éviter d'analyser des JARs inutilement peut améliorer sensiblement le temps de démarrage et le temps de compilation des JSPs
07-Jun-2023 13:07:25.285 INFOS [Catalina-utility-2] org.apache.catalina.startup.HostConfig.deployWAR Le déploiement de l'archive de l'application web [C:\Program Files\Apache Software Foundation\Tomcat 9.0\webapps\testeFramework.war] s'est terminé en [78] ms
07-Jun-2023 13:08:15.348 INFOS [Catalina-utility-2] org.apache.catalina.startup.HostConfig.undeploy Retrait de l'application web ayant pour chemin de contexte [/testeFramework]
07-Jun-2023 13:08:15.364 INFOS [Catalina-utility-2] org.apache.catalina.startup.HostConfig.deployWAR Déploiement de l'archive [C:\Program Files\Apache Software Foundation\Tomcat 9.0\webapps\testeFramework.war] de l'application web
07-Jun-2023 13:08:15.450 INFOS [Catalina-utility-2] org.apache.jasper.servlet.TldScanner.scanJars Au moins un fichier JAR a été analysé pour trouver des TLDs mais il n'en contenait pas, le mode "debug" du journal peut être activé pour obtenir une liste complète de JAR scannés sans succès ; éviter d'analyser des JARs inutilement peut améliorer sensiblement le temps de démarrage et le temps de compilation des JSPs
07-Jun-2023 13:08:15.451 INFOS [Catalina-utility-2] org.apache.catalina.startup.HostConfig.deployWAR Le déploiement de l'archive de l'application web [C:\Program Files\Apache Software Foundation\Tomcat 9.0\webapps\testeFramework.war] s'est terminé en [87] ms
07-Jun-2023 13:09:45.577 INFOS [Catalina-utility-2] org.apache.catalina.startup.HostConfig.undeploy Retrait de l'application web ayant pour chemin de contexte [/testeFramework]
07-Jun-2023 13:09:45.593 INFOS [Catalina-utility-2] org.apache.catalina.startup.HostConfig.deployWAR Déploiement de l'archive [C:\Program Files\Apache Software Foundation\Tomcat 9.0\webapps\testeFramework.war] de l'application web
07-Jun-2023 13:09:45.655 INFOS [Catalina-utility-2] org.apache.jasper.servlet.TldScanner.scanJars Au moins un fichier JAR a été analysé pour trouver des TLDs mais il n'en contenait pas, le mode "debug" du journal peut être activé pour obtenir une liste complète de JAR scannés sans succès ; éviter d'analyser des JARs inutilement peut améliorer sensiblement le temps de démarrage et le temps de compilation des JSPs
07-Jun-2023 13:09:45.655 INFOS [Catalina-utility-2] org.apache.catalina.startup.HostConfig.deployWAR Le déploiement de l'archive de l'application web [C:\Program Files\Apache Software Foundation\Tomcat 9.0\webapps\testeFramework.war] s'est terminé en [62] ms
07-Jun-2023 13:10:35.735 INFOS [Catalina-utility-1] org.apache.catalina.startup.HostConfig.undeploy Retrait de l'application web ayant pour chemin de contexte [/testeFramework]
07-Jun-2023 13:10:35.751 INFOS [Catalina-utility-1] org.apache.catalina.startup.HostConfig.deployWAR Déploiement de l'archive [C:\Program Files\Apache Software Foundation\Tomcat 9.0\webapps\testeFramework.war] de l'application web
07-Jun-2023 13:10:35.815 INFOS [Catalina-utility-1] org.apache.jasper.servlet.TldScanner.scanJars Au moins un fichier JAR a été analysé pour trouver des TLDs mais il n'en contenait pas, le mode "debug" du journal peut être activé pour obtenir une liste complète de JAR scannés sans succès ; éviter d'analyser des JARs inutilement peut améliorer sensiblement le temps de démarrage et le temps de compilation des JSPs
07-Jun-2023 13:10:35.815 INFOS [Catalina-utility-1] org.apache.catalina.startup.HostConfig.deployWAR Le déploiement de l'archive de l'application web [C:\Program Files\Apache Software Foundation\Tomcat 9.0\webapps\testeFramework.war] s'est terminé en [80] ms
07-Jun-2023 13:12:35.923 INFOS [Catalina-utility-2] org.apache.catalina.startup.HostConfig.undeploy Retrait de l'application web ayant pour chemin de contexte [/testeFramework]
07-Jun-2023 13:12:35.923 INFOS [Catalina-utility-2] org.apache.catalina.startup.HostConfig.deployWAR Déploiement de l'archive [C:\Program Files\Apache Software Foundation\Tomcat 9.0\webapps\testeFramework.war] de l'application web
07-Jun-2023 13:12:36.029 INFOS [Catalina-utility-2] org.apache.jasper.servlet.TldScanner.scanJars Au moins un fichier JAR a été analysé pour trouver des TLDs mais il n'en contenait pas, le mode "debug" du journal peut être activé pour obtenir une liste complète de JAR scannés sans succès ; éviter d'analyser des JARs inutilement peut améliorer sensiblement le temps de démarrage et le temps de compilation des JSPs
07-Jun-2023 13:12:36.029 INFOS [Catalina-utility-2] org.apache.catalina.startup.HostConfig.deployWAR Le déploiement de l'archive de l'application web [C:\Program Files\Apache Software Foundation\Tomcat 9.0\webapps\testeFramework.war] s'est terminé en [106] ms
07-Jun-2023 13:15:56.322 INFOS [Catalina-utility-2] org.apache.catalina.startup.HostConfig.undeploy Retrait de l'application web ayant pour chemin de contexte [/testeFramework]
07-Jun-2023 13:15:56.333 INFOS [Catalina-utility-2] org.apache.catalina.startup.HostConfig.deployWAR Déploiement de l'archive [C:\Program Files\Apache Software Foundation\Tomcat 9.0\webapps\testeFramework.war] de l'application web
07-Jun-2023 13:15:56.403 INFOS [Catalina-utility-2] org.apache.jasper.servlet.TldScanner.scanJars Au moins un fichier JAR a été analysé pour trouver des TLDs mais il n'en contenait pas, le mode "debug" du journal peut être activé pour obtenir une liste complète de JAR scannés sans succès ; éviter d'analyser des JARs inutilement peut améliorer sensiblement le temps de démarrage et le temps de compilation des JSPs
07-Jun-2023 13:15:56.404 INFOS [Catalina-utility-2] org.apache.catalina.startup.HostConfig.deployWAR Le déploiement de l'archive de l'application web [C:\Program Files\Apache Software Foundation\Tomcat 9.0\webapps\testeFramework.war] s'est terminé en [71] ms
07-Jun-2023 13:17:06.495 INFOS [Catalina-utility-1] org.apache.catalina.startup.HostConfig.undeploy Retrait de l'application web ayant pour chemin de contexte [/testeFramework]
07-Jun-2023 13:17:06.506 INFOS [Catalina-utility-1] org.apache.catalina.startup.HostConfig.deployWAR Déploiement de l'archive [C:\Program Files\Apache Software Foundation\Tomcat 9.0\webapps\testeFramework.war] de l'application web
07-Jun-2023 13:17:06.561 INFOS [Catalina-utility-1] org.apache.jasper.servlet.TldScanner.scanJars Au moins un fichier JAR a été analysé pour trouver des TLDs mais il n'en contenait pas, le mode "debug" du journal peut être activé pour obtenir une liste complète de JAR scannés sans succès ; éviter d'analyser des JARs inutilement peut améliorer sensiblement le temps de démarrage et le temps de compilation des JSPs
07-Jun-2023 13:17:06.561 INFOS [Catalina-utility-1] org.apache.catalina.startup.HostConfig.deployWAR Le déploiement de l'archive de l'application web [C:\Program Files\Apache Software Foundation\Tomcat 9.0\webapps\testeFramework.war] s'est terminé en [55] ms
07-Jun-2023 13:23:17.097 INFOS [Catalina-utility-1] org.apache.catalina.startup.HostConfig.undeploy Retrait de l'application web ayant pour chemin de contexte [/testeFramework]
07-Jun-2023 13:23:17.128 INFOS [Catalina-utility-1] org.apache.catalina.startup.HostConfig.deployWAR Déploiement de l'archive [C:\Program Files\Apache Software Foundation\Tomcat 9.0\webapps\testeFramework.war] de l'application web
07-Jun-2023 13:23:17.238 INFOS [Catalina-utility-1] org.apache.jasper.servlet.TldScanner.scanJars Au moins un fichier JAR a été analysé pour trouver des TLDs mais il n'en contenait pas, le mode "debug" du journal peut être activé pour obtenir une liste complète de JAR scannés sans succès ; éviter d'analyser des JARs inutilement peut améliorer sensiblement le temps de démarrage et le temps de compilation des JSPs
07-Jun-2023 13:23:17.238 INFOS [Catalina-utility-1] org.apache.catalina.startup.HostConfig.deployWAR Le déploiement de l'archive de l'application web [C:\Program Files\Apache Software Foundation\Tomcat 9.0\webapps\testeFramework.war] s'est terminé en [110] ms
07-Jun-2023 13:24:07.288 INFOS [Catalina-utility-1] org.apache.catalina.startup.HostConfig.undeploy Retrait de l'application web ayant pour chemin de contexte [/testeFramework]
07-Jun-2023 13:24:07.303 INFOS [Catalina-utility-1] org.apache.catalina.startup.HostConfig.deployWAR Déploiement de l'archive [C:\Program Files\Apache Software Foundation\Tomcat 9.0\webapps\testeFramework.war] de l'application web
07-Jun-2023 13:24:07.428 INFOS [Catalina-utility-1] org.apache.jasper.servlet.TldScanner.scanJars Au moins un fichier JAR a été analysé pour trouver des TLDs mais il n'en contenait pas, le mode "debug" du journal peut être activé pour obtenir une liste complète de JAR scannés sans succès ; éviter d'analyser des JARs inutilement peut améliorer sensiblement le temps de démarrage et le temps de compilation des JSPs
07-Jun-2023 13:24:07.428 INFOS [Catalina-utility-1] org.apache.catalina.startup.HostConfig.deployWAR Le déploiement de l'archive de l'application web [C:\Program Files\Apache Software Foundation\Tomcat 9.0\webapps\testeFramework.war] s'est terminé en [125] ms
07-Jun-2023 13:24:47.515 INFOS [Catalina-utility-1] org.apache.catalina.startup.HostConfig.undeploy Retrait de l'application web ayant pour chemin de contexte [/testeFramework]
07-Jun-2023 13:24:47.530 INFOS [Catalina-utility-1] org.apache.catalina.startup.HostConfig.deployWAR Déploiement de l'archive [C:\Program Files\Apache Software Foundation\Tomcat 9.0\webapps\testeFramework.war] de l'application web
07-Jun-2023 13:24:47.640 INFOS [Catalina-utility-1] org.apache.jasper.servlet.TldScanner.scanJars Au moins un fichier JAR a été analysé pour trouver des TLDs mais il n'en contenait pas, le mode "debug" du journal peut être activé pour obtenir une liste complète de JAR scannés sans succès ; éviter d'analyser des JARs inutilement peut améliorer sensiblement le temps de démarrage et le temps de compilation des JSPs
07-Jun-2023 13:24:47.640 INFOS [Catalina-utility-1] org.apache.catalina.startup.HostConfig.deployWAR Le déploiement de l'archive de l'application web [C:\Program Files\Apache Software Foundation\Tomcat 9.0\webapps\testeFramework.war] s'est terminé en [110] ms
07-Jun-2023 13:26:07.736 INFOS [Catalina-utility-2] org.apache.catalina.startup.HostConfig.undeploy Retrait de l'application web ayant pour chemin de contexte [/testeFramework]
07-Jun-2023 13:26:07.798 INFOS [Catalina-utility-2] org.apache.catalina.startup.HostConfig.deployWAR Déploiement de l'archive [C:\Program Files\Apache Software Foundation\Tomcat 9.0\webapps\testeFramework.war] de l'application web
07-Jun-2023 13:26:07.908 INFOS [Catalina-utility-2] org.apache.jasper.servlet.TldScanner.scanJars Au moins un fichier JAR a été analysé pour trouver des TLDs mais il n'en contenait pas, le mode "debug" du journal peut être activé pour obtenir une liste complète de JAR scannés sans succès ; éviter d'analyser des JARs inutilement peut améliorer sensiblement le temps de démarrage et le temps de compilation des JSPs
07-Jun-2023 13:26:07.908 INFOS [Catalina-utility-2] org.apache.catalina.startup.HostConfig.deployWAR Le déploiement de l'archive de l'application web [C:\Program Files\Apache Software Foundation\Tomcat 9.0\webapps\testeFramework.war] s'est terminé en [110] ms
07-Jun-2023 13:27:58.075 INFOS [Catalina-utility-2] org.apache.catalina.startup.HostConfig.undeploy Retrait de l'application web ayant pour chemin de contexte [/testeFramework]
07-Jun-2023 13:27:58.091 INFOS [Catalina-utility-2] org.apache.catalina.startup.HostConfig.deployWAR Déploiement de l'archive [C:\Program Files\Apache Software Foundation\Tomcat 9.0\webapps\testeFramework.war] de l'application web
07-Jun-2023 13:27:58.231 INFOS [Catalina-utility-2] org.apache.jasper.servlet.TldScanner.scanJars Au moins un fichier JAR a été analysé pour trouver des TLDs mais il n'en contenait pas, le mode "debug" du journal peut être activé pour obtenir une liste complète de JAR scannés sans succès ; éviter d'analyser des JARs inutilement peut améliorer sensiblement le temps de démarrage et le temps de compilation des JSPs
07-Jun-2023 13:27:58.231 INFOS [Catalina-utility-2] org.apache.catalina.startup.HostConfig.deployWAR Le déploiement de l'archive de l'application web [C:\Program Files\Apache Software Foundation\Tomcat 9.0\webapps\testeFramework.war] s'est terminé en [140] ms
07-Jun-2023 13:29:28.370 INFOS [Catalina-utility-2] org.apache.catalina.startup.HostConfig.undeploy Retrait de l'application web ayant pour chemin de contexte [/testeFramework]
07-Jun-2023 13:29:28.387 INFOS [Catalina-utility-2] org.apache.catalina.startup.HostConfig.deployWAR Déploiement de l'archive [C:\Program Files\Apache Software Foundation\Tomcat 9.0\webapps\testeFramework.war] de l'application web
07-Jun-2023 13:29:28.511 INFOS [Catalina-utility-2] org.apache.jasper.servlet.TldScanner.scanJars Au moins un fichier JAR a été analysé pour trouver des TLDs mais il n'en contenait pas, le mode "debug" du journal peut être activé pour obtenir une liste complète de JAR scannés sans succès ; éviter d'analyser des JARs inutilement peut améliorer sensiblement le temps de démarrage et le temps de compilation des JSPs
07-Jun-2023 13:29:28.511 INFOS [Catalina-utility-2] org.apache.catalina.startup.HostConfig.deployWAR Le déploiement de l'archive de l'application web [C:\Program Files\Apache Software Foundation\Tomcat 9.0\webapps\testeFramework.war] s'est terminé en [124] ms
07-Jun-2023 13:43:19.612 INFOS [Catalina-utility-1] org.apache.catalina.startup.HostConfig.undeploy Retrait de l'application web ayant pour chemin de contexte [/testeFramework]
07-Jun-2023 13:43:19.675 INFOS [Catalina-utility-1] org.apache.catalina.startup.HostConfig.deployWAR Déploiement de l'archive [C:\Program Files\Apache Software Foundation\Tomcat 9.0\webapps\testeFramework.war] de l'application web
07-Jun-2023 13:43:19.800 INFOS [Catalina-utility-1] org.apache.jasper.servlet.TldScanner.scanJars Au moins un fichier JAR a été analysé pour trouver des TLDs mais il n'en contenait pas, le mode "debug" du journal peut être activé pour obtenir une liste complète de JAR scannés sans succès ; éviter d'analyser des JARs inutilement peut améliorer sensiblement le temps de démarrage et le temps de compilation des JSPs
07-Jun-2023 13:43:19.800 INFOS [Catalina-utility-1] org.apache.catalina.startup.HostConfig.deployWAR Le déploiement de l'archive de l'application web [C:\Program Files\Apache Software Foundation\Tomcat 9.0\webapps\testeFramework.war] s'est terminé en [125] ms
07-Jun-2023 13:46:30.085 INFOS [Catalina-utility-1] org.apache.catalina.startup.HostConfig.undeploy Retrait de l'application web ayant pour chemin de contexte [/testeFramework]
07-Jun-2023 13:46:30.101 INFOS [Catalina-utility-1] org.apache.catalina.startup.HostConfig.deployWAR Déploiement de l'archive [C:\Program Files\Apache Software Foundation\Tomcat 9.0\webapps\testeFramework.war] de l'application web
07-Jun-2023 13:46:30.195 INFOS [Catalina-utility-1] org.apache.jasper.servlet.TldScanner.scanJars Au moins un fichier JAR a été analysé pour trouver des TLDs mais il n'en contenait pas, le mode "debug" du journal peut être activé pour obtenir une liste complète de JAR scannés sans succès ; éviter d'analyser des JARs inutilement peut améliorer sensiblement le temps de démarrage et le temps de compilation des JSPs
07-Jun-2023 13:46:30.195 INFOS [Catalina-utility-1] org.apache.catalina.startup.HostConfig.deployWAR Le déploiement de l'archive de l'application web [C:\Program Files\Apache Software Foundation\Tomcat 9.0\webapps\testeFramework.war] s'est terminé en [94] ms
07-Jun-2023 13:47:30.282 INFOS [Catalina-utility-2] org.apache.catalina.startup.HostConfig.undeploy Retrait de l'application web ayant pour chemin de contexte [/testeFramework]
07-Jun-2023 13:47:30.313 INFOS [Catalina-utility-2] org.apache.catalina.startup.HostConfig.deployWAR Déploiement de l'archive [C:\Program Files\Apache Software Foundation\Tomcat 9.0\webapps\testeFramework.war] de l'application web
07-Jun-2023 13:47:30.423 INFOS [Catalina-utility-2] org.apache.jasper.servlet.TldScanner.scanJars Au moins un fichier JAR a été analysé pour trouver des TLDs mais il n'en contenait pas, le mode "debug" du journal peut être activé pour obtenir une liste complète de JAR scannés sans succès ; éviter d'analyser des JARs inutilement peut améliorer sensiblement le temps de démarrage et le temps de compilation des JSPs
07-Jun-2023 13:47:30.423 INFOS [Catalina-utility-2] org.apache.catalina.startup.HostConfig.deployWAR Le déploiement de l'archive de l'application web [C:\Program Files\Apache Software Foundation\Tomcat 9.0\webapps\testeFramework.war] s'est terminé en [110] ms
07-Jun-2023 13:49:10.570 INFOS [Catalina-utility-2] org.apache.catalina.startup.HostConfig.undeploy Retrait de l'application web ayant pour chemin de contexte [/testeFramework]
07-Jun-2023 13:49:10.585 INFOS [Catalina-utility-2] org.apache.catalina.startup.HostConfig.deployWAR Déploiement de l'archive [C:\Program Files\Apache Software Foundation\Tomcat 9.0\webapps\testeFramework.war] de l'application web
07-Jun-2023 13:49:10.695 INFOS [Catalina-utility-2] org.apache.jasper.servlet.TldScanner.scanJars Au moins un fichier JAR a été analysé pour trouver des TLDs mais il n'en contenait pas, le mode "debug" du journal peut être activé pour obtenir une liste complète de JAR scannés sans succès ; éviter d'analyser des JARs inutilement peut améliorer sensiblement le temps de démarrage et le temps de compilation des JSPs
07-Jun-2023 13:49:10.695 INFOS [Catalina-utility-2] org.apache.catalina.startup.HostConfig.deployWAR Le déploiement de l'archive de l'application web [C:\Program Files\Apache Software Foundation\Tomcat 9.0\webapps\testeFramework.war] s'est terminé en [110] ms
07-Jun-2023 13:50:00.772 INFOS [Catalina-utility-2] org.apache.catalina.startup.HostConfig.undeploy Retrait de l'application web ayant pour chemin de contexte [/testeFramework]
07-Jun-2023 13:50:00.788 INFOS [Catalina-utility-2] org.apache.catalina.startup.HostConfig.deployWAR Déploiement de l'archive [C:\Program Files\Apache Software Foundation\Tomcat 9.0\webapps\testeFramework.war] de l'application web
07-Jun-2023 13:50:00.897 INFOS [Catalina-utility-2] org.apache.jasper.servlet.TldScanner.scanJars Au moins un fichier JAR a été analysé pour trouver des TLDs mais il n'en contenait pas, le mode "debug" du journal peut être activé pour obtenir une liste complète de JAR scannés sans succès ; éviter d'analyser des JARs inutilement peut améliorer sensiblement le temps de démarrage et le temps de compilation des JSPs
07-Jun-2023 13:50:00.897 INFOS [Catalina-utility-2] org.apache.catalina.startup.HostConfig.deployWAR Le déploiement de l'archive de l'application web [C:\Program Files\Apache Software Foundation\Tomcat 9.0\webapps\testeFramework.war] s'est terminé en [109] ms
07-Jun-2023 13:51:31.039 INFOS [Catalina-utility-2] org.apache.catalina.startup.HostConfig.undeploy Retrait de l'application web ayant pour chemin de contexte [/testeFramework]
07-Jun-2023 13:51:31.055 INFOS [Catalina-utility-2] org.apache.catalina.startup.HostConfig.deployWAR Déploiement de l'archive [C:\Program Files\Apache Software Foundation\Tomcat 9.0\webapps\testeFramework.war] de l'application web
07-Jun-2023 13:51:31.149 INFOS [Catalina-utility-2] org.apache.jasper.servlet.TldScanner.scanJars Au moins un fichier JAR a été analysé pour trouver des TLDs mais il n'en contenait pas, le mode "debug" du journal peut être activé pour obtenir une liste complète de JAR scannés sans succès ; éviter d'analyser des JARs inutilement peut améliorer sensiblement le temps de démarrage et le temps de compilation des JSPs
07-Jun-2023 13:51:31.149 INFOS [Catalina-utility-2] org.apache.catalina.startup.HostConfig.deployWAR Le déploiement de l'archive de l'application web [C:\Program Files\Apache Software Foundation\Tomcat 9.0\webapps\testeFramework.war] s'est terminé en [94] ms
07-Jun-2023 13:52:31.249 INFOS [Catalina-utility-1] org.apache.catalina.startup.HostConfig.undeploy Retrait de l'application web ayant pour chemin de contexte [/testeFramework]
07-Jun-2023 13:52:31.265 INFOS [Catalina-utility-1] org.apache.catalina.startup.HostConfig.deployWAR Déploiement de l'archive [C:\Program Files\Apache Software Foundation\Tomcat 9.0\webapps\testeFramework.war] de l'application web
07-Jun-2023 13:52:31.375 INFOS [Catalina-utility-1] org.apache.jasper.servlet.TldScanner.scanJars Au moins un fichier JAR a été analysé pour trouver des TLDs mais il n'en contenait pas, le mode "debug" du journal peut être activé pour obtenir une liste complète de JAR scannés sans succès ; éviter d'analyser des JARs inutilement peut améliorer sensiblement le temps de démarrage et le temps de compilation des JSPs
07-Jun-2023 13:52:31.375 INFOS [Catalina-utility-1] org.apache.catalina.startup.HostConfig.deployWAR Le déploiement de l'archive de l'application web [C:\Program Files\Apache Software Foundation\Tomcat 9.0\webapps\testeFramework.war] s'est terminé en [110] ms
07-Jun-2023 13:53:21.443 INFOS [Catalina-utility-2] org.apache.catalina.startup.HostConfig.undeploy Retrait de l'application web ayant pour chemin de contexte [/testeFramework]
07-Jun-2023 13:53:21.459 INFOS [Catalina-utility-2] org.apache.catalina.startup.HostConfig.deployWAR Déploiement de l'archive [C:\Program Files\Apache Software Foundation\Tomcat 9.0\webapps\testeFramework.war] de l'application web
07-Jun-2023 13:53:21.552 INFOS [Catalina-utility-2] org.apache.jasper.servlet.TldScanner.scanJars Au moins un fichier JAR a été analysé pour trouver des TLDs mais il n'en contenait pas, le mode "debug" du journal peut être activé pour obtenir une liste complète de JAR scannés sans succès ; éviter d'analyser des JARs inutilement peut améliorer sensiblement le temps de démarrage et le temps de compilation des JSPs
07-Jun-2023 13:53:21.552 INFOS [Catalina-utility-2] org.apache.catalina.startup.HostConfig.deployWAR Le déploiement de l'archive de l'application web [C:\Program Files\Apache Software Foundation\Tomcat 9.0\webapps\testeFramework.war] s'est terminé en [93] ms
07-Jun-2023 13:54:11.625 INFOS [Catalina-utility-2] org.apache.catalina.startup.HostConfig.undeploy Retrait de l'application web ayant pour chemin de contexte [/testeFramework]
07-Jun-2023 13:54:11.672 INFOS [Catalina-utility-2] org.apache.catalina.startup.HostConfig.deployWAR Déploiement de l'archive [C:\Program Files\Apache Software Foundation\Tomcat 9.0\webapps\testeFramework.war] de l'application web
07-Jun-2023 13:54:11.766 INFOS [Catalina-utility-2] org.apache.jasper.servlet.TldScanner.scanJars Au moins un fichier JAR a été analysé pour trouver des TLDs mais il n'en contenait pas, le mode "debug" du journal peut être activé pour obtenir une liste complète de JAR scannés sans succès ; éviter d'analyser des JARs inutilement peut améliorer sensiblement le temps de démarrage et le temps de compilation des JSPs
07-Jun-2023 13:54:11.782 INFOS [Catalina-utility-2] org.apache.catalina.startup.HostConfig.deployWAR Le déploiement de l'archive de l'application web [C:\Program Files\Apache Software Foundation\Tomcat 9.0\webapps\testeFramework.war] s'est terminé en [110] ms
07-Jun-2023 13:55:41.900 INFOS [Catalina-utility-1] org.apache.catalina.startup.HostConfig.undeploy Retrait de l'application web ayant pour chemin de contexte [/testeFramework]
07-Jun-2023 13:55:41.915 INFOS [Catalina-utility-1] org.apache.catalina.startup.HostConfig.deployWAR Déploiement de l'archive [C:\Program Files\Apache Software Foundation\Tomcat 9.0\webapps\testeFramework.war] de l'application web
07-Jun-2023 13:55:42.009 INFOS [Catalina-utility-1] org.apache.jasper.servlet.TldScanner.scanJars Au moins un fichier JAR a été analysé pour trouver des TLDs mais il n'en contenait pas, le mode "debug" du journal peut être activé pour obtenir une liste complète de JAR scannés sans succès ; éviter d'analyser des JARs inutilement peut améliorer sensiblement le temps de démarrage et le temps de compilation des JSPs
07-Jun-2023 13:55:42.009 INFOS [Catalina-utility-1] org.apache.catalina.startup.HostConfig.deployWAR Le déploiement de l'archive de l'application web [C:\Program Files\Apache Software Foundation\Tomcat 9.0\webapps\testeFramework.war] s'est terminé en [94] ms
07-Jun-2023 13:56:22.045 INFOS [Catalina-utility-2] org.apache.catalina.startup.HostConfig.undeploy Retrait de l'application web ayant pour chemin de contexte [/testeFramework]
07-Jun-2023 13:56:22.108 INFOS [Catalina-utility-2] org.apache.catalina.startup.HostConfig.deployWAR Déploiement de l'archive [C:\Program Files\Apache Software Foundation\Tomcat 9.0\webapps\testeFramework.war] de l'application web
07-Jun-2023 13:56:22.217 INFOS [Catalina-utility-2] org.apache.jasper.servlet.TldScanner.scanJars Au moins un fichier JAR a été analysé pour trouver des TLDs mais il n'en contenait pas, le mode "debug" du journal peut être activé pour obtenir une liste complète de JAR scannés sans succès ; éviter d'analyser des JARs inutilement peut améliorer sensiblement le temps de démarrage et le temps de compilation des JSPs
07-Jun-2023 13:56:22.217 INFOS [Catalina-utility-2] org.apache.catalina.startup.HostConfig.deployWAR Le déploiement de l'archive de l'application web [C:\Program Files\Apache Software Foundation\Tomcat 9.0\webapps\testeFramework.war] s'est terminé en [109] ms
07-Jun-2023 13:57:12.296 INFOS [Catalina-utility-1] org.apache.catalina.startup.HostConfig.undeploy Retrait de l'application web ayant pour chemin de contexte [/testeFramework]
07-Jun-2023 13:57:12.311 INFOS [Catalina-utility-1] org.apache.catalina.startup.HostConfig.deployWAR Déploiement de l'archive [C:\Program Files\Apache Software Foundation\Tomcat 9.0\webapps\testeFramework.war] de l'application web
07-Jun-2023 13:57:12.452 INFOS [Catalina-utility-1] org.apache.jasper.servlet.TldScanner.scanJars Au moins un fichier JAR a été analysé pour trouver des TLDs mais il n'en contenait pas, le mode "debug" du journal peut être activé pour obtenir une liste complète de JAR scannés sans succès ; éviter d'analyser des JARs inutilement peut améliorer sensiblement le temps de démarrage et le temps de compilation des JSPs
07-Jun-2023 13:57:12.452 INFOS [Catalina-utility-1] org.apache.catalina.startup.HostConfig.deployWAR Le déploiement de l'archive de l'application web [C:\Program Files\Apache Software Foundation\Tomcat 9.0\webapps\testeFramework.war] s'est terminé en [141] ms
07-Jun-2023 13:59:12.643 INFOS [Catalina-utility-2] org.apache.catalina.startup.HostConfig.undeploy Retrait de l'application web ayant pour chemin de contexte [/testeFramework]
07-Jun-2023 13:59:12.654 INFOS [Catalina-utility-2] org.apache.catalina.startup.HostConfig.deployWAR Déploiement de l'archive [C:\Program Files\Apache Software Foundation\Tomcat 9.0\webapps\testeFramework.war] de l'application web
07-Jun-2023 13:59:12.763 INFOS [Catalina-utility-2] org.apache.jasper.servlet.TldScanner.scanJars Au moins un fichier JAR a été analysé pour trouver des TLDs mais il n'en contenait pas, le mode "debug" du journal peut être activé pour obtenir une liste complète de JAR scannés sans succès ; éviter d'analyser des JARs inutilement peut améliorer sensiblement le temps de démarrage et le temps de compilation des JSPs
07-Jun-2023 13:59:12.763 INFOS [Catalina-utility-2] org.apache.catalina.startup.HostConfig.deployWAR Le déploiement de l'archive de l'application web [C:\Program Files\Apache Software Foundation\Tomcat 9.0\webapps\testeFramework.war] s'est terminé en [109] ms
07-Jun-2023 14:03:03.113 INFOS [Catalina-utility-1] org.apache.catalina.startup.HostConfig.undeploy Retrait de l'application web ayant pour chemin de contexte [/testeFramework]
07-Jun-2023 14:03:03.160 INFOS [Catalina-utility-1] org.apache.catalina.startup.HostConfig.deployWAR Déploiement de l'archive [C:\Program Files\Apache Software Foundation\Tomcat 9.0\webapps\testeFramework.war] de l'application web
07-Jun-2023 14:03:03.254 INFOS [Catalina-utility-1] org.apache.jasper.servlet.TldScanner.scanJars Au moins un fichier JAR a été analysé pour trouver des TLDs mais il n'en contenait pas, le mode "debug" du journal peut être activé pour obtenir une liste complète de JAR scannés sans succès ; éviter d'analyser des JARs inutilement peut améliorer sensiblement le temps de démarrage et le temps de compilation des JSPs
07-Jun-2023 14:03:03.269 INFOS [Catalina-utility-1] org.apache.catalina.startup.HostConfig.deployWAR Le déploiement de l'archive de l'application web [C:\Program Files\Apache Software Foundation\Tomcat 9.0\webapps\testeFramework.war] s'est terminé en [109] ms
07-Jun-2023 14:04:13.357 INFOS [Catalina-utility-1] org.apache.catalina.startup.HostConfig.undeploy Retrait de l'application web ayant pour chemin de contexte [/testeFramework]
07-Jun-2023 14:04:13.372 INFOS [Catalina-utility-1] org.apache.catalina.startup.HostConfig.deployWAR Déploiement de l'archive [C:\Program Files\Apache Software Foundation\Tomcat 9.0\webapps\testeFramework.war] de l'application web
07-Jun-2023 14:04:13.497 INFOS [Catalina-utility-1] org.apache.jasper.servlet.TldScanner.scanJars Au moins un fichier JAR a été analysé pour trouver des TLDs mais il n'en contenait pas, le mode "debug" du journal peut être activé pour obtenir une liste complète de JAR scannés sans succès ; éviter d'analyser des JARs inutilement peut améliorer sensiblement le temps de démarrage et le temps de compilation des JSPs
07-Jun-2023 14:04:13.497 INFOS [Catalina-utility-1] org.apache.catalina.startup.HostConfig.deployWAR Le déploiement de l'archive de l'application web [C:\Program Files\Apache Software Foundation\Tomcat 9.0\webapps\testeFramework.war] s'est terminé en [125] ms
07-Jun-2023 14:06:13.648 INFOS [Catalina-utility-1] org.apache.catalina.startup.HostConfig.undeploy Retrait de l'application web ayant pour chemin de contexte [/testeFramework]
07-Jun-2023 14:06:13.663 INFOS [Catalina-utility-1] org.apache.catalina.startup.HostConfig.deployWAR Déploiement de l'archive [C:\Program Files\Apache Software Foundation\Tomcat 9.0\webapps\testeFramework.war] de l'application web
07-Jun-2023 14:06:13.773 INFOS [Catalina-utility-1] org.apache.jasper.servlet.TldScanner.scanJars Au moins un fichier JAR a été analysé pour trouver des TLDs mais il n'en contenait pas, le mode "debug" du journal peut être activé pour obtenir une liste complète de JAR scannés sans succès ; éviter d'analyser des JARs inutilement peut améliorer sensiblement le temps de démarrage et le temps de compilation des JSPs
07-Jun-2023 14:06:13.773 INFOS [Catalina-utility-1] org.apache.catalina.startup.HostConfig.deployWAR Le déploiement de l'archive de l'application web [C:\Program Files\Apache Software Foundation\Tomcat 9.0\webapps\testeFramework.war] s'est terminé en [110] ms
07-Jun-2023 14:09:44.029 INFOS [Catalina-utility-1] org.apache.catalina.startup.HostConfig.undeploy Retrait de l'application web ayant pour chemin de contexte [/testeFramework]
07-Jun-2023 14:09:44.075 INFOS [Catalina-utility-1] org.apache.catalina.startup.HostConfig.deployWAR Déploiement de l'archive [C:\Program Files\Apache Software Foundation\Tomcat 9.0\webapps\testeFramework.war] de l'application web
07-Jun-2023 14:09:44.201 INFOS [Catalina-utility-1] org.apache.jasper.servlet.TldScanner.scanJars Au moins un fichier JAR a été analysé pour trouver des TLDs mais il n'en contenait pas, le mode "debug" du journal peut être activé pour obtenir une liste complète de JAR scannés sans succès ; éviter d'analyser des JARs inutilement peut améliorer sensiblement le temps de démarrage et le temps de compilation des JSPs
07-Jun-2023 14:09:44.201 INFOS [Catalina-utility-1] org.apache.catalina.startup.HostConfig.deployWAR Le déploiement de l'archive de l'application web [C:\Program Files\Apache Software Foundation\Tomcat 9.0\webapps\testeFramework.war] s'est terminé en [126] ms
07-Jun-2023 14:10:24.251 INFOS [Catalina-utility-1] org.apache.catalina.startup.HostConfig.undeploy Retrait de l'application web ayant pour chemin de contexte [/testeFramework]
07-Jun-2023 14:10:24.283 INFOS [Catalina-utility-1] org.apache.catalina.startup.HostConfig.deployWAR Déploiement de l'archive [C:\Program Files\Apache Software Foundation\Tomcat 9.0\webapps\testeFramework.war] de l'application web
07-Jun-2023 14:10:24.392 INFOS [Catalina-utility-1] org.apache.jasper.servlet.TldScanner.scanJars Au moins un fichier JAR a été analysé pour trouver des TLDs mais il n'en contenait pas, le mode "debug" du journal peut être activé pour obtenir une liste complète de JAR scannés sans succès ; éviter d'analyser des JARs inutilement peut améliorer sensiblement le temps de démarrage et le temps de compilation des JSPs
07-Jun-2023 14:10:24.392 INFOS [Catalina-utility-1] org.apache.catalina.startup.HostConfig.deployWAR Le déploiement de l'archive de l'application web [C:\Program Files\Apache Software Foundation\Tomcat 9.0\webapps\testeFramework.war] s'est terminé en [109] ms
07-Jun-2023 14:17:55.046 INFOS [Catalina-utility-2] org.apache.catalina.startup.HostConfig.undeploy Retrait de l'application web ayant pour chemin de contexte [/testeFramework]
07-Jun-2023 14:17:55.058 INFOS [Catalina-utility-2] org.apache.catalina.startup.HostConfig.deployWAR Déploiement de l'archive [C:\Program Files\Apache Software Foundation\Tomcat 9.0\webapps\testeFramework.war] de l'application web
07-Jun-2023 14:17:55.167 INFOS [Catalina-utility-2] org.apache.jasper.servlet.TldScanner.scanJars Au moins un fichier JAR a été analysé pour trouver des TLDs mais il n'en contenait pas, le mode "debug" du journal peut être activé pour obtenir une liste complète de JAR scannés sans succès ; éviter d'analyser des JARs inutilement peut améliorer sensiblement le temps de démarrage et le temps de compilation des JSPs
07-Jun-2023 14:17:55.183 INFOS [Catalina-utility-2] org.apache.catalina.startup.HostConfig.deployWAR Le déploiement de l'archive de l'application web [C:\Program Files\Apache Software Foundation\Tomcat 9.0\webapps\testeFramework.war] s'est terminé en [125] ms
07-Jun-2023 14:21:15.484 INFOS [Catalina-utility-1] org.apache.catalina.startup.HostConfig.undeploy Retrait de l'application web ayant pour chemin de contexte [/testeFramework]
07-Jun-2023 14:21:15.531 INFOS [Catalina-utility-1] org.apache.catalina.startup.HostConfig.deployWAR Déploiement de l'archive [C:\Program Files\Apache Software Foundation\Tomcat 9.0\webapps\testeFramework.war] de l'application web
07-Jun-2023 14:21:15.640 INFOS [Catalina-utility-1] org.apache.jasper.servlet.TldScanner.scanJars Au moins un fichier JAR a été analysé pour trouver des TLDs mais il n'en contenait pas, le mode "debug" du journal peut être activé pour obtenir une liste complète de JAR scannés sans succès ; éviter d'analyser des JARs inutilement peut améliorer sensiblement le temps de démarrage et le temps de compilation des JSPs
07-Jun-2023 14:21:15.640 INFOS [Catalina-utility-1] org.apache.catalina.startup.HostConfig.deployWAR Le déploiement de l'archive de l'application web [C:\Program Files\Apache Software Foundation\Tomcat 9.0\webapps\testeFramework.war] s'est terminé en [109] ms
07-Jun-2023 14:22:25.733 INFOS [Catalina-utility-2] org.apache.catalina.startup.HostConfig.undeploy Retrait de l'application web ayant pour chemin de contexte [/testeFramework]
07-Jun-2023 14:22:25.749 INFOS [Catalina-utility-2] org.apache.catalina.startup.HostConfig.deployWAR Déploiement de l'archive [C:\Program Files\Apache Software Foundation\Tomcat 9.0\webapps\testeFramework.war] de l'application web
07-Jun-2023 14:22:25.842 INFOS [Catalina-utility-2] org.apache.jasper.servlet.TldScanner.scanJars Au moins un fichier JAR a été analysé pour trouver des TLDs mais il n'en contenait pas, le mode "debug" du journal peut être activé pour obtenir une liste complète de JAR scannés sans succès ; éviter d'analyser des JARs inutilement peut améliorer sensiblement le temps de démarrage et le temps de compilation des JSPs
07-Jun-2023 14:22:25.858 INFOS [Catalina-utility-2] org.apache.catalina.startup.HostConfig.deployWAR Le déploiement de l'archive de l'application web [C:\Program Files\Apache Software Foundation\Tomcat 9.0\webapps\testeFramework.war] s'est terminé en [109] ms
07-Jun-2023 14:23:05.920 INFOS [Catalina-utility-1] org.apache.catalina.startup.HostConfig.undeploy Retrait de l'application web ayant pour chemin de contexte [/testeFramework]
07-Jun-2023 14:23:05.967 INFOS [Catalina-utility-1] org.apache.catalina.startup.HostConfig.deployWAR Déploiement de l'archive [C:\Program Files\Apache Software Foundation\Tomcat 9.0\webapps\testeFramework.war] de l'application web
07-Jun-2023 14:23:06.076 INFOS [Catalina-utility-1] org.apache.jasper.servlet.TldScanner.scanJars Au moins un fichier JAR a été analysé pour trouver des TLDs mais il n'en contenait pas, le mode "debug" du journal peut être activé pour obtenir une liste complète de JAR scannés sans succès ; éviter d'analyser des JARs inutilement peut améliorer sensiblement le temps de démarrage et le temps de compilation des JSPs
07-Jun-2023 14:23:06.076 INFOS [Catalina-utility-1] org.apache.catalina.startup.HostConfig.deployWAR Le déploiement de l'archive de l'application web [C:\Program Files\Apache Software Foundation\Tomcat 9.0\webapps\testeFramework.war] s'est terminé en [109] ms
07-Jun-2023 14:24:06.184 INFOS [Catalina-utility-1] org.apache.catalina.startup.HostConfig.undeploy Retrait de l'application web ayant pour chemin de contexte [/testeFramework]
07-Jun-2023 14:24:06.199 INFOS [Catalina-utility-1] org.apache.catalina.startup.HostConfig.deployWAR Déploiement de l'archive [C:\Program Files\Apache Software Foundation\Tomcat 9.0\webapps\testeFramework.war] de l'application web
07-Jun-2023 14:24:06.293 INFOS [Catalina-utility-1] org.apache.jasper.servlet.TldScanner.scanJars Au moins un fichier JAR a été analysé pour trouver des TLDs mais il n'en contenait pas, le mode "debug" du journal peut être activé pour obtenir une liste complète de JAR scannés sans succès ; éviter d'analyser des JARs inutilement peut améliorer sensiblement le temps de démarrage et le temps de compilation des JSPs
07-Jun-2023 14:24:06.293 INFOS [Catalina-utility-1] org.apache.catalina.startup.HostConfig.deployWAR Le déploiement de l'archive de l'application web [C:\Program Files\Apache Software Foundation\Tomcat 9.0\webapps\testeFramework.war] s'est terminé en [94] ms
07-Jun-2023 14:25:06.403 INFOS [Catalina-utility-1] org.apache.catalina.startup.HostConfig.undeploy Retrait de l'application web ayant pour chemin de contexte [/testeFramework]
07-Jun-2023 14:25:06.419 INFOS [Catalina-utility-1] org.apache.catalina.startup.HostConfig.deployWAR Déploiement de l'archive [C:\Program Files\Apache Software Foundation\Tomcat 9.0\webapps\testeFramework.war] de l'application web
07-Jun-2023 14:25:06.512 INFOS [Catalina-utility-1] org.apache.jasper.servlet.TldScanner.scanJars Au moins un fichier JAR a été analysé pour trouver des TLDs mais il n'en contenait pas, le mode "debug" du journal peut être activé pour obtenir une liste complète de JAR scannés sans succès ; éviter d'analyser des JARs inutilement peut améliorer sensiblement le temps de démarrage et le temps de compilation des JSPs
07-Jun-2023 14:25:06.512 INFOS [Catalina-utility-1] org.apache.catalina.startup.HostConfig.deployWAR Le déploiement de l'archive de l'application web [C:\Program Files\Apache Software Foundation\Tomcat 9.0\webapps\testeFramework.war] s'est terminé en [93] ms
07-Jun-2023 15:29:34.712 INFOS [Thread-4] org.apache.coyote.AbstractProtocol.pause Le gestionnaire de protocole ["http-nio-8080"] est mis en pause
07-Jun-2023 15:29:34.946 INFOS [Thread-4] org.apache.catalina.core.StandardService.stopInternal Arrêt du service [Catalina]
07-Jun-2023 15:29:34.973 INFOS [Thread-4] org.apache.coyote.AbstractProtocol.stop Arrêt du gestionnaire de protocole ["http-nio-8080"]
07-Jun-2023 15:29:34.988 INFOS [Thread-4] org.apache.coyote.AbstractProtocol.destroy Destruction du gestionnaire de protocole ["http-nio-8080"]
07-Jun-2023 17:48:42.816 INFOS [main] org.apache.catalina.startup.VersionLoggerListener.log Nom version serveur :              Apache Tomcat/9.0.65
07-Jun-2023 17:48:42.816 INFOS [main] org.apache.catalina.startup.VersionLoggerListener.log Serveur compilé :                  Jul 14 2022 12:28:53 UTC
07-Jun-2023 17:48:42.816 INFOS [main] org.apache.catalina.startup.VersionLoggerListener.log Version du serveur :               9.0.65.0
07-Jun-2023 17:48:42.816 INFOS [main] org.apache.catalina.startup.VersionLoggerListener.log Nom de l'OS :                      Windows 10
07-Jun-2023 17:48:42.816 INFOS [main] org.apache.catalina.startup.VersionLoggerListener.log Version OS :                       10.0
07-Jun-2023 17:48:42.816 INFOS [main] org.apache.catalina.startup.VersionLoggerListener.log Architecture :                     amd64
07-Jun-2023 17:48:42.816 INFOS [main] org.apache.catalina.startup.VersionLoggerListener.log Java Home :                        C:\Program Files\Java\jre1.8.0_202
07-Jun-2023 17:48:42.816 INFOS [main] org.apache.catalina.startup.VersionLoggerListener.log Version JVM :                      1.8.0_202-b08
07-Jun-2023 17:48:42.816 INFOS [main] org.apache.catalina.startup.VersionLoggerListener.log Fournisseur de la JVM :            Oracle Corporation
07-Jun-2023 17:48:42.816 INFOS [main] org.apache.catalina.startup.VersionLoggerListener.log CATALINA_BASE :                    C:\Program Files\Apache Software Foundation\Tomcat 9.0
07-Jun-2023 17:48:42.816 INFOS [main] org.apache.catalina.startup.VersionLoggerListener.log CATALINA_HOME :                    C:\Program Files\Apache Software Foundation\Tomcat 9.0
07-Jun-2023 17:48:42.832 INFOS [main] org.apache.catalina.startup.VersionLoggerListener.log Argument de la ligne de commande : -Dcatalina.home=C:\Program Files\Apache Software Foundation\Tomcat 9.0
07-Jun-2023 17:48:42.832 INFOS [main] org.apache.catalina.startup.VersionLoggerListener.log Argument de la ligne de commande : -Dcatalina.base=C:\Program Files\Apache Software Foundation\Tomcat 9.0
07-Jun-2023 17:48:42.832 INFOS [main] org.apache.catalina.startup.VersionLoggerListener.log Argument de la ligne de commande : -Djava.io.tmpdir=C:\Program Files\Apache Software Foundation\Tomcat 9.0\temp
07-Jun-2023 17:48:42.832 INFOS [main] org.apache.catalina.startup.VersionLoggerListener.log Argument de la ligne de commande : -Djava.util.logging.manager=org.apache.juli.ClassLoaderLogManager
07-Jun-2023 17:48:42.832 INFOS [main] org.apache.catalina.startup.VersionLoggerListener.log Argument de la ligne de commande : -Djava.util.logging.config.file=C:\Program Files\Apache Software Foundation\Tomcat 9.0\conf\logging.properties
07-Jun-2023 17:48:42.832 INFOS [main] org.apache.catalina.startup.VersionLoggerListener.log Argument de la ligne de commande : exit
07-Jun-2023 17:48:42.832 INFOS [main] org.apache.catalina.startup.VersionLoggerListener.log Argument de la ligne de commande : abort
07-Jun-2023 17:48:42.832 INFOS [main] org.apache.catalina.startup.VersionLoggerListener.log Argument de la ligne de commande : -Xms128m
07-Jun-2023 17:48:42.832 INFOS [main] org.apache.catalina.startup.VersionLoggerListener.log Argument de la ligne de commande : -Xmx256m
07-Jun-2023 17:48:42.863 INFOS [main] org.apache.catalina.core.AprLifecycleListener.lifecycleEvent La librairie Apache Tomcat Native basée sur APR qui permet des performances optimales dans les environnements de production n'a pas été trouvée sur le java.library.path : [C:\Program Files\Apache Software Foundation\Tomcat 9.0\bin;C:\Windows\Sun\Java\bin;C:\Windows\system32;C:\Windows;C:\Program Files\Java\jre1.8.0_202\bin;C:\Program Files\Java\jdk1.8.0_202\bin;C:\Program Files\Java\jre1.8.0_202\bin;C:\Program Files\Microsoft MPI\Bin\;C:\Program Files (x86)\Common Files\Oracle\Java\javapath;C:\app\ASUS\product\11.2.0\dbhome_1\bin;C:\Windows\system32;C:\Windows;C:\Windows\System32\Wbem;C:\Windows\System32\WindowsPowerShell\v1.0\;C:\Windows\System32\OpenSSH\;C:\ojdbc5.jar;C:\postgresql-42.1.4;C:\Program Files\dotnet\;C:\Program Files (x86)\Microsoft SQL Server\160\Tools\Binn\;C:\Program Files\Microsoft SQL Server\160\Tools\Binn\;C:\Program Files\Microsoft SQL Server\Client SDK\ODBC\170\Tools\Binn\;C:\Program Files\Microsoft SQL Server\160\DTS\Binn\;C:\Program Files (x86)\Microsoft SQL Server\160\DTS\Binn\;C:\Program Files\Azure Data Studio\bin;C:\Program Files\Apache Software Foundation\Tomcat 9.0\lib\servlet-api.jar;C:\Program Files\Microsoft SQL Server\130\Tools\Binn\;C:\Program Files\Git\cmd;C:\Users\ASUS\AppData\Local\Microsoft\WindowsApps;C:\Users\ASUS\.dotnet\tools;.]
07-Jun-2023 17:48:45.264 INFOS [main] org.apache.coyote.AbstractProtocol.init Initialisation du gestionnaire de protocole ["http-nio-8080"]
07-Jun-2023 17:48:45.327 INFOS [main] org.apache.catalina.startup.Catalina.load L'initialisation du serveur a pris [3438] millisecondes
07-Jun-2023 17:48:45.421 INFOS [main] org.apache.catalina.core.StandardService.startInternal Démarrage du service [Catalina]
07-Jun-2023 17:48:45.421 INFOS [main] org.apache.catalina.core.StandardEngine.startInternal Démarrage du moteur de Servlets : [Apache Tomcat/9.0.65]
07-Jun-2023 17:48:45.484 INFOS [main] org.apache.catalina.startup.HostConfig.deployWAR Déploiement de l'archive [C:\Program Files\Apache Software Foundation\Tomcat 9.0\webapps\testeFramework.war] de l'application web
07-Jun-2023 17:48:46.426 INFOS [main] org.apache.jasper.servlet.TldScanner.scanJars Au moins un fichier JAR a été analysé pour trouver des TLDs mais il n'en contenait pas, le mode "debug" du journal peut être activé pour obtenir une liste complète de JAR scannés sans succès ; éviter d'analyser des JARs inutilement peut améliorer sensiblement le temps de démarrage et le temps de compilation des JSPs
07-Jun-2023 17:48:46.945 AVERTISSEMENT [main] org.apache.catalina.util.SessionIdGeneratorBase.createSecureRandom La création de l'instance de SecureRandom pour le générateur d'id de session en utilisant [SHA1PRNG] a pris [454] millisecondes
07-Jun-2023 17:48:47.065 INFOS [main] org.apache.catalina.startup.HostConfig.deployWAR Le déploiement de l'archive de l'application web [C:\Program Files\Apache Software Foundation\Tomcat 9.0\webapps\testeFramework.war] s'est terminé en [1 581] ms
07-Jun-2023 17:48:47.069 INFOS [main] org.apache.catalina.startup.HostConfig.deployDirectory Déploiement du répertoire d'application web [C:\Program Files\Apache Software Foundation\Tomcat 9.0\webapps\docs]
07-Jun-2023 17:48:47.336 INFOS [main] org.apache.jasper.servlet.TldScanner.scanJars Au moins un fichier JAR a été analysé pour trouver des TLDs mais il n'en contenait pas, le mode "debug" du journal peut être activé pour obtenir une liste complète de JAR scannés sans succès ; éviter d'analyser des JARs inutilement peut améliorer sensiblement le temps de démarrage et le temps de compilation des JSPs
07-Jun-2023 17:48:47.339 INFOS [main] org.apache.catalina.startup.HostConfig.deployDirectory Le déploiement du répertoire [C:\Program Files\Apache Software Foundation\Tomcat 9.0\webapps\docs] de l'application web s'est terminé en [270] ms
07-Jun-2023 17:48:47.340 INFOS [main] org.apache.catalina.startup.HostConfig.deployDirectory Déploiement du répertoire d'application web [C:\Program Files\Apache Software Foundation\Tomcat 9.0\webapps\manager]
07-Jun-2023 17:48:47.629 INFOS [main] org.apache.jasper.servlet.TldScanner.scanJars Au moins un fichier JAR a été analysé pour trouver des TLDs mais il n'en contenait pas, le mode "debug" du journal peut être activé pour obtenir une liste complète de JAR scannés sans succès ; éviter d'analyser des JARs inutilement peut améliorer sensiblement le temps de démarrage et le temps de compilation des JSPs
07-Jun-2023 17:48:47.645 INFOS [main] org.apache.catalina.startup.HostConfig.deployDirectory Le déploiement du répertoire [C:\Program Files\Apache Software Foundation\Tomcat 9.0\webapps\manager] de l'application web s'est terminé en [305] ms
07-Jun-2023 17:48:47.645 INFOS [main] org.apache.catalina.startup.HostConfig.deployDirectory Déploiement du répertoire d'application web [C:\Program Files\Apache Software Foundation\Tomcat 9.0\webapps\ROOT]
07-Jun-2023 17:48:47.849 INFOS [main] org.apache.jasper.servlet.TldScanner.scanJars Au moins un fichier JAR a été analysé pour trouver des TLDs mais il n'en contenait pas, le mode "debug" du journal peut être activé pour obtenir une liste complète de JAR scannés sans succès ; éviter d'analyser des JARs inutilement peut améliorer sensiblement le temps de démarrage et le temps de compilation des JSPs
07-Jun-2023 17:48:47.849 INFOS [main] org.apache.catalina.startup.HostConfig.deployDirectory Le déploiement du répertoire [C:\Program Files\Apache Software Foundation\Tomcat 9.0\webapps\ROOT] de l'application web s'est terminé en [204] ms
07-Jun-2023 17:48:47.864 INFOS [main] org.apache.catalina.startup.HostConfig.deployDirectory Déploiement du répertoire d'application web [C:\Program Files\Apache Software Foundation\Tomcat 9.0\webapps\sprint4]
07-Jun-2023 17:48:48.053 INFOS [main] org.apache.jasper.servlet.TldScanner.scanJars Au moins un fichier JAR a été analysé pour trouver des TLDs mais il n'en contenait pas, le mode "debug" du journal peut être activé pour obtenir une liste complète de JAR scannés sans succès ; éviter d'analyser des JARs inutilement peut améliorer sensiblement le temps de démarrage et le temps de compilation des JSPs
07-Jun-2023 17:48:48.053 INFOS [main] org.apache.catalina.startup.HostConfig.deployDirectory Le déploiement du répertoire [C:\Program Files\Apache Software Foundation\Tomcat 9.0\webapps\sprint4] de l'application web s'est terminé en [189] ms
07-Jun-2023 17:48:48.053 INFOS [main] org.apache.catalina.startup.HostConfig.deployDirectory Déploiement du répertoire d'application web [C:\Program Files\Apache Software Foundation\Tomcat 9.0\webapps\sprint5]
07-Jun-2023 17:48:48.272 INFOS [main] org.apache.jasper.servlet.TldScanner.scanJars Au moins un fichier JAR a été analysé pour trouver des TLDs mais il n'en contenait pas, le mode "debug" du journal peut être activé pour obtenir une liste complète de JAR scannés sans succès ; éviter d'analyser des JARs inutilement peut améliorer sensiblement le temps de démarrage et le temps de compilation des JSPs
07-Jun-2023 17:48:48.272 INFOS [main] org.apache.catalina.startup.HostConfig.deployDirectory Le déploiement du répertoire [C:\Program Files\Apache Software Foundation\Tomcat 9.0\webapps\sprint5] de l'application web s'est terminé en [219] ms
07-Jun-2023 17:48:48.272 INFOS [main] org.apache.catalina.startup.HostConfig.deployDirectory Déploiement du répertoire d'application web [C:\Program Files\Apache Software Foundation\Tomcat 9.0\webapps\sprint6]
07-Jun-2023 17:48:48.503 INFOS [main] org.apache.jasper.servlet.TldScanner.scanJars Au moins un fichier JAR a été analysé pour trouver des TLDs mais il n'en contenait pas, le mode "debug" du journal peut être activé pour obtenir une liste complète de JAR scannés sans succès ; éviter d'analyser des JARs inutilement peut améliorer sensiblement le temps de démarrage et le temps de compilation des JSPs
07-Jun-2023 17:48:48.512 INFOS [main] org.apache.catalina.startup.HostConfig.deployDirectory Le déploiement du répertoire [C:\Program Files\Apache Software Foundation\Tomcat 9.0\webapps\sprint6] de l'application web s'est terminé en [240] ms
07-Jun-2023 17:48:48.513 INFOS [main] org.apache.catalina.startup.HostConfig.deployDirectory Déploiement du répertoire d'application web [C:\Program Files\Apache Software Foundation\Tomcat 9.0\webapps\sprint7]
07-Jun-2023 17:48:48.738 INFOS [main] org.apache.jasper.servlet.TldScanner.scanJars Au moins un fichier JAR a été analysé pour trouver des TLDs mais il n'en contenait pas, le mode "debug" du journal peut être activé pour obtenir une liste complète de JAR scannés sans succès ; éviter d'analyser des JARs inutilement peut améliorer sensiblement le temps de démarrage et le temps de compilation des JSPs
07-Jun-2023 17:48:48.738 INFOS [main] org.apache.catalina.startup.HostConfig.deployDirectory Le déploiement du répertoire [C:\Program Files\Apache Software Foundation\Tomcat 9.0\webapps\sprint7] de l'application web s'est terminé en [225] ms
07-Jun-2023 17:48:48.738 INFOS [main] org.apache.catalina.startup.HostConfig.deployDirectory Déploiement du répertoire d'application web [C:\Program Files\Apache Software Foundation\Tomcat 9.0\webapps\sprint8]
07-Jun-2023 17:48:48.911 INFOS [main] org.apache.jasper.servlet.TldScanner.scanJars Au moins un fichier JAR a été analysé pour trouver des TLDs mais il n'en contenait pas, le mode "debug" du journal peut être activé pour obtenir une liste complète de JAR scannés sans succès ; éviter d'analyser des JARs inutilement peut améliorer sensiblement le temps de démarrage et le temps de compilation des JSPs
07-Jun-2023 17:48:48.911 INFOS [main] org.apache.catalina.startup.HostConfig.deployDirectory Le déploiement du répertoire [C:\Program Files\Apache Software Foundation\Tomcat 9.0\webapps\sprint8] de l'application web s'est terminé en [173] ms
07-Jun-2023 17:48:48.911 INFOS [main] org.apache.catalina.startup.HostConfig.deployDirectory Déploiement du répertoire d'application web [C:\Program Files\Apache Software Foundation\Tomcat 9.0\webapps\sprint8bis]
07-Jun-2023 17:48:49.287 INFOS [main] org.apache.jasper.servlet.TldScanner.scanJars Au moins un fichier JAR a été analysé pour trouver des TLDs mais il n'en contenait pas, le mode "debug" du journal peut être activé pour obtenir une liste complète de JAR scannés sans succès ; éviter d'analyser des JARs inutilement peut améliorer sensiblement le temps de démarrage et le temps de compilation des JSPs
07-Jun-2023 17:48:49.287 INFOS [main] org.apache.catalina.startup.HostConfig.deployDirectory Le déploiement du répertoire [C:\Program Files\Apache Software Foundation\Tomcat 9.0\webapps\sprint8bis] de l'application web s'est terminé en [376] ms
07-Jun-2023 17:48:49.287 INFOS [main] org.apache.catalina.startup.HostConfig.deployDirectory Déploiement du répertoire d'application web [C:\Program Files\Apache Software Foundation\Tomcat 9.0\webapps\sprint9]
07-Jun-2023 17:48:49.726 INFOS [main] org.apache.jasper.servlet.TldScanner.scanJars Au moins un fichier JAR a été analysé pour trouver des TLDs mais il n'en contenait pas, le mode "debug" du journal peut être activé pour obtenir une liste complète de JAR scannés sans succès ; éviter d'analyser des JARs inutilement peut améliorer sensiblement le temps de démarrage et le temps de compilation des JSPs
07-Jun-2023 17:48:49.726 INFOS [main] org.apache.catalina.startup.HostConfig.deployDirectory Le déploiement du répertoire [C:\Program Files\Apache Software Foundation\Tomcat 9.0\webapps\sprint9] de l'application web s'est terminé en [439] ms
07-Jun-2023 17:48:49.742 INFOS [main] org.apache.coyote.AbstractProtocol.start Démarrage du gestionnaire de protocole ["http-nio-8080"]
07-Jun-2023 17:48:49.805 INFOS [main] org.apache.catalina.startup.Catalina.start Le démarrage du serveur a pris [4468] millisecondes
