10-May-2023 14:59:50.666 INFOS [main] org.apache.catalina.startup.VersionLoggerListener.log Nom version serveur :              Apache Tomcat/9.0.65
10-May-2023 14:59:50.666 INFOS [main] org.apache.catalina.startup.VersionLoggerListener.log Serveur compilé :                  Jul 14 2022 12:28:53 UTC
10-May-2023 14:59:50.666 INFOS [main] org.apache.catalina.startup.VersionLoggerListener.log Version du serveur :               9.0.65.0
10-May-2023 14:59:50.666 INFOS [main] org.apache.catalina.startup.VersionLoggerListener.log Nom de l'OS :                      Windows 10
10-May-2023 14:59:50.666 INFOS [main] org.apache.catalina.startup.VersionLoggerListener.log Version OS :                       10.0
10-May-2023 14:59:50.666 INFOS [main] org.apache.catalina.startup.VersionLoggerListener.log Architecture :                     amd64
10-May-2023 14:59:50.666 INFOS [main] org.apache.catalina.startup.VersionLoggerListener.log Java Home :                        C:\Program Files\Java\jre1.8.0_202
10-May-2023 14:59:50.666 INFOS [main] org.apache.catalina.startup.VersionLoggerListener.log Version JVM :                      1.8.0_202-b08
10-May-2023 14:59:50.666 INFOS [main] org.apache.catalina.startup.VersionLoggerListener.log Fournisseur de la JVM :            Oracle Corporation
10-May-2023 14:59:50.666 INFOS [main] org.apache.catalina.startup.VersionLoggerListener.log CATALINA_BASE :                    C:\Program Files\Apache Software Foundation\Tomcat 9.0
10-May-2023 14:59:50.666 INFOS [main] org.apache.catalina.startup.VersionLoggerListener.log CATALINA_HOME :                    C:\Program Files\Apache Software Foundation\Tomcat 9.0
10-May-2023 14:59:50.682 INFOS [main] org.apache.catalina.startup.VersionLoggerListener.log Argument de la ligne de commande : -Dcatalina.home=C:\Program Files\Apache Software Foundation\Tomcat 9.0
10-May-2023 14:59:50.713 INFOS [main] org.apache.catalina.startup.VersionLoggerListener.log Argument de la ligne de commande : -Dcatalina.base=C:\Program Files\Apache Software Foundation\Tomcat 9.0
10-May-2023 14:59:50.713 INFOS [main] org.apache.catalina.startup.VersionLoggerListener.log Argument de la ligne de commande : -Djava.io.tmpdir=C:\Program Files\Apache Software Foundation\Tomcat 9.0\temp
10-May-2023 14:59:50.713 INFOS [main] org.apache.catalina.startup.VersionLoggerListener.log Argument de la ligne de commande : -Djava.util.logging.manager=org.apache.juli.ClassLoaderLogManager
10-May-2023 14:59:50.729 INFOS [main] org.apache.catalina.startup.VersionLoggerListener.log Argument de la ligne de commande : -Djava.util.logging.config.file=C:\Program Files\Apache Software Foundation\Tomcat 9.0\conf\logging.properties
10-May-2023 14:59:50.729 INFOS [main] org.apache.catalina.startup.VersionLoggerListener.log Argument de la ligne de commande : exit
10-May-2023 14:59:50.729 INFOS [main] org.apache.catalina.startup.VersionLoggerListener.log Argument de la ligne de commande : abort
10-May-2023 14:59:50.729 INFOS [main] org.apache.catalina.startup.VersionLoggerListener.log Argument de la ligne de commande : -Xms128m
10-May-2023 14:59:50.729 INFOS [main] org.apache.catalina.startup.VersionLoggerListener.log Argument de la ligne de commande : -Xmx256m
10-May-2023 14:59:50.744 INFOS [main] org.apache.catalina.core.AprLifecycleListener.lifecycleEvent La librairie Apache Tomcat Native basée sur APR qui permet des performances optimales dans les environnements de production n'a pas été trouvée sur le java.library.path : [C:\Program Files\Apache Software Foundation\Tomcat 9.0\bin;C:\Windows\Sun\Java\bin;C:\Windows\system32;C:\Windows;C:\Program Files\Java\jre1.8.0_202\bin;C:\Program Files\Java\jdk1.8.0_202\bin;C:\Program Files\Java\jre1.8.0_202\bin;C:\Program Files\Microsoft MPI\Bin\;C:\Program Files (x86)\Common Files\Oracle\Java\javapath;C:\app\ASUS\product\11.2.0\dbhome_1\bin;C:\Windows\system32;C:\Windows;C:\Windows\System32\Wbem;C:\Windows\System32\WindowsPowerShell\v1.0\;C:\Windows\System32\OpenSSH\;C:\ojdbc5.jar;C:\postgresql-42.1.4;C:\Program Files\dotnet\;C:\Program Files (x86)\Microsoft SQL Server\160\Tools\Binn\;C:\Program Files\Microsoft SQL Server\160\Tools\Binn\;C:\Program Files\Microsoft SQL Server\Client SDK\ODBC\170\Tools\Binn\;C:\Program Files\Microsoft SQL Server\160\DTS\Binn\;C:\Program Files (x86)\Microsoft SQL Server\160\DTS\Binn\;C:\Program Files\Azure Data Studio\bin;C:\Program Files\Apache Software Foundation\Tomcat 9.0\lib\servlet-api.jar;C:\Windows\system32\config\systemprofile\AppData\Local\Microsoft\WindowsApps;.]
10-May-2023 14:59:52.187 INFOS [main] org.apache.coyote.AbstractProtocol.init Initialisation du gestionnaire de protocole ["http-nio-8080"]
10-May-2023 14:59:52.250 INFOS [main] org.apache.catalina.startup.Catalina.load L'initialisation du serveur a pris [2360] millisecondes
10-May-2023 14:59:52.313 INFOS [main] org.apache.catalina.core.StandardService.startInternal Démarrage du service [Catalina]
10-May-2023 14:59:52.313 INFOS [main] org.apache.catalina.core.StandardEngine.startInternal Démarrage du moteur de Servlets : [Apache Tomcat/9.0.65]
10-May-2023 14:59:52.360 INFOS [main] org.apache.catalina.startup.HostConfig.deployWAR Déploiement de l'archive [C:\Program Files\Apache Software Foundation\Tomcat 9.0\webapps\testeFramework.war] de l'application web
10-May-2023 14:59:53.348 INFOS [main] org.apache.jasper.servlet.TldScanner.scanJars Au moins un fichier JAR a été analysé pour trouver des TLDs mais il n'en contenait pas, le mode "debug" du journal peut être activé pour obtenir une liste complète de JAR scannés sans succès ; éviter d'analyser des JARs inutilement peut améliorer sensiblement le temps de démarrage et le temps de compilation des JSPs
10-May-2023 14:59:53.598 AVERTISSEMENT [main] org.apache.catalina.util.SessionIdGeneratorBase.createSecureRandom La création de l'instance de SecureRandom pour le générateur d'id de session en utilisant [SHA1PRNG] a pris [187] millisecondes
10-May-2023 14:59:53.630 INFOS [main] org.apache.catalina.startup.HostConfig.deployWAR Le déploiement de l'archive de l'application web [C:\Program Files\Apache Software Foundation\Tomcat 9.0\webapps\testeFramework.war] s'est terminé en [1 270] ms
10-May-2023 14:59:53.630 INFOS [main] org.apache.catalina.startup.HostConfig.deployDirectory Déploiement du répertoire d'application web [C:\Program Files\Apache Software Foundation\Tomcat 9.0\webapps\docs]
10-May-2023 14:59:53.805 INFOS [main] org.apache.jasper.servlet.TldScanner.scanJars Au moins un fichier JAR a été analysé pour trouver des TLDs mais il n'en contenait pas, le mode "debug" du journal peut être activé pour obtenir une liste complète de JAR scannés sans succès ; éviter d'analyser des JARs inutilement peut améliorer sensiblement le temps de démarrage et le temps de compilation des JSPs
10-May-2023 14:59:53.805 INFOS [main] org.apache.catalina.startup.HostConfig.deployDirectory Le déploiement du répertoire [C:\Program Files\Apache Software Foundation\Tomcat 9.0\webapps\docs] de l'application web s'est terminé en [175] ms
10-May-2023 14:59:53.818 INFOS [main] org.apache.catalina.startup.HostConfig.deployDirectory Déploiement du répertoire d'application web [C:\Program Files\Apache Software Foundation\Tomcat 9.0\webapps\manager]
10-May-2023 14:59:54.022 INFOS [main] org.apache.jasper.servlet.TldScanner.scanJars Au moins un fichier JAR a été analysé pour trouver des TLDs mais il n'en contenait pas, le mode "debug" du journal peut être activé pour obtenir une liste complète de JAR scannés sans succès ; éviter d'analyser des JARs inutilement peut améliorer sensiblement le temps de démarrage et le temps de compilation des JSPs
10-May-2023 14:59:54.038 INFOS [main] org.apache.catalina.startup.HostConfig.deployDirectory Le déploiement du répertoire [C:\Program Files\Apache Software Foundation\Tomcat 9.0\webapps\manager] de l'application web s'est terminé en [220] ms
10-May-2023 14:59:54.038 INFOS [main] org.apache.catalina.startup.HostConfig.deployDirectory Déploiement du répertoire d'application web [C:\Program Files\Apache Software Foundation\Tomcat 9.0\webapps\ROOT]
10-May-2023 14:59:54.179 INFOS [main] org.apache.jasper.servlet.TldScanner.scanJars Au moins un fichier JAR a été analysé pour trouver des TLDs mais il n'en contenait pas, le mode "debug" du journal peut être activé pour obtenir une liste complète de JAR scannés sans succès ; éviter d'analyser des JARs inutilement peut améliorer sensiblement le temps de démarrage et le temps de compilation des JSPs
10-May-2023 14:59:54.179 INFOS [main] org.apache.catalina.startup.HostConfig.deployDirectory Le déploiement du répertoire [C:\Program Files\Apache Software Foundation\Tomcat 9.0\webapps\ROOT] de l'application web s'est terminé en [141] ms
10-May-2023 14:59:54.179 INFOS [main] org.apache.catalina.startup.HostConfig.deployDirectory Déploiement du répertoire d'application web [C:\Program Files\Apache Software Foundation\Tomcat 9.0\webapps\sprint4]
10-May-2023 14:59:54.306 INFOS [main] org.apache.jasper.servlet.TldScanner.scanJars Au moins un fichier JAR a été analysé pour trouver des TLDs mais il n'en contenait pas, le mode "debug" du journal peut être activé pour obtenir une liste complète de JAR scannés sans succès ; éviter d'analyser des JARs inutilement peut améliorer sensiblement le temps de démarrage et le temps de compilation des JSPs
10-May-2023 14:59:54.306 INFOS [main] org.apache.catalina.startup.HostConfig.deployDirectory Le déploiement du répertoire [C:\Program Files\Apache Software Foundation\Tomcat 9.0\webapps\sprint4] de l'application web s'est terminé en [127] ms
10-May-2023 14:59:54.306 INFOS [main] org.apache.catalina.startup.HostConfig.deployDirectory Déploiement du répertoire d'application web [C:\Program Files\Apache Software Foundation\Tomcat 9.0\webapps\sprint5]
10-May-2023 14:59:54.461 INFOS [main] org.apache.jasper.servlet.TldScanner.scanJars Au moins un fichier JAR a été analysé pour trouver des TLDs mais il n'en contenait pas, le mode "debug" du journal peut être activé pour obtenir une liste complète de JAR scannés sans succès ; éviter d'analyser des JARs inutilement peut améliorer sensiblement le temps de démarrage et le temps de compilation des JSPs
10-May-2023 14:59:54.477 INFOS [main] org.apache.catalina.startup.HostConfig.deployDirectory Le déploiement du répertoire [C:\Program Files\Apache Software Foundation\Tomcat 9.0\webapps\sprint5] de l'application web s'est terminé en [171] ms
10-May-2023 14:59:54.477 INFOS [main] org.apache.catalina.startup.HostConfig.deployDirectory Déploiement du répertoire d'application web [C:\Program Files\Apache Software Foundation\Tomcat 9.0\webapps\sprint6]
10-May-2023 14:59:54.606 INFOS [main] org.apache.jasper.servlet.TldScanner.scanJars Au moins un fichier JAR a été analysé pour trouver des TLDs mais il n'en contenait pas, le mode "debug" du journal peut être activé pour obtenir une liste complète de JAR scannés sans succès ; éviter d'analyser des JARs inutilement peut améliorer sensiblement le temps de démarrage et le temps de compilation des JSPs
10-May-2023 14:59:54.606 INFOS [main] org.apache.catalina.startup.HostConfig.deployDirectory Le déploiement du répertoire [C:\Program Files\Apache Software Foundation\Tomcat 9.0\webapps\sprint6] de l'application web s'est terminé en [129] ms
10-May-2023 14:59:54.606 INFOS [main] org.apache.catalina.startup.HostConfig.deployDirectory Déploiement du répertoire d'application web [C:\Program Files\Apache Software Foundation\Tomcat 9.0\webapps\sprint7]
10-May-2023 14:59:54.775 INFOS [main] org.apache.jasper.servlet.TldScanner.scanJars Au moins un fichier JAR a été analysé pour trouver des TLDs mais il n'en contenait pas, le mode "debug" du journal peut être activé pour obtenir une liste complète de JAR scannés sans succès ; éviter d'analyser des JARs inutilement peut améliorer sensiblement le temps de démarrage et le temps de compilation des JSPs
10-May-2023 14:59:54.775 INFOS [main] org.apache.catalina.startup.HostConfig.deployDirectory Le déploiement du répertoire [C:\Program Files\Apache Software Foundation\Tomcat 9.0\webapps\sprint7] de l'application web s'est terminé en [169] ms
10-May-2023 14:59:54.775 INFOS [main] org.apache.catalina.startup.HostConfig.deployDirectory Déploiement du répertoire d'application web [C:\Program Files\Apache Software Foundation\Tomcat 9.0\webapps\sprint8]
10-May-2023 14:59:54.916 INFOS [main] org.apache.jasper.servlet.TldScanner.scanJars Au moins un fichier JAR a été analysé pour trouver des TLDs mais il n'en contenait pas, le mode "debug" du journal peut être activé pour obtenir une liste complète de JAR scannés sans succès ; éviter d'analyser des JARs inutilement peut améliorer sensiblement le temps de démarrage et le temps de compilation des JSPs
10-May-2023 14:59:54.916 INFOS [main] org.apache.catalina.startup.HostConfig.deployDirectory Le déploiement du répertoire [C:\Program Files\Apache Software Foundation\Tomcat 9.0\webapps\sprint8] de l'application web s'est terminé en [141] ms
10-May-2023 14:59:54.932 INFOS [main] org.apache.coyote.AbstractProtocol.start Démarrage du gestionnaire de protocole ["http-nio-8080"]
10-May-2023 14:59:54.963 INFOS [main] org.apache.catalina.startup.Catalina.start Le démarrage du serveur a pris [2718] millisecondes
