[2023-05-30 06:14:37] [info]  [ 4932] Apache Commons Daemon procrun (1.3.1.0 64-bit) started.
[2023-05-30 06:14:37] [info]  [ 4932] Running Service 'Tomcat9'...
[2023-05-30 06:14:37] [info]  [ 6452] Starting service...
[2023-05-30 06:14:39] [info]  [ 6452] Service started in 1918 milliseconds.
[2023-05-30 06:42:58] [info]  [13432] Console SHUTDOWN event signaled.
[2023-05-30 06:42:58] [info]  [13432] Stopping service...
[2023-05-30 06:42:59] [info]  [13432] Service stop thread completed.
[2023-05-30 06:42:59] [info]  [ 4932] Run service finished.
[2023-05-30 06:42:59] [info]  [ 4932] Apache Commons Daemon procrun finished.
[2023-05-30 06:44:34] [info]  [ 5096] Apache Commons Daemon procrun (1.3.1.0 64-bit) started.
[2023-05-30 06:44:34] [info]  [ 5096] Running Service 'Tomcat9'...
[2023-05-30 06:44:35] [info]  [ 6884] Starting service...
[2023-05-30 06:44:38] [info]  [ 6884] Service started in 3039 milliseconds.
[2023-05-30 14:22:22] [info]  [ 6848] Console SHUTDOWN event signaled.
[2023-05-30 14:22:22] [info]  [ 6848] Stopping service...
[2023-05-30 14:22:23] [info]  [ 6848] Service stop thread completed.
[2023-05-30 14:22:23] [info]  [ 5096] Run service finished.
[2023-05-30 14:22:23] [info]  [ 5096] Apache Commons Daemon procrun finished.
[2023-05-30 14:22:53] [info]  [ 4916] Apache Commons Daemon procrun (1.3.1.0 64-bit) started.
[2023-05-30 14:22:53] [info]  [ 4916] Running Service 'Tomcat9'...
[2023-05-30 14:22:53] [info]  [ 6552] Starting service...
[2023-05-30 14:22:55] [info]  [ 6552] Service started in 2193 milliseconds.
[2023-05-31 15:42:23] [info]  [32916] Console SHUTDOWN event signaled.
[2023-05-31 15:42:23] [info]  [32916] Stopping service...
[2023-05-31 15:42:24] [info]  [32916] Service stop thread completed.
[2023-05-31 15:42:24] [info]  [ 4916] Run service finished.
[2023-05-31 15:42:24] [info]  [ 4916] Apache Commons Daemon procrun finished.
