[2023-06-19 08:36:30] [info]  [ 5520] Apache Commons Daemon procrun (1.3.1.0 64-bit) started.
[2023-06-19 08:36:30] [info]  [ 5520] Running Service 'Tomcat9'...
[2023-06-19 08:36:31] [info]  [ 6760] Starting service...
[2023-06-19 08:36:33] [info]  [ 6760] Service started in 2188 milliseconds.
[2023-06-19 08:37:02] [info]  [ 5288] Apache Commons Daemon procrun (1.3.1.0 64-bit) started.
[2023-06-19 08:37:03] [info]  [ 5288] Running Service 'Tomcat9'...
[2023-06-19 08:37:03] [info]  [ 6736] Starting service...
[2023-06-19 08:37:05] [info]  [ 6736] Service started in 2181 milliseconds.
[2023-06-19 08:55:18] [info]  [16136] Console SHUTDOWN event signaled.
[2023-06-19 08:55:18] [info]  [16136] Stopping service...
[2023-06-19 08:55:19] [info]  [16136] Service stop thread completed.
[2023-06-19 08:55:19] [info]  [ 5288] Run service finished.
[2023-06-19 08:55:19] [info]  [ 5288] Apache Commons Daemon procrun finished.
[2023-06-19 09:04:55] [info]  [ 4956] Apache Commons Daemon procrun (1.3.1.0 64-bit) started.
[2023-06-19 09:04:55] [info]  [ 4956] Running Service 'Tomcat9'...
[2023-06-19 09:04:55] [info]  [ 6608] Starting service...
[2023-06-19 09:04:59] [info]  [ 6608] Service started in 3474 milliseconds.
[2023-06-19 09:26:08] [info]  [ 6456] Console SHUTDOWN event signaled.
[2023-06-19 09:26:08] [info]  [ 6456] Stopping service...
[2023-06-19 09:26:09] [info]  [ 6456] Service stop thread completed.
[2023-06-19 09:26:09] [info]  [ 4956] Run service finished.
[2023-06-19 09:26:09] [info]  [ 4956] Apache Commons Daemon procrun finished.
[2023-06-19 12:12:29] [info]  [ 5752] Apache Commons Daemon procrun (1.3.1.0 64-bit) started.
[2023-06-19 12:12:30] [info]  [ 5752] Running Service 'Tomcat9'...
[2023-06-19 12:12:30] [info]  [ 6936] Starting service...
[2023-06-19 12:12:33] [info]  [ 6936] Service started in 3179 milliseconds.
[2023-06-20 04:21:37] [info]  [20324] Console SHUTDOWN event signaled.
[2023-06-20 04:21:37] [info]  [20324] Stopping service...
[2023-06-20 04:21:38] [info]  [20324] Service stop thread completed.
[2023-06-20 04:21:38] [info]  [ 5752] Run service finished.
[2023-06-20 04:21:38] [info]  [ 5752] Apache Commons Daemon procrun finished.
