[2023-04-25 19:20:09] [info]  [ 3264] Apache Commons Daemon procrun (1.3.1.0 64-bit) started.
[2023-04-25 19:20:09] [info]  [ 3264] Running Service 'Tomcat9'...
[2023-04-25 19:20:09] [info]  [ 1944] Starting service...
[2023-04-25 19:20:10] [info]  [ 1944] Service started in 1509 milliseconds.
[2023-04-25 19:25:21] [info]  [ 8136] Console SHUTDOWN event signaled.
[2023-04-25 19:25:21] [info]  [ 8136] Stopping service...
[2023-04-25 19:25:22] [info]  [ 8136] Service stop thread completed.
[2023-04-25 19:25:22] [info]  [ 3264] Run service finished.
[2023-04-25 19:25:22] [info]  [ 3264] Apache Commons Daemon procrun finished.
[2023-04-25 19:25:51] [info]  [ 5340] Apache Commons Daemon procrun (1.3.1.0 64-bit) started.
[2023-04-25 19:25:52] [info]  [ 5340] Running Service 'Tomcat9'...
[2023-04-25 19:25:53] [info]  [ 7872] Starting service...
[2023-04-25 19:25:54] [info]  [ 7872] Service started in 1713 milliseconds.
[2023-04-25 21:57:14] [info]  [ 7044] Console SHUTDOWN event signaled.
[2023-04-25 21:57:14] [info]  [ 7044] Stopping service...
[2023-04-25 21:57:15] [info]  [ 7044] Service stop thread completed.
[2023-04-25 21:57:15] [info]  [ 5340] Run service finished.
[2023-04-25 21:57:15] [info]  [ 5340] Apache Commons Daemon procrun finished.
[2023-04-25 21:57:44] [info]  [ 5092] Apache Commons Daemon procrun (1.3.1.0 64-bit) started.
[2023-04-25 21:57:44] [info]  [ 5092] Running Service 'Tomcat9'...
[2023-04-25 21:57:44] [info]  [ 6752] Starting service...
[2023-04-25 21:57:47] [info]  [ 6752] Service started in 2444 milliseconds.
[2023-04-26 21:37:44] [info]  [12676] Console SHUTDOWN event signaled.
[2023-04-26 21:37:44] [info]  [12676] Stopping service...
[2023-04-26 21:37:45] [info]  [12676] Service stop thread completed.
[2023-04-26 21:37:45] [info]  [ 5092] Run service finished.
[2023-04-26 21:37:45] [info]  [ 5092] Apache Commons Daemon procrun finished.
