[2023-06-27 07:53:39] [info]  [ 5416] Apache Commons Daemon procrun (1.3.1.0 64-bit) started.
[2023-06-27 07:53:40] [info]  [ 5416] Running Service 'Tomcat9'...
[2023-06-27 07:53:41] [info]  [ 7472] Starting service...
[2023-06-27 07:53:44] [info]  [ 7472] Service started in 2706 milliseconds.
[2023-06-27 08:00:15] [info]  [14016] Console SHUTDOWN event signaled.
[2023-06-27 08:00:15] [info]  [14016] Stopping service...
[2023-06-27 08:00:16] [info]  [14016] Service stop thread completed.
[2023-06-27 08:00:16] [info]  [ 5416] Run service finished.
[2023-06-27 08:00:16] [info]  [ 5416] Apache Commons Daemon procrun finished.
[2023-06-27 10:08:56] [info]  [ 5076] Apache Commons Daemon procrun (1.3.1.0 64-bit) started.
[2023-06-27 10:08:56] [info]  [ 5076] Running Service 'Tomcat9'...
[2023-06-27 10:08:56] [info]  [ 7052] Starting service...
[2023-06-27 10:09:27] [info]  [ 7052] Service started in 30824 milliseconds.
[2023-06-27 11:07:50] [info]  [ 4228] Console SHUTDOWN event signaled.
[2023-06-27 11:07:50] [info]  [ 4228] Stopping service...
[2023-06-27 11:07:51] [info]  [ 4228] Service stop thread completed.
[2023-06-27 11:07:51] [info]  [ 5076] Run service finished.
[2023-06-27 11:07:51] [info]  [ 5076] Apache Commons Daemon procrun finished.
[2023-06-27 11:08:26] [info]  [ 5880] Apache Commons Daemon procrun (1.3.1.0 64-bit) started.
[2023-06-27 11:08:27] [info]  [ 5880] Running Service 'Tomcat9'...
[2023-06-27 11:08:27] [info]  [ 7808] Starting service...
[2023-06-27 11:08:30] [info]  [ 7808] Service started in 2407 milliseconds.
[2023-06-27 11:14:37] [info]  [ 5908] Console SHUTDOWN event signaled.
[2023-06-27 11:14:37] [info]  [ 5908] Stopping service...
[2023-06-27 11:14:38] [info]  [ 5908] Service stop thread completed.
[2023-06-27 11:14:38] [info]  [ 5880] Run service finished.
[2023-06-27 11:14:38] [info]  [ 5880] Apache Commons Daemon procrun finished.
[2023-06-27 11:15:08] [info]  [ 5772] Apache Commons Daemon procrun (1.3.1.0 64-bit) started.
[2023-06-27 11:15:09] [info]  [ 5772] Running Service 'Tomcat9'...
[2023-06-27 11:15:09] [info]  [ 6100] Starting service...
[2023-06-27 11:15:12] [info]  [ 6100] Service started in 3005 milliseconds.
[2023-06-27 12:20:23] [info]  [15244] Console SHUTDOWN event signaled.
[2023-06-27 12:20:23] [info]  [15244] Stopping service...
[2023-06-27 12:20:24] [info]  [15244] Service stop thread completed.
[2023-06-27 12:20:24] [info]  [ 5772] Run service finished.
[2023-06-27 12:20:24] [info]  [ 5772] Apache Commons Daemon procrun finished.
[2023-06-27 12:20:53] [info]  [ 5700] Apache Commons Daemon procrun (1.3.1.0 64-bit) started.
[2023-06-27 12:20:53] [info]  [ 5700] Running Service 'Tomcat9'...
[2023-06-27 12:20:53] [info]  [ 7012] Starting service...
[2023-06-27 12:20:56] [info]  [ 7012] Service started in 2497 milliseconds.
[2023-06-27 12:36:34] [info]  [ 6704] Console SHUTDOWN event signaled.
[2023-06-27 12:36:34] [info]  [ 6704] Stopping service...
[2023-06-27 12:36:35] [info]  [ 6704] Service stop thread completed.
[2023-06-27 12:36:35] [info]  [ 5700] Run service finished.
[2023-06-27 12:36:35] [info]  [ 5700] Apache Commons Daemon procrun finished.
[2023-06-27 12:37:04] [info]  [ 4976] Apache Commons Daemon procrun (1.3.1.0 64-bit) started.
[2023-06-27 12:37:04] [info]  [ 4976] Running Service 'Tomcat9'...
[2023-06-27 12:37:04] [info]  [ 6656] Starting service...
[2023-06-27 12:37:06] [info]  [ 6656] Service started in 2159 milliseconds.
[2023-06-28 10:46:55] [info]  [20028] Console SHUTDOWN event signaled.
[2023-06-28 10:46:55] [info]  [20028] Stopping service...
[2023-06-28 10:46:56] [info]  [20028] Service stop thread completed.
[2023-06-28 10:46:56] [info]  [ 4976] Run service finished.
[2023-06-28 10:46:56] [info]  [ 4976] Apache Commons Daemon procrun finished.
