[2023-05-23 09:48:14] [info]  [ 4748] Apache Commons Daemon procrun (1.3.1.0 64-bit) started.
[2023-05-23 09:48:14] [info]  [ 4748] Running Service 'Tomcat9'...
[2023-05-23 09:48:14] [info]  [ 6748] Starting service...
[2023-05-23 09:48:16] [info]  [ 6748] Service started in 1916 milliseconds.
[2023-05-23 13:47:31] [info]  [38060] Console SHUTDOWN event signaled.
[2023-05-23 13:47:31] [info]  [38060] Stopping service...
[2023-05-23 13:47:32] [info]  [38060] Service stop thread completed.
[2023-05-23 13:47:32] [info]  [ 4748] Run service finished.
[2023-05-23 13:47:32] [info]  [ 4748] Apache Commons Daemon procrun finished.
[2023-05-23 13:48:00] [info]  [ 4760] Apache Commons Daemon procrun (1.3.1.0 64-bit) started.
[2023-05-23 13:48:00] [info]  [ 4760] Running Service 'Tomcat9'...
[2023-05-23 13:48:00] [info]  [ 6732] Starting service...
[2023-05-23 13:48:02] [info]  [ 6732] Service started in 2098 milliseconds.
[2023-05-23 18:42:31] [info]  [ 9004] Console SHUTDOWN event signaled.
[2023-05-23 18:42:31] [info]  [ 9004] Stopping service...
[2023-05-23 18:42:32] [info]  [ 9004] Service stop thread completed.
[2023-05-23 18:42:32] [info]  [ 4760] Run service finished.
[2023-05-23 18:42:32] [info]  [ 4760] Apache Commons Daemon procrun finished.
[2023-05-23 18:43:04] [info]  [ 5616] Apache Commons Daemon procrun (1.3.1.0 64-bit) started.
[2023-05-23 18:43:05] [info]  [ 5616] Running Service 'Tomcat9'...
[2023-05-23 18:43:05] [info]  [ 7440] Starting service...
[2023-05-23 18:43:08] [info]  [ 7440] Service started in 3052 milliseconds.
[2023-05-26 10:05:00] [info]  [47720] Console SHUTDOWN event signaled.
[2023-05-26 10:05:00] [info]  [47720] Stopping service...
[2023-05-26 10:05:01] [info]  [47720] Service stop thread completed.
[2023-05-26 10:05:01] [info]  [ 5616] Run service finished.
[2023-05-26 10:05:01] [info]  [ 5616] Apache Commons Daemon procrun finished.
