[2023-06-02 09:07:58] [info]  [ 5660] Apache Commons Daemon procrun (1.3.1.0 64-bit) started.
[2023-06-02 09:07:58] [info]  [ 5660] Running Service 'Tomcat9'...
[2023-06-02 09:07:59] [info]  [ 7208] Starting service...
[2023-06-02 09:08:02] [info]  [ 7208] Service started in 3536 milliseconds.
[2023-06-02 09:21:23] [info]  [ 4872] Console SHUTDOWN event signaled.
[2023-06-02 09:21:23] [info]  [ 4872] Stopping service...
[2023-06-02 09:21:24] [info]  [ 4872] Service stop thread completed.
[2023-06-02 09:21:24] [info]  [ 5660] Run service finished.
[2023-06-02 09:21:24] [info]  [ 5660] Apache Commons Daemon procrun finished.
[2023-06-02 09:21:56] [info]  [ 5544] Apache Commons Daemon procrun (1.3.1.0 64-bit) started.
[2023-06-02 09:21:57] [info]  [ 5544] Running Service 'Tomcat9'...
[2023-06-02 09:21:57] [info]  [ 7384] Starting service...
[2023-06-02 09:22:00] [info]  [ 7384] Service started in 2927 milliseconds.
[2023-06-02 12:40:04] [info]  [ 5356] Console SHUTDOWN event signaled.
[2023-06-02 12:40:04] [info]  [ 5356] Stopping service...
[2023-06-02 12:40:05] [info]  [ 5356] Service stop thread completed.
[2023-06-02 12:40:05] [info]  [ 5544] Run service finished.
[2023-06-02 12:40:05] [info]  [ 5544] Apache Commons Daemon procrun finished.
[2023-06-02 12:40:36] [info]  [ 4504] Apache Commons Daemon procrun (1.3.1.0 64-bit) started.
[2023-06-02 12:40:36] [info]  [ 4504] Running Service 'Tomcat9'...
[2023-06-02 12:40:36] [info]  [ 6624] Starting service...
[2023-06-02 12:40:38] [info]  [ 6624] Service started in 2050 milliseconds.
[2023-06-04 16:48:28] [info]  [13360] Console SHUTDOWN event signaled.
[2023-06-04 16:48:28] [info]  [13360] Stopping service...
[2023-06-04 16:48:29] [info]  [13360] Service stop thread completed.
[2023-06-04 16:48:29] [info]  [ 4504] Run service finished.
[2023-06-04 16:48:29] [info]  [ 4504] Apache Commons Daemon procrun finished.
