[2023-05-16 05:22:43] [info]  [ 5080] Apache Commons Daemon procrun (1.3.1.0 64-bit) started.
[2023-05-16 05:22:43] [info]  [ 5080] Running Service 'Tomcat9'...
[2023-05-16 05:22:43] [info]  [ 6404] Starting service...
[2023-05-16 05:22:45] [info]  [ 6404] Service started in 1907 milliseconds.
[2023-05-16 08:03:08] [info]  [11800] Console SHUTDOWN event signaled.
[2023-05-16 08:03:08] [info]  [11800] Stopping service...
[2023-05-16 08:03:09] [info]  [11800] Service stop thread completed.
[2023-05-16 08:03:09] [info]  [ 5080] Run service finished.
[2023-05-16 08:03:09] [info]  [ 5080] Apache Commons Daemon procrun finished.
[2023-05-16 08:03:40] [info]  [ 3876] Apache Commons Daemon procrun (1.3.1.0 64-bit) started.
[2023-05-16 08:03:40] [info]  [ 3876] Running Service 'Tomcat9'...
[2023-05-16 08:03:40] [info]  [ 6548] Starting service...
[2023-05-16 08:03:42] [info]  [ 6548] Service started in 2080 milliseconds.
[2023-05-16 10:15:06] [info]  [ 3876] Service SERVICE_CONTROL_INTERROGATE signalled.
[2023-05-16 10:15:16] [info]  [ 3876] Service SERVICE_CONTROL_INTERROGATE signalled.
[2023-05-16 10:15:27] [info]  [ 3876] Service SERVICE_CONTROL_INTERROGATE signalled.
[2023-05-16 10:17:00] [info]  [ 3876] Service SERVICE_CONTROL_INTERROGATE signalled.
[2023-05-16 10:17:10] [info]  [ 3876] Service SERVICE_CONTROL_INTERROGATE signalled.
[2023-05-16 10:17:20] [info]  [ 3876] Service SERVICE_CONTROL_INTERROGATE signalled.
[2023-05-16 10:17:31] [info]  [ 3876] Service SERVICE_CONTROL_INTERROGATE signalled.
[2023-05-16 10:17:41] [info]  [ 3876] Service SERVICE_CONTROL_INTERROGATE signalled.
[2023-05-16 10:17:51] [info]  [ 3876] Service SERVICE_CONTROL_INTERROGATE signalled.
[2023-05-16 10:18:02] [info]  [ 3876] Service SERVICE_CONTROL_INTERROGATE signalled.
[2023-05-16 10:18:12] [info]  [ 3876] Service SERVICE_CONTROL_INTERROGATE signalled.
[2023-05-16 10:18:22] [info]  [ 3876] Service SERVICE_CONTROL_INTERROGATE signalled.
[2023-05-16 10:18:33] [info]  [ 3876] Service SERVICE_CONTROL_INTERROGATE signalled.
[2023-05-16 10:18:43] [info]  [ 3876] Service SERVICE_CONTROL_INTERROGATE signalled.
[2023-05-16 10:18:53] [info]  [ 3876] Service SERVICE_CONTROL_INTERROGATE signalled.
[2023-05-16 10:19:04] [info]  [ 3876] Service SERVICE_CONTROL_INTERROGATE signalled.
[2023-05-16 10:19:14] [info]  [ 3876] Service SERVICE_CONTROL_INTERROGATE signalled.
[2023-05-16 10:19:24] [info]  [ 3876] Service SERVICE_CONTROL_INTERROGATE signalled.
[2023-05-16 10:19:35] [info]  [ 3876] Service SERVICE_CONTROL_INTERROGATE signalled.
[2023-05-16 10:19:45] [info]  [ 3876] Service SERVICE_CONTROL_INTERROGATE signalled.
[2023-05-16 10:19:55] [info]  [ 3876] Service SERVICE_CONTROL_INTERROGATE signalled.
[2023-05-16 10:20:06] [info]  [ 3876] Service SERVICE_CONTROL_INTERROGATE signalled.
[2023-05-16 10:20:16] [info]  [ 3876] Service SERVICE_CONTROL_INTERROGATE signalled.
[2023-05-16 10:20:27] [info]  [ 3876] Service SERVICE_CONTROL_INTERROGATE signalled.
[2023-05-16 10:20:37] [info]  [ 3876] Service SERVICE_CONTROL_INTERROGATE signalled.
[2023-05-16 10:20:47] [info]  [ 3876] Service SERVICE_CONTROL_INTERROGATE signalled.
[2023-05-16 10:20:58] [info]  [ 3876] Service SERVICE_CONTROL_INTERROGATE signalled.
[2023-05-16 10:21:08] [info]  [ 3876] Service SERVICE_CONTROL_INTERROGATE signalled.
[2023-05-16 10:21:18] [info]  [ 3876] Service SERVICE_CONTROL_INTERROGATE signalled.
[2023-05-16 10:21:29] [info]  [ 3876] Service SERVICE_CONTROL_INTERROGATE signalled.
[2023-05-16 10:21:39] [info]  [ 3876] Service SERVICE_CONTROL_INTERROGATE signalled.
[2023-05-16 10:21:49] [info]  [ 3876] Service SERVICE_CONTROL_INTERROGATE signalled.
[2023-05-16 10:21:59] [info]  [ 3876] Service SERVICE_CONTROL_INTERROGATE signalled.
[2023-05-16 10:22:10] [info]  [ 3876] Service SERVICE_CONTROL_INTERROGATE signalled.
[2023-05-16 10:22:20] [info]  [ 3876] Service SERVICE_CONTROL_INTERROGATE signalled.
[2023-05-16 10:22:30] [info]  [ 3876] Service SERVICE_CONTROL_INTERROGATE signalled.
[2023-05-16 10:29:46] [info]  [ 3876] Service SERVICE_CONTROL_INTERROGATE signalled.
[2023-05-16 10:29:56] [info]  [ 3876] Service SERVICE_CONTROL_INTERROGATE signalled.
[2023-05-16 10:30:06] [info]  [ 3876] Service SERVICE_CONTROL_INTERROGATE signalled.
[2023-05-16 10:30:17] [info]  [ 3876] Service SERVICE_CONTROL_INTERROGATE signalled.
[2023-05-16 10:30:27] [info]  [ 3876] Service SERVICE_CONTROL_INTERROGATE signalled.
[2023-05-16 10:30:37] [info]  [ 3876] Service SERVICE_CONTROL_INTERROGATE signalled.
[2023-05-16 10:30:48] [info]  [ 3876] Service SERVICE_CONTROL_INTERROGATE signalled.
[2023-05-16 10:30:58] [info]  [ 3876] Service SERVICE_CONTROL_INTERROGATE signalled.
[2023-05-16 10:31:08] [info]  [ 3876] Service SERVICE_CONTROL_INTERROGATE signalled.
[2023-05-16 10:31:19] [info]  [ 3876] Service SERVICE_CONTROL_INTERROGATE signalled.
[2023-05-16 10:31:29] [info]  [ 3876] Service SERVICE_CONTROL_INTERROGATE signalled.
[2023-05-16 10:31:39] [info]  [ 3876] Service SERVICE_CONTROL_INTERROGATE signalled.
[2023-05-16 10:31:50] [info]  [ 3876] Service SERVICE_CONTROL_INTERROGATE signalled.
[2023-05-16 10:32:00] [info]  [ 3876] Service SERVICE_CONTROL_INTERROGATE signalled.
[2023-05-16 10:32:10] [info]  [ 3876] Service SERVICE_CONTROL_INTERROGATE signalled.
[2023-05-16 10:32:21] [info]  [ 3876] Service SERVICE_CONTROL_INTERROGATE signalled.
[2023-05-16 10:32:31] [info]  [ 3876] Service SERVICE_CONTROL_INTERROGATE signalled.
[2023-05-16 10:32:41] [info]  [ 3876] Service SERVICE_CONTROL_INTERROGATE signalled.
[2023-05-16 10:32:52] [info]  [ 3876] Service SERVICE_CONTROL_INTERROGATE signalled.
[2023-05-16 10:33:02] [info]  [ 3876] Service SERVICE_CONTROL_INTERROGATE signalled.
[2023-05-16 10:33:12] [info]  [ 3876] Service SERVICE_CONTROL_INTERROGATE signalled.
[2023-05-16 10:33:22] [info]  [ 3876] Service SERVICE_CONTROL_INTERROGATE signalled.
[2023-05-16 10:33:33] [info]  [ 3876] Service SERVICE_CONTROL_INTERROGATE signalled.
[2023-05-16 10:33:43] [info]  [ 3876] Service SERVICE_CONTROL_INTERROGATE signalled.
[2023-05-16 10:33:53] [info]  [ 3876] Service SERVICE_CONTROL_INTERROGATE signalled.
[2023-05-16 10:34:03] [info]  [ 3876] Service SERVICE_CONTROL_INTERROGATE signalled.
[2023-05-16 10:34:14] [info]  [ 3876] Service SERVICE_CONTROL_INTERROGATE signalled.
[2023-05-16 10:34:24] [info]  [ 3876] Service SERVICE_CONTROL_INTERROGATE signalled.
[2023-05-16 10:34:34] [info]  [ 3876] Service SERVICE_CONTROL_INTERROGATE signalled.
[2023-05-16 10:34:44] [info]  [ 3876] Service SERVICE_CONTROL_INTERROGATE signalled.
[2023-05-16 10:34:55] [info]  [ 3876] Service SERVICE_CONTROL_INTERROGATE signalled.
[2023-05-16 10:35:05] [info]  [ 3876] Service SERVICE_CONTROL_INTERROGATE signalled.
[2023-05-16 10:35:15] [info]  [ 3876] Service SERVICE_CONTROL_INTERROGATE signalled.
[2023-05-16 10:35:25] [info]  [ 3876] Service SERVICE_CONTROL_INTERROGATE signalled.
[2023-05-16 10:35:35] [info]  [ 3876] Service SERVICE_CONTROL_INTERROGATE signalled.
[2023-05-16 10:35:46] [info]  [ 3876] Service SERVICE_CONTROL_INTERROGATE signalled.
[2023-05-16 10:35:56] [info]  [ 3876] Service SERVICE_CONTROL_INTERROGATE signalled.
[2023-05-16 10:36:06] [info]  [ 3876] Service SERVICE_CONTROL_INTERROGATE signalled.
[2023-05-16 10:36:16] [info]  [ 3876] Service SERVICE_CONTROL_INTERROGATE signalled.
[2023-05-16 10:36:26] [info]  [ 3876] Service SERVICE_CONTROL_INTERROGATE signalled.
[2023-05-16 10:36:37] [info]  [ 3876] Service SERVICE_CONTROL_INTERROGATE signalled.
[2023-05-16 10:36:47] [info]  [ 3876] Service SERVICE_CONTROL_INTERROGATE signalled.
[2023-05-16 10:36:57] [info]  [ 3876] Service SERVICE_CONTROL_INTERROGATE signalled.
[2023-05-16 10:37:07] [info]  [ 3876] Service SERVICE_CONTROL_INTERROGATE signalled.
[2023-05-16 10:37:18] [info]  [ 3876] Service SERVICE_CONTROL_INTERROGATE signalled.
[2023-05-16 10:37:28] [info]  [ 3876] Service SERVICE_CONTROL_INTERROGATE signalled.
[2023-05-16 10:37:38] [info]  [ 3876] Service SERVICE_CONTROL_INTERROGATE signalled.
[2023-05-16 10:37:48] [info]  [ 3876] Service SERVICE_CONTROL_INTERROGATE signalled.
[2023-05-16 10:37:59] [info]  [ 3876] Service SERVICE_CONTROL_INTERROGATE signalled.
[2023-05-16 10:38:09] [info]  [ 3876] Service SERVICE_CONTROL_INTERROGATE signalled.
[2023-05-16 10:38:19] [info]  [ 3876] Service SERVICE_CONTROL_INTERROGATE signalled.
[2023-05-16 10:38:29] [info]  [ 3876] Service SERVICE_CONTROL_INTERROGATE signalled.
[2023-05-16 10:38:39] [info]  [ 3876] Service SERVICE_CONTROL_INTERROGATE signalled.
[2023-05-16 10:38:50] [info]  [ 3876] Service SERVICE_CONTROL_INTERROGATE signalled.
[2023-05-16 10:39:00] [info]  [ 3876] Service SERVICE_CONTROL_INTERROGATE signalled.
[2023-05-16 10:39:10] [info]  [ 3876] Service SERVICE_CONTROL_INTERROGATE signalled.
[2023-05-16 10:39:21] [info]  [ 3876] Service SERVICE_CONTROL_INTERROGATE signalled.
[2023-05-16 10:39:31] [info]  [ 3876] Service SERVICE_CONTROL_INTERROGATE signalled.
[2023-05-16 10:39:41] [info]  [ 3876] Service SERVICE_CONTROL_INTERROGATE signalled.
[2023-05-16 10:39:51] [info]  [ 3876] Service SERVICE_CONTROL_INTERROGATE signalled.
[2023-05-16 10:40:02] [info]  [ 3876] Service SERVICE_CONTROL_INTERROGATE signalled.
[2023-05-16 10:40:12] [info]  [ 3876] Service SERVICE_CONTROL_INTERROGATE signalled.
[2023-05-16 10:40:22] [info]  [ 3876] Service SERVICE_CONTROL_INTERROGATE signalled.
[2023-05-16 10:40:32] [info]  [ 3876] Service SERVICE_CONTROL_INTERROGATE signalled.
[2023-05-16 10:40:43] [info]  [ 3876] Service SERVICE_CONTROL_INTERROGATE signalled.
[2023-05-16 10:40:53] [info]  [ 3876] Service SERVICE_CONTROL_INTERROGATE signalled.
[2023-05-16 10:41:03] [info]  [ 3876] Service SERVICE_CONTROL_INTERROGATE signalled.
[2023-05-16 10:41:13] [info]  [ 3876] Service SERVICE_CONTROL_INTERROGATE signalled.
[2023-05-16 10:41:24] [info]  [ 3876] Service SERVICE_CONTROL_INTERROGATE signalled.
[2023-05-16 10:41:34] [info]  [ 3876] Service SERVICE_CONTROL_INTERROGATE signalled.
[2023-05-16 10:41:44] [info]  [ 3876] Service SERVICE_CONTROL_INTERROGATE signalled.
[2023-05-16 10:41:54] [info]  [ 3876] Service SERVICE_CONTROL_INTERROGATE signalled.
[2023-05-16 10:42:05] [info]  [ 3876] Service SERVICE_CONTROL_INTERROGATE signalled.
[2023-05-16 10:42:15] [info]  [ 3876] Service SERVICE_CONTROL_INTERROGATE signalled.
[2023-05-16 10:42:25] [info]  [ 3876] Service SERVICE_CONTROL_INTERROGATE signalled.
[2023-05-16 10:42:35] [info]  [ 3876] Service SERVICE_CONTROL_INTERROGATE signalled.
[2023-05-16 10:42:46] [info]  [ 3876] Service SERVICE_CONTROL_INTERROGATE signalled.
[2023-05-16 10:42:56] [info]  [ 3876] Service SERVICE_CONTROL_INTERROGATE signalled.
[2023-05-16 10:43:06] [info]  [ 3876] Service SERVICE_CONTROL_INTERROGATE signalled.
[2023-05-16 10:43:16] [info]  [ 3876] Service SERVICE_CONTROL_INTERROGATE signalled.
[2023-05-16 10:43:26] [info]  [ 3876] Service SERVICE_CONTROL_INTERROGATE signalled.
[2023-05-16 10:43:37] [info]  [ 3876] Service SERVICE_CONTROL_INTERROGATE signalled.
[2023-05-16 10:43:47] [info]  [ 3876] Service SERVICE_CONTROL_INTERROGATE signalled.
[2023-05-16 10:43:57] [info]  [ 3876] Service SERVICE_CONTROL_INTERROGATE signalled.
[2023-05-16 10:44:07] [info]  [ 3876] Service SERVICE_CONTROL_INTERROGATE signalled.
[2023-05-16 10:44:18] [info]  [ 3876] Service SERVICE_CONTROL_INTERROGATE signalled.
[2023-05-16 10:44:28] [info]  [ 3876] Service SERVICE_CONTROL_INTERROGATE signalled.
[2023-05-16 10:44:38] [info]  [ 3876] Service SERVICE_CONTROL_INTERROGATE signalled.
[2023-05-16 10:44:48] [info]  [ 3876] Service SERVICE_CONTROL_INTERROGATE signalled.
[2023-05-16 10:44:59] [info]  [ 3876] Service SERVICE_CONTROL_INTERROGATE signalled.
[2023-05-16 10:45:09] [info]  [ 3876] Service SERVICE_CONTROL_INTERROGATE signalled.
[2023-05-16 10:45:19] [info]  [ 3876] Service SERVICE_CONTROL_INTERROGATE signalled.
[2023-05-16 10:45:29] [info]  [ 3876] Service SERVICE_CONTROL_INTERROGATE signalled.
[2023-05-16 10:45:39] [info]  [ 3876] Service SERVICE_CONTROL_INTERROGATE signalled.
[2023-05-16 10:45:50] [info]  [ 3876] Service SERVICE_CONTROL_INTERROGATE signalled.
[2023-05-16 10:46:00] [info]  [ 3876] Service SERVICE_CONTROL_INTERROGATE signalled.
[2023-05-16 10:46:10] [info]  [ 3876] Service SERVICE_CONTROL_INTERROGATE signalled.
[2023-05-16 10:46:20] [info]  [ 3876] Service SERVICE_CONTROL_INTERROGATE signalled.
[2023-05-16 10:46:31] [info]  [ 3876] Service SERVICE_CONTROL_INTERROGATE signalled.
[2023-05-16 10:46:41] [info]  [ 3876] Service SERVICE_CONTROL_INTERROGATE signalled.
[2023-05-16 10:46:51] [info]  [ 3876] Service SERVICE_CONTROL_INTERROGATE signalled.
[2023-05-16 10:47:01] [info]  [ 3876] Service SERVICE_CONTROL_INTERROGATE signalled.
[2023-05-16 10:47:12] [info]  [ 3876] Service SERVICE_CONTROL_INTERROGATE signalled.
[2023-05-16 10:47:22] [info]  [ 3876] Service SERVICE_CONTROL_INTERROGATE signalled.
[2023-05-16 10:47:32] [info]  [ 3876] Service SERVICE_CONTROL_INTERROGATE signalled.
[2023-05-16 10:47:42] [info]  [ 3876] Service SERVICE_CONTROL_INTERROGATE signalled.
[2023-05-16 10:47:53] [info]  [ 3876] Service SERVICE_CONTROL_INTERROGATE signalled.
[2023-05-16 10:48:03] [info]  [ 3876] Service SERVICE_CONTROL_INTERROGATE signalled.
[2023-05-16 10:48:13] [info]  [ 3876] Service SERVICE_CONTROL_INTERROGATE signalled.
[2023-05-16 10:48:23] [info]  [ 3876] Service SERVICE_CONTROL_INTERROGATE signalled.
[2023-05-16 10:48:33] [info]  [ 3876] Service SERVICE_CONTROL_INTERROGATE signalled.
[2023-05-16 10:48:44] [info]  [ 3876] Service SERVICE_CONTROL_INTERROGATE signalled.
[2023-05-16 10:48:54] [info]  [ 3876] Service SERVICE_CONTROL_INTERROGATE signalled.
[2023-05-16 10:49:04] [info]  [ 3876] Service SERVICE_CONTROL_INTERROGATE signalled.
[2023-05-16 10:49:14] [info]  [ 3876] Service SERVICE_CONTROL_INTERROGATE signalled.
[2023-05-16 10:49:25] [info]  [ 3876] Service SERVICE_CONTROL_INTERROGATE signalled.
[2023-05-16 10:49:35] [info]  [ 3876] Service SERVICE_CONTROL_INTERROGATE signalled.
[2023-05-16 10:49:45] [info]  [ 3876] Service SERVICE_CONTROL_INTERROGATE signalled.
[2023-05-16 10:49:55] [info]  [ 3876] Service SERVICE_CONTROL_INTERROGATE signalled.
[2023-05-16 10:50:06] [info]  [ 3876] Service SERVICE_CONTROL_INTERROGATE signalled.
[2023-05-16 10:50:16] [info]  [ 3876] Service SERVICE_CONTROL_INTERROGATE signalled.
[2023-05-16 10:50:26] [info]  [ 3876] Service SERVICE_CONTROL_INTERROGATE signalled.
[2023-05-16 10:50:36] [info]  [ 3876] Service SERVICE_CONTROL_INTERROGATE signalled.
[2023-05-16 10:50:47] [info]  [ 3876] Service SERVICE_CONTROL_INTERROGATE signalled.
[2023-05-16 10:50:57] [info]  [ 3876] Service SERVICE_CONTROL_INTERROGATE signalled.
[2023-05-16 10:51:07] [info]  [ 3876] Service SERVICE_CONTROL_INTERROGATE signalled.
[2023-05-16 10:51:17] [info]  [ 3876] Service SERVICE_CONTROL_INTERROGATE signalled.
[2023-05-16 10:51:27] [info]  [ 3876] Service SERVICE_CONTROL_INTERROGATE signalled.
[2023-05-16 10:51:38] [info]  [ 3876] Service SERVICE_CONTROL_INTERROGATE signalled.
[2023-05-16 10:51:48] [info]  [ 3876] Service SERVICE_CONTROL_INTERROGATE signalled.
[2023-05-16 10:51:58] [info]  [ 3876] Service SERVICE_CONTROL_INTERROGATE signalled.
[2023-05-16 10:52:08] [info]  [ 3876] Service SERVICE_CONTROL_INTERROGATE signalled.
[2023-05-16 10:52:19] [info]  [ 3876] Service SERVICE_CONTROL_INTERROGATE signalled.
[2023-05-16 10:52:29] [info]  [ 3876] Service SERVICE_CONTROL_INTERROGATE signalled.
[2023-05-16 10:52:39] [info]  [ 3876] Service SERVICE_CONTROL_INTERROGATE signalled.
[2023-05-16 10:52:49] [info]  [ 3876] Service SERVICE_CONTROL_INTERROGATE signalled.
[2023-05-16 10:52:59] [info]  [ 3876] Service SERVICE_CONTROL_INTERROGATE signalled.
[2023-05-16 10:53:10] [info]  [ 3876] Service SERVICE_CONTROL_INTERROGATE signalled.
[2023-05-16 10:53:20] [info]  [ 3876] Service SERVICE_CONTROL_INTERROGATE signalled.
[2023-05-16 10:53:30] [info]  [ 3876] Service SERVICE_CONTROL_INTERROGATE signalled.
[2023-05-16 10:53:40] [info]  [ 3876] Service SERVICE_CONTROL_INTERROGATE signalled.
[2023-05-16 10:53:51] [info]  [ 3876] Service SERVICE_CONTROL_INTERROGATE signalled.
[2023-05-16 10:54:01] [info]  [ 3876] Service SERVICE_CONTROL_INTERROGATE signalled.
[2023-05-16 10:54:11] [info]  [ 3876] Service SERVICE_CONTROL_INTERROGATE signalled.
[2023-05-16 10:54:21] [info]  [ 3876] Service SERVICE_CONTROL_INTERROGATE signalled.
[2023-05-16 10:54:31] [info]  [ 3876] Service SERVICE_CONTROL_INTERROGATE signalled.
[2023-05-16 10:54:42] [info]  [ 3876] Service SERVICE_CONTROL_INTERROGATE signalled.
[2023-05-16 10:54:52] [info]  [ 3876] Service SERVICE_CONTROL_INTERROGATE signalled.
[2023-05-16 10:55:02] [info]  [ 3876] Service SERVICE_CONTROL_INTERROGATE signalled.
[2023-05-16 10:55:12] [info]  [ 3876] Service SERVICE_CONTROL_INTERROGATE signalled.
[2023-05-16 10:55:23] [info]  [ 3876] Service SERVICE_CONTROL_INTERROGATE signalled.
[2023-05-16 10:55:33] [info]  [ 3876] Service SERVICE_CONTROL_INTERROGATE signalled.
[2023-05-16 10:55:43] [info]  [ 3876] Service SERVICE_CONTROL_INTERROGATE signalled.
[2023-05-16 10:55:53] [info]  [ 3876] Service SERVICE_CONTROL_INTERROGATE signalled.
[2023-05-16 10:56:03] [info]  [ 3876] Service SERVICE_CONTROL_INTERROGATE signalled.
[2023-05-16 10:56:14] [info]  [ 3876] Service SERVICE_CONTROL_INTERROGATE signalled.
[2023-05-16 10:56:24] [info]  [ 3876] Service SERVICE_CONTROL_INTERROGATE signalled.
[2023-05-16 10:56:34] [info]  [ 3876] Service SERVICE_CONTROL_INTERROGATE signalled.
[2023-05-16 10:56:44] [info]  [ 3876] Service SERVICE_CONTROL_INTERROGATE signalled.
[2023-05-16 10:56:55] [info]  [ 3876] Service SERVICE_CONTROL_INTERROGATE signalled.
[2023-05-16 10:57:05] [info]  [ 3876] Service SERVICE_CONTROL_INTERROGATE signalled.
[2023-05-16 10:57:15] [info]  [ 3876] Service SERVICE_CONTROL_INTERROGATE signalled.
[2023-05-16 10:57:25] [info]  [ 3876] Service SERVICE_CONTROL_INTERROGATE signalled.
[2023-05-16 10:57:36] [info]  [ 3876] Service SERVICE_CONTROL_INTERROGATE signalled.
[2023-05-16 10:57:46] [info]  [ 3876] Service SERVICE_CONTROL_INTERROGATE signalled.
[2023-05-16 10:57:56] [info]  [ 3876] Service SERVICE_CONTROL_INTERROGATE signalled.
[2023-05-16 10:58:06] [info]  [ 3876] Service SERVICE_CONTROL_INTERROGATE signalled.
[2023-05-16 10:58:16] [info]  [ 3876] Service SERVICE_CONTROL_INTERROGATE signalled.
[2023-05-16 10:58:27] [info]  [ 3876] Service SERVICE_CONTROL_INTERROGATE signalled.
[2023-05-16 10:58:37] [info]  [ 3876] Service SERVICE_CONTROL_INTERROGATE signalled.
[2023-05-16 10:58:47] [info]  [ 3876] Service SERVICE_CONTROL_INTERROGATE signalled.
[2023-05-16 10:58:57] [info]  [ 3876] Service SERVICE_CONTROL_INTERROGATE signalled.
[2023-05-16 10:59:08] [info]  [ 3876] Service SERVICE_CONTROL_INTERROGATE signalled.
[2023-05-16 10:59:18] [info]  [ 3876] Service SERVICE_CONTROL_INTERROGATE signalled.
[2023-05-16 10:59:28] [info]  [ 3876] Service SERVICE_CONTROL_INTERROGATE signalled.
[2023-05-16 10:59:38] [info]  [ 3876] Service SERVICE_CONTROL_INTERROGATE signalled.
[2023-05-16 10:59:48] [info]  [ 3876] Service SERVICE_CONTROL_INTERROGATE signalled.
[2023-05-16 10:59:59] [info]  [ 3876] Service SERVICE_CONTROL_INTERROGATE signalled.
[2023-05-16 11:00:09] [info]  [ 3876] Service SERVICE_CONTROL_INTERROGATE signalled.
[2023-05-16 11:00:19] [info]  [ 3876] Service SERVICE_CONTROL_INTERROGATE signalled.
[2023-05-16 11:00:29] [info]  [ 3876] Service SERVICE_CONTROL_INTERROGATE signalled.
[2023-05-16 11:00:40] [info]  [ 3876] Service SERVICE_CONTROL_INTERROGATE signalled.
[2023-05-16 11:00:50] [info]  [ 3876] Service SERVICE_CONTROL_INTERROGATE signalled.
[2023-05-16 11:01:00] [info]  [ 3876] Service SERVICE_CONTROL_INTERROGATE signalled.
[2023-05-16 11:01:10] [info]  [ 3876] Service SERVICE_CONTROL_INTERROGATE signalled.
[2023-05-16 11:01:20] [info]  [ 3876] Service SERVICE_CONTROL_INTERROGATE signalled.
[2023-05-16 11:01:31] [info]  [ 3876] Service SERVICE_CONTROL_INTERROGATE signalled.
[2023-05-16 11:01:41] [info]  [ 3876] Service SERVICE_CONTROL_INTERROGATE signalled.
[2023-05-16 11:01:51] [info]  [ 3876] Service SERVICE_CONTROL_INTERROGATE signalled.
[2023-05-16 11:02:01] [info]  [ 3876] Service SERVICE_CONTROL_INTERROGATE signalled.
[2023-05-16 11:02:12] [info]  [ 3876] Service SERVICE_CONTROL_INTERROGATE signalled.
[2023-05-16 11:02:22] [info]  [ 3876] Service SERVICE_CONTROL_INTERROGATE signalled.
[2023-05-16 11:02:32] [info]  [ 3876] Service SERVICE_CONTROL_INTERROGATE signalled.
[2023-05-16 11:02:42] [info]  [ 3876] Service SERVICE_CONTROL_INTERROGATE signalled.
[2023-05-16 11:02:53] [info]  [ 3876] Service SERVICE_CONTROL_INTERROGATE signalled.
[2023-05-16 11:03:03] [info]  [ 3876] Service SERVICE_CONTROL_INTERROGATE signalled.
[2023-05-16 11:03:13] [info]  [ 3876] Service SERVICE_CONTROL_INTERROGATE signalled.
[2023-05-16 11:03:23] [info]  [ 3876] Service SERVICE_CONTROL_INTERROGATE signalled.
[2023-05-16 11:03:33] [info]  [ 3876] Service SERVICE_CONTROL_INTERROGATE signalled.
[2023-05-16 11:03:44] [info]  [ 3876] Service SERVICE_CONTROL_INTERROGATE signalled.
[2023-05-16 11:03:54] [info]  [ 3876] Service SERVICE_CONTROL_INTERROGATE signalled.
[2023-05-16 11:04:04] [info]  [ 3876] Service SERVICE_CONTROL_INTERROGATE signalled.
[2023-05-16 11:04:14] [info]  [ 3876] Service SERVICE_CONTROL_INTERROGATE signalled.
[2023-05-16 11:04:25] [info]  [ 3876] Service SERVICE_CONTROL_INTERROGATE signalled.
[2023-05-16 11:04:35] [info]  [ 3876] Service SERVICE_CONTROL_INTERROGATE signalled.
[2023-05-16 11:04:45] [info]  [ 3876] Service SERVICE_CONTROL_INTERROGATE signalled.
[2023-05-16 11:04:55] [info]  [ 3876] Service SERVICE_CONTROL_INTERROGATE signalled.
[2023-05-16 11:05:06] [info]  [ 3876] Service SERVICE_CONTROL_INTERROGATE signalled.
[2023-05-16 11:05:16] [info]  [ 3876] Service SERVICE_CONTROL_INTERROGATE signalled.
[2023-05-16 11:05:26] [info]  [ 3876] Service SERVICE_CONTROL_INTERROGATE signalled.
[2023-05-16 11:05:36] [info]  [ 3876] Service SERVICE_CONTROL_INTERROGATE signalled.
[2023-05-16 11:05:47] [info]  [ 3876] Service SERVICE_CONTROL_INTERROGATE signalled.
[2023-05-16 11:05:57] [info]  [ 3876] Service SERVICE_CONTROL_INTERROGATE signalled.
[2023-05-16 11:06:07] [info]  [ 3876] Service SERVICE_CONTROL_INTERROGATE signalled.
[2023-05-16 11:06:17] [info]  [ 3876] Service SERVICE_CONTROL_INTERROGATE signalled.
[2023-05-16 11:06:28] [info]  [ 3876] Service SERVICE_CONTROL_INTERROGATE signalled.
[2023-05-16 11:06:38] [info]  [ 3876] Service SERVICE_CONTROL_INTERROGATE signalled.
[2023-05-16 11:06:48] [info]  [ 3876] Service SERVICE_CONTROL_INTERROGATE signalled.
[2023-05-16 11:06:58] [info]  [ 3876] Service SERVICE_CONTROL_INTERROGATE signalled.
[2023-05-16 11:07:09] [info]  [ 3876] Service SERVICE_CONTROL_INTERROGATE signalled.
[2023-05-16 11:07:19] [info]  [ 3876] Service SERVICE_CONTROL_INTERROGATE signalled.
[2023-05-16 11:07:29] [info]  [ 3876] Service SERVICE_CONTROL_INTERROGATE signalled.
[2023-05-16 11:07:39] [info]  [ 3876] Service SERVICE_CONTROL_INTERROGATE signalled.
[2023-05-16 11:07:49] [info]  [ 3876] Service SERVICE_CONTROL_INTERROGATE signalled.
[2023-05-16 11:08:00] [info]  [ 3876] Service SERVICE_CONTROL_INTERROGATE signalled.
[2023-05-16 11:08:10] [info]  [ 3876] Service SERVICE_CONTROL_INTERROGATE signalled.
[2023-05-16 11:08:20] [info]  [ 3876] Service SERVICE_CONTROL_INTERROGATE signalled.
[2023-05-16 11:08:30] [info]  [ 3876] Service SERVICE_CONTROL_INTERROGATE signalled.
[2023-05-16 11:08:41] [info]  [ 3876] Service SERVICE_CONTROL_INTERROGATE signalled.
[2023-05-16 11:08:51] [info]  [ 3876] Service SERVICE_CONTROL_INTERROGATE signalled.
[2023-05-16 11:09:01] [info]  [ 3876] Service SERVICE_CONTROL_INTERROGATE signalled.
[2023-05-16 11:09:11] [info]  [ 3876] Service SERVICE_CONTROL_INTERROGATE signalled.
[2023-05-16 11:09:22] [info]  [ 3876] Service SERVICE_CONTROL_INTERROGATE signalled.
[2023-05-16 11:09:32] [info]  [ 3876] Service SERVICE_CONTROL_INTERROGATE signalled.
[2023-05-16 11:09:42] [info]  [ 3876] Service SERVICE_CONTROL_INTERROGATE signalled.
[2023-05-16 11:09:52] [info]  [ 3876] Service SERVICE_CONTROL_INTERROGATE signalled.
[2023-05-16 11:10:02] [info]  [ 3876] Service SERVICE_CONTROL_INTERROGATE signalled.
[2023-05-16 11:10:13] [info]  [ 3876] Service SERVICE_CONTROL_INTERROGATE signalled.
[2023-05-16 11:10:23] [info]  [ 3876] Service SERVICE_CONTROL_INTERROGATE signalled.
[2023-05-16 11:10:33] [info]  [ 3876] Service SERVICE_CONTROL_INTERROGATE signalled.
[2023-05-16 11:10:43] [info]  [ 3876] Service SERVICE_CONTROL_INTERROGATE signalled.
[2023-05-16 11:10:54] [info]  [ 3876] Service SERVICE_CONTROL_INTERROGATE signalled.
[2023-05-16 11:11:04] [info]  [ 3876] Service SERVICE_CONTROL_INTERROGATE signalled.
[2023-05-16 11:11:14] [info]  [ 3876] Service SERVICE_CONTROL_INTERROGATE signalled.
[2023-05-16 11:11:24] [info]  [ 3876] Service SERVICE_CONTROL_INTERROGATE signalled.
[2023-05-16 11:11:35] [info]  [ 3876] Service SERVICE_CONTROL_INTERROGATE signalled.
[2023-05-16 11:11:45] [info]  [ 3876] Service SERVICE_CONTROL_INTERROGATE signalled.
[2023-05-16 11:11:55] [info]  [ 3876] Service SERVICE_CONTROL_INTERROGATE signalled.
[2023-05-16 11:12:05] [info]  [ 3876] Service SERVICE_CONTROL_INTERROGATE signalled.
[2023-05-16 11:12:16] [info]  [ 3876] Service SERVICE_CONTROL_INTERROGATE signalled.
[2023-05-16 11:12:26] [info]  [ 3876] Service SERVICE_CONTROL_INTERROGATE signalled.
[2023-05-16 11:12:36] [info]  [ 3876] Service SERVICE_CONTROL_INTERROGATE signalled.
[2023-05-16 11:12:46] [info]  [ 3876] Service SERVICE_CONTROL_INTERROGATE signalled.
[2023-05-16 11:12:57] [info]  [ 3876] Service SERVICE_CONTROL_INTERROGATE signalled.
[2023-05-16 11:13:07] [info]  [ 3876] Service SERVICE_CONTROL_INTERROGATE signalled.
[2023-05-16 11:13:17] [info]  [ 3876] Service SERVICE_CONTROL_INTERROGATE signalled.
[2023-05-16 11:13:27] [info]  [ 3876] Service SERVICE_CONTROL_INTERROGATE signalled.
[2023-05-16 11:13:38] [info]  [ 3876] Service SERVICE_CONTROL_INTERROGATE signalled.
[2023-05-16 11:13:48] [info]  [ 3876] Service SERVICE_CONTROL_INTERROGATE signalled.
[2023-05-16 11:13:58] [info]  [ 3876] Service SERVICE_CONTROL_INTERROGATE signalled.
[2023-05-16 11:14:08] [info]  [ 3876] Service SERVICE_CONTROL_INTERROGATE signalled.
[2023-05-16 11:14:19] [info]  [ 3876] Service SERVICE_CONTROL_INTERROGATE signalled.
[2023-05-16 11:14:29] [info]  [ 3876] Service SERVICE_CONTROL_INTERROGATE signalled.
[2023-05-16 11:14:39] [info]  [ 3876] Service SERVICE_CONTROL_INTERROGATE signalled.
[2023-05-16 11:14:49] [info]  [ 3876] Service SERVICE_CONTROL_INTERROGATE signalled.
[2023-05-16 11:14:59] [info]  [ 3876] Service SERVICE_CONTROL_INTERROGATE signalled.
[2023-05-16 11:15:10] [info]  [ 3876] Service SERVICE_CONTROL_INTERROGATE signalled.
[2023-05-16 11:15:20] [info]  [ 3876] Service SERVICE_CONTROL_INTERROGATE signalled.
[2023-05-16 11:15:30] [info]  [ 3876] Service SERVICE_CONTROL_INTERROGATE signalled.
[2023-05-16 11:15:40] [info]  [ 3876] Service SERVICE_CONTROL_INTERROGATE signalled.
[2023-05-16 11:15:51] [info]  [ 3876] Service SERVICE_CONTROL_INTERROGATE signalled.
[2023-05-16 11:16:01] [info]  [ 3876] Service SERVICE_CONTROL_INTERROGATE signalled.
[2023-05-16 11:16:11] [info]  [ 3876] Service SERVICE_CONTROL_INTERROGATE signalled.
[2023-05-16 11:16:21] [info]  [ 3876] Service SERVICE_CONTROL_INTERROGATE signalled.
[2023-05-16 11:16:32] [info]  [ 3876] Service SERVICE_CONTROL_INTERROGATE signalled.
[2023-05-16 11:16:42] [info]  [ 3876] Service SERVICE_CONTROL_INTERROGATE signalled.
[2023-05-16 11:16:52] [info]  [ 3876] Service SERVICE_CONTROL_INTERROGATE signalled.
[2023-05-16 11:17:02] [info]  [ 3876] Service SERVICE_CONTROL_INTERROGATE signalled.
[2023-05-16 11:17:13] [info]  [ 3876] Service SERVICE_CONTROL_INTERROGATE signalled.
[2023-05-16 11:17:23] [info]  [ 3876] Service SERVICE_CONTROL_INTERROGATE signalled.
[2023-05-16 11:17:33] [info]  [ 3876] Service SERVICE_CONTROL_INTERROGATE signalled.
[2023-05-16 11:17:43] [info]  [ 3876] Service SERVICE_CONTROL_INTERROGATE signalled.
[2023-05-16 11:17:53] [info]  [ 3876] Service SERVICE_CONTROL_INTERROGATE signalled.
[2023-05-16 11:18:04] [info]  [ 3876] Service SERVICE_CONTROL_INTERROGATE signalled.
[2023-05-16 11:18:14] [info]  [ 3876] Service SERVICE_CONTROL_INTERROGATE signalled.
[2023-05-16 11:18:24] [info]  [ 3876] Service SERVICE_CONTROL_INTERROGATE signalled.
[2023-05-16 11:18:34] [info]  [ 3876] Service SERVICE_CONTROL_INTERROGATE signalled.
[2023-05-16 11:18:45] [info]  [ 3876] Service SERVICE_CONTROL_INTERROGATE signalled.
[2023-05-16 11:18:55] [info]  [ 3876] Service SERVICE_CONTROL_INTERROGATE signalled.
[2023-05-16 11:19:05] [info]  [ 3876] Service SERVICE_CONTROL_INTERROGATE signalled.
[2023-05-16 11:19:15] [info]  [ 3876] Service SERVICE_CONTROL_INTERROGATE signalled.
[2023-05-16 11:19:26] [info]  [ 3876] Service SERVICE_CONTROL_INTERROGATE signalled.
[2023-05-16 11:19:36] [info]  [ 3876] Service SERVICE_CONTROL_INTERROGATE signalled.
[2023-05-16 11:19:46] [info]  [ 3876] Service SERVICE_CONTROL_INTERROGATE signalled.
[2023-05-18 21:25:40] [info]  [67424] Console SHUTDOWN event signaled.
[2023-05-18 21:25:40] [info]  [67424] Stopping service...
[2023-05-18 21:25:41] [info]  [67424] Service stop thread completed.
[2023-05-18 21:25:41] [info]  [ 3876] Run service finished.
[2023-05-18 21:25:41] [info]  [ 3876] Apache Commons Daemon procrun finished.
