[2023-06-05 08:02:35] [info]  [ 5504] Apache Commons Daemon procrun (1.3.1.0 64-bit) started.
[2023-06-05 08:02:35] [info]  [ 5504] Running Service 'Tomcat9'...
[2023-06-05 08:02:36] [info]  [ 7008] Starting service...
[2023-06-05 08:02:39] [info]  [ 7008] Service started in 3034 milliseconds.
[2023-06-05 08:28:07] [info]  [ 1720] Console SHUTDOWN event signaled.
[2023-06-05 08:28:07] [info]  [ 1720] Stopping service...
[2023-06-05 08:28:08] [info]  [ 1720] Service stop thread completed.
[2023-06-05 08:28:08] [info]  [ 5504] Run service finished.
[2023-06-05 08:28:08] [info]  [ 5504] Apache Commons Daemon procrun finished.
[2023-06-05 08:35:08] [info]  [ 5584] Apache Commons Daemon procrun (1.3.1.0 64-bit) started.
[2023-06-05 08:35:08] [info]  [ 5584] Running Service 'Tomcat9'...
[2023-06-05 08:35:09] [info]  [ 7104] Starting service...
[2023-06-05 08:35:12] [info]  [ 7104] Service started in 3055 milliseconds.
[2023-06-05 08:42:46] [info]  [15320] Console SHUTDOWN event signaled.
[2023-06-05 08:42:46] [info]  [15320] Stopping service...
[2023-06-05 08:42:47] [info]  [15320] Service stop thread completed.
[2023-06-05 08:42:47] [info]  [ 5584] Run service finished.
[2023-06-05 08:42:47] [info]  [ 5584] Apache Commons Daemon procrun finished.
[2023-06-05 08:58:35] [info]  [ 4588] Apache Commons Daemon procrun (1.3.1.0 64-bit) started.
[2023-06-05 08:58:35] [info]  [ 4588] Running Service 'Tomcat9'...
[2023-06-05 08:58:35] [info]  [ 6304] Starting service...
[2023-06-05 08:58:39] [info]  [ 6304] Service started in 3591 milliseconds.
[2023-06-05 09:08:28] [info]  [13976] Console SHUTDOWN event signaled.
[2023-06-05 09:08:28] [info]  [13976] Stopping service...
[2023-06-05 09:08:29] [info]  [13976] Service stop thread completed.
[2023-06-05 09:08:29] [info]  [ 4588] Run service finished.
[2023-06-05 09:08:29] [info]  [ 4588] Apache Commons Daemon procrun finished.
[2023-06-05 09:38:19] [info]  [ 5708] Apache Commons Daemon procrun (1.3.1.0 64-bit) started.
[2023-06-05 09:38:20] [info]  [ 5708] Running Service 'Tomcat9'...
[2023-06-05 09:38:20] [info]  [ 7408] Starting service...
[2023-06-05 09:38:23] [info]  [ 7408] Service started in 2850 milliseconds.
[2023-06-05 09:39:48] [info]  [ 5488] Console SHUTDOWN event signaled.
[2023-06-05 09:39:48] [info]  [ 5488] Stopping service...
[2023-06-05 09:39:49] [info]  [ 5488] Service stop thread completed.
[2023-06-05 09:39:49] [info]  [ 5708] Run service finished.
[2023-06-05 09:39:49] [info]  [ 5708] Apache Commons Daemon procrun finished.
[2023-06-05 12:04:44] [info]  [ 5380] Apache Commons Daemon procrun (1.3.1.0 64-bit) started.
[2023-06-05 12:04:45] [info]  [ 5380] Running Service 'Tomcat9'...
[2023-06-05 12:04:45] [info]  [ 7124] Starting service...
[2023-06-05 12:04:47] [info]  [ 7124] Service started in 2552 milliseconds.
[2023-06-05 12:10:16] [info]  [13672] Console SHUTDOWN event signaled.
[2023-06-05 12:10:16] [info]  [13672] Stopping service...
[2023-06-05 12:10:17] [info]  [13672] Service stop thread completed.
[2023-06-05 12:10:17] [info]  [ 5380] Run service finished.
[2023-06-05 12:10:17] [info]  [ 5380] Apache Commons Daemon procrun finished.
[2023-06-05 12:16:26] [info]  [ 5564] Apache Commons Daemon procrun (1.3.1.0 64-bit) started.
[2023-06-05 12:16:26] [info]  [ 5564] Running Service 'Tomcat9'...
[2023-06-05 12:16:27] [info]  [ 7060] Starting service...
[2023-06-05 12:16:30] [info]  [ 7060] Service started in 3489 milliseconds.
[2023-06-05 12:41:32] [info]  [12012] Console SHUTDOWN event signaled.
[2023-06-05 12:41:32] [info]  [12012] Stopping service...
[2023-06-05 12:41:33] [info]  [12012] Service stop thread completed.
[2023-06-05 12:41:33] [info]  [ 5564] Run service finished.
[2023-06-05 12:41:33] [info]  [ 5564] Apache Commons Daemon procrun finished.
[2023-06-05 13:26:24] [info]  [ 5400] Apache Commons Daemon procrun (1.3.1.0 64-bit) started.
[2023-06-05 13:26:25] [info]  [ 5400] Running Service 'Tomcat9'...
[2023-06-05 13:26:25] [info]  [ 6756] Starting service...
[2023-06-05 13:26:27] [info]  [ 6756] Service started in 2545 milliseconds.
[2023-06-05 14:09:20] [info]  [ 6324] Console SHUTDOWN event signaled.
[2023-06-05 14:09:20] [info]  [ 6324] Stopping service...
[2023-06-05 14:09:21] [info]  [ 6324] Service stop thread completed.
[2023-06-05 14:09:21] [info]  [ 5400] Run service finished.
[2023-06-05 14:09:21] [info]  [ 5400] Apache Commons Daemon procrun finished.
[2023-06-05 14:17:18] [info]  [ 4788] Apache Commons Daemon procrun (1.3.1.0 64-bit) started.
[2023-06-05 14:17:18] [info]  [ 4788] Running Service 'Tomcat9'...
[2023-06-05 14:17:18] [info]  [ 6404] Starting service...
[2023-06-05 14:17:20] [info]  [ 6404] Service started in 2038 milliseconds.
[2023-06-07 15:29:34] [info]  [ 6880] Console SHUTDOWN event signaled.
[2023-06-07 15:29:34] [info]  [ 6880] Stopping service...
[2023-06-07 15:29:35] [info]  [ 6880] Service stop thread completed.
[2023-06-07 15:29:35] [info]  [ 4788] Run service finished.
[2023-06-07 15:29:35] [info]  [ 4788] Apache Commons Daemon procrun finished.
