06-Jul-2023 18:21:15.107 INFOS [http-nio-8080-exec-5] org.apache.catalina.core.ApplicationContext.log HTMLManager: init: Associated with Deployer 'Catalina:type=Deployer,host=localhost'
06-Jul-2023 18:21:15.108 INFOS [http-nio-8080-exec-5] org.apache.catalina.core.ApplicationContext.log HTMLManager: init: Global resources are available
06-Jul-2023 18:21:15.119 INFOS [http-nio-8080-exec-5] org.apache.catalina.core.ApplicationContext.log HTMLManager: list: Listing contexts for virtual host 'localhost'
06-Jul-2023 18:25:36.613 INFOS [http-nio-8080-exec-5] org.apache.catalina.core.ApplicationContext.log HTMLManager: list: Listing contexts for virtual host 'localhost'
06-Jul-2023 18:25:57.400 INFOS [http-nio-8080-exec-10] org.apache.catalina.core.ApplicationContext.log HTMLManager: list: Listing contexts for virtual host 'localhost'
06-Jul-2023 18:26:03.114 INFOS [http-nio-8080-exec-1] org.apache.catalina.core.ApplicationContext.log HTMLManager: restart: Reloading web application '/temp'
06-Jul-2023 18:26:03.211 INFOS [http-nio-8080-exec-1] org.apache.catalina.core.ApplicationContext.log HTMLManager: list: Listing contexts for virtual host 'localhost'
06-Jul-2023 19:57:35.750 INFOS [http-nio-8080-exec-21] org.apache.catalina.core.ApplicationContext.log HTMLManager: list: Listing contexts for virtual host 'localhost'
06-Jul-2023 19:57:45.218 INFOS [http-nio-8080-exec-24] org.apache.catalina.core.ApplicationContext.log HTMLManager: restart: Reloading web application '/temp'
06-Jul-2023 19:57:45.278 INFOS [http-nio-8080-exec-24] org.apache.catalina.core.ApplicationContext.log HTMLManager: list: Listing contexts for virtual host 'localhost'
06-Jul-2023 19:59:09.959 INFOS [http-nio-8080-exec-2] org.apache.catalina.core.ApplicationContext.log HTMLManager: init: Associated with Deployer 'Catalina:type=Deployer,host=localhost'
06-Jul-2023 19:59:09.959 INFOS [http-nio-8080-exec-2] org.apache.catalina.core.ApplicationContext.log HTMLManager: init: Global resources are available
06-Jul-2023 19:59:09.963 INFOS [http-nio-8080-exec-2] org.apache.catalina.core.ApplicationContext.log HTMLManager: list: Listing contexts for virtual host 'localhost'
06-Jul-2023 19:59:15.419 INFOS [http-nio-8080-exec-3] org.apache.catalina.core.ApplicationContext.log HTMLManager: restart: Reloading web application '/temp'
06-Jul-2023 19:59:15.486 INFOS [http-nio-8080-exec-3] org.apache.catalina.core.ApplicationContext.log HTMLManager: list: Listing contexts for virtual host 'localhost'
06-Jul-2023 20:07:13.266 INFOS [http-nio-8080-exec-20] org.apache.catalina.core.ApplicationContext.log HTMLManager: list: Listing contexts for virtual host 'localhost'
06-Jul-2023 20:07:18.104 INFOS [http-nio-8080-exec-15] org.apache.catalina.core.ApplicationContext.log HTMLManager: restart: Reloading web application '/temp'
06-Jul-2023 20:07:18.161 INFOS [http-nio-8080-exec-15] org.apache.catalina.core.ApplicationContext.log HTMLManager: list: Listing contexts for virtual host 'localhost'
06-Jul-2023 20:13:35.557 INFOS [http-nio-8080-exec-24] org.apache.catalina.core.ApplicationContext.log HTMLManager: list: Listing contexts for virtual host 'localhost'
06-Jul-2023 20:13:41.884 INFOS [http-nio-8080-exec-25] org.apache.catalina.core.ApplicationContext.log HTMLManager: restart: Reloading web application '/temp'
06-Jul-2023 20:13:41.976 INFOS [http-nio-8080-exec-25] org.apache.catalina.core.ApplicationContext.log HTMLManager: list: Listing contexts for virtual host 'localhost'
06-Jul-2023 20:16:45.241 INFOS [http-nio-8080-exec-36] org.apache.catalina.core.ApplicationContext.log HTMLManager: list: Listing contexts for virtual host 'localhost'
06-Jul-2023 20:16:54.758 INFOS [http-nio-8080-exec-33] org.apache.catalina.core.ApplicationContext.log HTMLManager: restart: Reloading web application '/temp'
06-Jul-2023 20:16:54.846 INFOS [http-nio-8080-exec-33] org.apache.catalina.core.ApplicationContext.log HTMLManager: list: Listing contexts for virtual host 'localhost'
06-Jul-2023 20:32:50.898 INFOS [http-nio-8080-exec-2] org.apache.catalina.core.ApplicationContext.log Manager: init: Associated with Deployer 'Catalina:type=Deployer,host=localhost'
06-Jul-2023 20:32:50.898 INFOS [http-nio-8080-exec-2] org.apache.catalina.core.ApplicationContext.log Manager: init: Global resources are available
06-Jul-2023 20:32:50.898 INFOS [http-nio-8080-exec-2] org.apache.catalina.core.ApplicationContext.log Manager: list: Listing contexts for virtual host 'localhost'
06-Jul-2023 20:32:50.921 INFOS [http-nio-8080-exec-10] org.apache.catalina.core.ApplicationContext.log Manager: list: Listing contexts for virtual host 'localhost'
06-Jul-2023 20:32:51.064 INFOS [http-nio-8080-exec-1] org.apache.catalina.core.ApplicationContext.log Manager: install: Installing context configuration at 'file:/C:/Users/ASUS/AppData/Local/Temp/context95820244745984556.xml'
06-Jul-2023 20:32:51.157 INFOS [http-nio-8080-exec-3] org.apache.catalina.core.ApplicationContext.log Manager: start: Starting web application '/Framework'
06-Jul-2023 20:33:30.056 INFOS [http-nio-8080-exec-1] org.apache.catalina.core.ApplicationContext.log Manager: list: Listing contexts for virtual host 'localhost'
06-Jul-2023 20:33:30.062 INFOS [http-nio-8080-exec-10] org.apache.catalina.core.ApplicationContext.log Manager: list: Listing contexts for virtual host 'localhost'
06-Jul-2023 20:33:30.068 INFOS [http-nio-8080-exec-3] org.apache.catalina.core.ApplicationContext.log Manager: install: Installing context configuration at 'file:/C:/Users/ASUS/AppData/Local/Temp/context5195749158309228033.xml'
06-Jul-2023 20:33:30.190 INFOS [http-nio-8080-exec-4] org.apache.catalina.core.ApplicationContext.log Manager: start: Starting web application '/testFramework'
06-Jul-2023 20:33:32.405 INFOS [http-nio-8080-exec-10] org.apache.catalina.core.ApplicationContext.log Manager: list: Listing contexts for virtual host 'localhost'
06-Jul-2023 20:33:32.409 INFOS [http-nio-8080-exec-1] org.apache.catalina.core.ApplicationContext.log Manager: list: Listing contexts for virtual host 'localhost'
06-Jul-2023 20:33:36.228 INFOS [http-nio-8080-exec-2] org.apache.catalina.core.ApplicationContext.log Manager: list: Listing contexts for virtual host 'localhost'
06-Jul-2023 20:33:36.231 INFOS [http-nio-8080-exec-9] org.apache.catalina.core.ApplicationContext.log Manager: list: Listing contexts for virtual host 'localhost'
06-Jul-2023 20:38:56.563 INFOS [http-nio-8080-exec-9] org.apache.catalina.core.ApplicationContext.log Manager: list: Listing contexts for virtual host 'localhost'
06-Jul-2023 20:39:00.649 INFOS [http-nio-8080-exec-1] org.apache.catalina.core.ApplicationContext.log Manager: list: Listing contexts for virtual host 'localhost'
06-Jul-2023 20:39:00.656 INFOS [http-nio-8080-exec-3] org.apache.catalina.core.ApplicationContext.log Manager: undeploy: Undeploying web application at '/Framework'
06-Jul-2023 20:39:15.561 INFOS [http-nio-8080-exec-4] org.apache.catalina.core.ApplicationContext.log Manager: list: Listing contexts for virtual host 'localhost'
06-Jul-2023 20:39:15.567 INFOS [http-nio-8080-exec-11] org.apache.catalina.core.ApplicationContext.log Manager: undeploy: Undeploying web application at '/testFramework'
06-Jul-2023 20:39:17.450 INFOS [http-nio-8080-exec-2] org.apache.catalina.core.ApplicationContext.log Manager: list: Listing contexts for virtual host 'localhost'
06-Jul-2023 20:39:17.453 INFOS [http-nio-8080-exec-10] org.apache.catalina.core.ApplicationContext.log Manager: list: Listing contexts for virtual host 'localhost'
06-Jul-2023 20:39:17.462 INFOS [http-nio-8080-exec-7] org.apache.catalina.core.ApplicationContext.log Manager: install: Installing context configuration at 'file:/C:/Users/ASUS/AppData/Local/Temp/context5758833719216721071.xml'
06-Jul-2023 20:39:17.560 INFOS [http-nio-8080-exec-11] org.apache.catalina.core.ApplicationContext.log Manager: start: Starting web application '/testFramework'
06-Jul-2023 20:39:32.394 INFOS [http-nio-8080-exec-6] org.apache.catalina.core.ApplicationContext.log HTMLManager: init: Associated with Deployer 'Catalina:type=Deployer,host=localhost'
06-Jul-2023 20:39:32.394 INFOS [http-nio-8080-exec-6] org.apache.catalina.core.ApplicationContext.log HTMLManager: init: Global resources are available
06-Jul-2023 20:39:32.396 INFOS [http-nio-8080-exec-6] org.apache.catalina.core.ApplicationContext.log HTMLManager: list: Listing contexts for virtual host 'localhost'
06-Jul-2023 20:40:18.804 INFOS [http-nio-8080-exec-15] org.apache.catalina.core.ApplicationContext.log Manager: list: Listing contexts for virtual host 'localhost'
06-Jul-2023 20:40:23.623 INFOS [http-nio-8080-exec-19] org.apache.catalina.core.ApplicationContext.log Manager: list: Listing contexts for virtual host 'localhost'
06-Jul-2023 20:40:23.629 INFOS [http-nio-8080-exec-22] org.apache.catalina.core.ApplicationContext.log Manager: undeploy: Undeploying web application at '/testFramework'
06-Jul-2023 20:40:25.341 INFOS [http-nio-8080-exec-17] org.apache.catalina.core.ApplicationContext.log Manager: list: Listing contexts for virtual host 'localhost'
06-Jul-2023 20:40:25.344 INFOS [http-nio-8080-exec-13] org.apache.catalina.core.ApplicationContext.log Manager: list: Listing contexts for virtual host 'localhost'
06-Jul-2023 20:40:25.351 INFOS [http-nio-8080-exec-16] org.apache.catalina.core.ApplicationContext.log Manager: install: Installing context configuration at 'file:/C:/Users/ASUS/AppData/Local/Temp/context6498314490175512687.xml'
06-Jul-2023 20:40:25.433 INFOS [http-nio-8080-exec-23] org.apache.catalina.core.ApplicationContext.log Manager: start: Starting web application '/testFramework'
06-Jul-2023 20:42:02.976 INFOS [http-nio-8080-exec-26] org.apache.catalina.core.ApplicationContext.log HTMLManager: list: Listing contexts for virtual host 'localhost'
06-Jul-2023 20:42:16.190 INFOS [http-nio-8080-exec-28] org.apache.catalina.core.ApplicationContext.log HTMLManager: restart: Reloading web application '/testFramework4'
06-Jul-2023 20:42:16.276 INFOS [http-nio-8080-exec-28] org.apache.catalina.core.ApplicationContext.log HTMLManager: list: Listing contexts for virtual host 'localhost'
06-Jul-2023 20:44:52.285 INFOS [http-nio-8080-exec-25] org.apache.catalina.core.ApplicationContext.log HTMLManager: list: Listing contexts for virtual host 'localhost'
06-Jul-2023 20:44:57.677 INFOS [http-nio-8080-exec-35] org.apache.catalina.core.ApplicationContext.log HTMLManager: restart: Reloading web application '/testFramework2'
06-Jul-2023 20:44:57.815 INFOS [http-nio-8080-exec-35] org.apache.catalina.core.ApplicationContext.log HTMLManager: list: Listing contexts for virtual host 'localhost'
