
2023-05-12 10:09:33 Apache Commons Daemon procrun stderr initialized.
12-May-2023 10:09:37.150 INFOS [main] org.apache.catalina.startup.VersionLoggerListener.log Nom version serveur :              Apache Tomcat/9.0.65
12-May-2023 10:09:37.165 INFOS [main] org.apache.catalina.startup.VersionLoggerListener.log Serveur compilé :                  Jul 14 2022 12:28:53 UTC
12-May-2023 10:09:37.165 INFOS [main] org.apache.catalina.startup.VersionLoggerListener.log Version du serveur :               9.0.65.0
12-May-2023 10:09:37.165 INFOS [main] org.apache.catalina.startup.VersionLoggerListener.log Nom de l'OS :                      Windows 10
12-May-2023 10:09:37.165 INFOS [main] org.apache.catalina.startup.VersionLoggerListener.log Version OS :                       10.0
12-May-2023 10:09:37.165 INFOS [main] org.apache.catalina.startup.VersionLoggerListener.log Architecture :                     amd64
12-May-2023 10:09:37.165 INFOS [main] org.apache.catalina.startup.VersionLoggerListener.log Java Home :                        C:\Program Files\Java\jre1.8.0_202
12-May-2023 10:09:37.165 INFOS [main] org.apache.catalina.startup.VersionLoggerListener.log Version JVM :                      1.8.0_202-b08
12-May-2023 10:09:37.165 INFOS [main] org.apache.catalina.startup.VersionLoggerListener.log Fournisseur de la JVM :            Oracle Corporation
12-May-2023 10:09:37.165 INFOS [main] org.apache.catalina.startup.VersionLoggerListener.log CATALINA_BASE :                    C:\Program Files\Apache Software Foundation\Tomcat 9.0
12-May-2023 10:09:37.165 INFOS [main] org.apache.catalina.startup.VersionLoggerListener.log CATALINA_HOME :                    C:\Program Files\Apache Software Foundation\Tomcat 9.0
12-May-2023 10:09:37.180 INFOS [main] org.apache.catalina.startup.VersionLoggerListener.log Argument de la ligne de commande : -Dcatalina.home=C:\Program Files\Apache Software Foundation\Tomcat 9.0
12-May-2023 10:09:37.180 INFOS [main] org.apache.catalina.startup.VersionLoggerListener.log Argument de la ligne de commande : -Dcatalina.base=C:\Program Files\Apache Software Foundation\Tomcat 9.0
12-May-2023 10:09:37.180 INFOS [main] org.apache.catalina.startup.VersionLoggerListener.log Argument de la ligne de commande : -Djava.io.tmpdir=C:\Program Files\Apache Software Foundation\Tomcat 9.0\temp
12-May-2023 10:09:37.180 INFOS [main] org.apache.catalina.startup.VersionLoggerListener.log Argument de la ligne de commande : -Djava.util.logging.manager=org.apache.juli.ClassLoaderLogManager
12-May-2023 10:09:37.180 INFOS [main] org.apache.catalina.startup.VersionLoggerListener.log Argument de la ligne de commande : -Djava.util.logging.config.file=C:\Program Files\Apache Software Foundation\Tomcat 9.0\conf\logging.properties
12-May-2023 10:09:37.180 INFOS [main] org.apache.catalina.startup.VersionLoggerListener.log Argument de la ligne de commande : exit
12-May-2023 10:09:37.180 INFOS [main] org.apache.catalina.startup.VersionLoggerListener.log Argument de la ligne de commande : abort
12-May-2023 10:09:37.180 INFOS [main] org.apache.catalina.startup.VersionLoggerListener.log Argument de la ligne de commande : -Xms128m
12-May-2023 10:09:37.180 INFOS [main] org.apache.catalina.startup.VersionLoggerListener.log Argument de la ligne de commande : -Xmx256m
12-May-2023 10:09:37.227 INFOS [main] org.apache.catalina.core.AprLifecycleListener.lifecycleEvent La librairie Apache Tomcat Native basée sur APR qui permet des performances optimales dans les environnements de production n'a pas été trouvée sur le java.library.path : [C:\Program Files\Apache Software Foundation\Tomcat 9.0\bin;C:\Windows\Sun\Java\bin;C:\Windows\system32;C:\Windows;C:\Program Files\Java\jre1.8.0_202\bin;C:\Program Files\Java\jdk1.8.0_202\bin;C:\Program Files\Java\jre1.8.0_202\bin;C:\Program Files\Microsoft MPI\Bin\;C:\Program Files (x86)\Common Files\Oracle\Java\javapath;C:\app\ASUS\product\11.2.0\dbhome_1\bin;C:\Windows\system32;C:\Windows;C:\Windows\System32\Wbem;C:\Windows\System32\WindowsPowerShell\v1.0\;C:\Windows\System32\OpenSSH\;C:\ojdbc5.jar;C:\postgresql-42.1.4;C:\Program Files\dotnet\;C:\Program Files (x86)\Microsoft SQL Server\160\Tools\Binn\;C:\Program Files\Microsoft SQL Server\160\Tools\Binn\;C:\Program Files\Microsoft SQL Server\Client SDK\ODBC\170\Tools\Binn\;C:\Program Files\Microsoft SQL Server\160\DTS\Binn\;C:\Program Files (x86)\Microsoft SQL Server\160\DTS\Binn\;C:\Program Files\Azure Data Studio\bin;C:\Program Files\Apache Software Foundation\Tomcat 9.0\lib\servlet-api.jar;C:\Windows\system32\config\systemprofile\AppData\Local\Microsoft\WindowsApps;.]
12-May-2023 10:09:38.388 INFOS [main] org.apache.coyote.AbstractProtocol.init Initialisation du gestionnaire de protocole ["http-nio-8080"]
12-May-2023 10:09:38.482 INFOS [main] org.apache.catalina.startup.Catalina.load L'initialisation du serveur a pris [2280] millisecondes
12-May-2023 10:09:38.591 INFOS [main] org.apache.catalina.core.StandardService.startInternal Démarrage du service [Catalina]
12-May-2023 10:09:38.591 INFOS [main] org.apache.catalina.core.StandardEngine.startInternal Démarrage du moteur de Servlets : [Apache Tomcat/9.0.65]
12-May-2023 10:09:38.638 INFOS [main] org.apache.catalina.startup.HostConfig.deployWAR Déploiement de l'archive [C:\Program Files\Apache Software Foundation\Tomcat 9.0\webapps\testeFramework.war] de l'application web
12-May-2023 10:09:39.907 INFOS [main] org.apache.jasper.servlet.TldScanner.scanJars Au moins un fichier JAR a été analysé pour trouver des TLDs mais il n'en contenait pas, le mode "debug" du journal peut être activé pour obtenir une liste complète de JAR scannés sans succès ; éviter d'analyser des JARs inutilement peut améliorer sensiblement le temps de démarrage et le temps de compilation des JSPs
12-May-2023 10:09:41.185 AVERTISSEMENT [main] org.apache.catalina.util.SessionIdGeneratorBase.createSecureRandom La création de l'instance de SecureRandom pour le générateur d'id de session en utilisant [SHA1PRNG] a pris [1 192] millisecondes
12-May-2023 10:09:41.295 INFOS [main] org.apache.catalina.startup.HostConfig.deployWAR Le déploiement de l'archive de l'application web [C:\Program Files\Apache Software Foundation\Tomcat 9.0\webapps\testeFramework.war] s'est terminé en [2 657] ms
12-May-2023 10:09:41.295 INFOS [main] org.apache.catalina.startup.HostConfig.deployDirectory Déploiement du répertoire d'application web [C:\Program Files\Apache Software Foundation\Tomcat 9.0\webapps\docs]
12-May-2023 10:09:41.733 INFOS [main] org.apache.jasper.servlet.TldScanner.scanJars Au moins un fichier JAR a été analysé pour trouver des TLDs mais il n'en contenait pas, le mode "debug" du journal peut être activé pour obtenir une liste complète de JAR scannés sans succès ; éviter d'analyser des JARs inutilement peut améliorer sensiblement le temps de démarrage et le temps de compilation des JSPs
12-May-2023 10:09:41.733 INFOS [main] org.apache.catalina.startup.HostConfig.deployDirectory Le déploiement du répertoire [C:\Program Files\Apache Software Foundation\Tomcat 9.0\webapps\docs] de l'application web s'est terminé en [438] ms
12-May-2023 10:09:41.748 INFOS [main] org.apache.catalina.startup.HostConfig.deployDirectory Déploiement du répertoire d'application web [C:\Program Files\Apache Software Foundation\Tomcat 9.0\webapps\manager]
12-May-2023 10:09:42.173 INFOS [main] org.apache.jasper.servlet.TldScanner.scanJars Au moins un fichier JAR a été analysé pour trouver des TLDs mais il n'en contenait pas, le mode "debug" du journal peut être activé pour obtenir une liste complète de JAR scannés sans succès ; éviter d'analyser des JARs inutilement peut améliorer sensiblement le temps de démarrage et le temps de compilation des JSPs
12-May-2023 10:09:42.184 INFOS [main] org.apache.catalina.startup.HostConfig.deployDirectory Le déploiement du répertoire [C:\Program Files\Apache Software Foundation\Tomcat 9.0\webapps\manager] de l'application web s'est terminé en [436] ms
12-May-2023 10:09:42.184 INFOS [main] org.apache.catalina.startup.HostConfig.deployDirectory Déploiement du répertoire d'application web [C:\Program Files\Apache Software Foundation\Tomcat 9.0\webapps\ROOT]
12-May-2023 10:09:42.388 INFOS [main] org.apache.jasper.servlet.TldScanner.scanJars Au moins un fichier JAR a été analysé pour trouver des TLDs mais il n'en contenait pas, le mode "debug" du journal peut être activé pour obtenir une liste complète de JAR scannés sans succès ; éviter d'analyser des JARs inutilement peut améliorer sensiblement le temps de démarrage et le temps de compilation des JSPs
12-May-2023 10:09:42.403 INFOS [main] org.apache.catalina.startup.HostConfig.deployDirectory Le déploiement du répertoire [C:\Program Files\Apache Software Foundation\Tomcat 9.0\webapps\ROOT] de l'application web s'est terminé en [219] ms
12-May-2023 10:09:42.403 INFOS [main] org.apache.catalina.startup.HostConfig.deployDirectory Déploiement du répertoire d'application web [C:\Program Files\Apache Software Foundation\Tomcat 9.0\webapps\sprint4]
12-May-2023 10:09:42.576 INFOS [main] org.apache.jasper.servlet.TldScanner.scanJars Au moins un fichier JAR a été analysé pour trouver des TLDs mais il n'en contenait pas, le mode "debug" du journal peut être activé pour obtenir une liste complète de JAR scannés sans succès ; éviter d'analyser des JARs inutilement peut améliorer sensiblement le temps de démarrage et le temps de compilation des JSPs
12-May-2023 10:09:42.592 INFOS [main] org.apache.catalina.startup.HostConfig.deployDirectory Le déploiement du répertoire [C:\Program Files\Apache Software Foundation\Tomcat 9.0\webapps\sprint4] de l'application web s'est terminé en [189] ms
12-May-2023 10:09:42.592 INFOS [main] org.apache.catalina.startup.HostConfig.deployDirectory Déploiement du répertoire d'application web [C:\Program Files\Apache Software Foundation\Tomcat 9.0\webapps\sprint5]
12-May-2023 10:09:42.842 INFOS [main] org.apache.jasper.servlet.TldScanner.scanJars Au moins un fichier JAR a été analysé pour trouver des TLDs mais il n'en contenait pas, le mode "debug" du journal peut être activé pour obtenir une liste complète de JAR scannés sans succès ; éviter d'analyser des JARs inutilement peut améliorer sensiblement le temps de démarrage et le temps de compilation des JSPs
12-May-2023 10:09:42.860 INFOS [main] org.apache.catalina.startup.HostConfig.deployDirectory Le déploiement du répertoire [C:\Program Files\Apache Software Foundation\Tomcat 9.0\webapps\sprint5] de l'application web s'est terminé en [268] ms
12-May-2023 10:09:42.860 INFOS [main] org.apache.catalina.startup.HostConfig.deployDirectory Déploiement du répertoire d'application web [C:\Program Files\Apache Software Foundation\Tomcat 9.0\webapps\sprint6]
12-May-2023 10:09:43.063 INFOS [main] org.apache.jasper.servlet.TldScanner.scanJars Au moins un fichier JAR a été analysé pour trouver des TLDs mais il n'en contenait pas, le mode "debug" du journal peut être activé pour obtenir une liste complète de JAR scannés sans succès ; éviter d'analyser des JARs inutilement peut améliorer sensiblement le temps de démarrage et le temps de compilation des JSPs
12-May-2023 10:09:43.078 INFOS [main] org.apache.catalina.startup.HostConfig.deployDirectory Le déploiement du répertoire [C:\Program Files\Apache Software Foundation\Tomcat 9.0\webapps\sprint6] de l'application web s'est terminé en [218] ms
12-May-2023 10:09:43.078 INFOS [main] org.apache.catalina.startup.HostConfig.deployDirectory Déploiement du répertoire d'application web [C:\Program Files\Apache Software Foundation\Tomcat 9.0\webapps\sprint7]
12-May-2023 10:09:43.282 INFOS [main] org.apache.jasper.servlet.TldScanner.scanJars Au moins un fichier JAR a été analysé pour trouver des TLDs mais il n'en contenait pas, le mode "debug" du journal peut être activé pour obtenir une liste complète de JAR scannés sans succès ; éviter d'analyser des JARs inutilement peut améliorer sensiblement le temps de démarrage et le temps de compilation des JSPs
12-May-2023 10:09:43.282 INFOS [main] org.apache.catalina.startup.HostConfig.deployDirectory Le déploiement du répertoire [C:\Program Files\Apache Software Foundation\Tomcat 9.0\webapps\sprint7] de l'application web s'est terminé en [204] ms
12-May-2023 10:09:43.282 INFOS [main] org.apache.catalina.startup.HostConfig.deployDirectory Déploiement du répertoire d'application web [C:\Program Files\Apache Software Foundation\Tomcat 9.0\webapps\sprint8]
12-May-2023 10:09:43.471 INFOS [main] org.apache.jasper.servlet.TldScanner.scanJars Au moins un fichier JAR a été analysé pour trouver des TLDs mais il n'en contenait pas, le mode "debug" du journal peut être activé pour obtenir une liste complète de JAR scannés sans succès ; éviter d'analyser des JARs inutilement peut améliorer sensiblement le temps de démarrage et le temps de compilation des JSPs
12-May-2023 10:09:43.471 INFOS [main] org.apache.catalina.startup.HostConfig.deployDirectory Le déploiement du répertoire [C:\Program Files\Apache Software Foundation\Tomcat 9.0\webapps\sprint8] de l'application web s'est terminé en [189] ms
12-May-2023 10:09:43.486 INFOS [main] org.apache.coyote.AbstractProtocol.start Démarrage du gestionnaire de protocole ["http-nio-8080"]
12-May-2023 10:09:43.581 INFOS [main] org.apache.catalina.startup.Catalina.start Le démarrage du serveur a pris [5094] millisecondes
13-May-2023 20:55:10.714 INFOS [Thread-4] org.apache.coyote.AbstractProtocol.pause Le gestionnaire de protocole ["http-nio-8080"] est mis en pause
13-May-2023 20:55:10.864 INFOS [Thread-4] org.apache.catalina.core.StandardService.stopInternal Arrêt du service [Catalina]
13-May-2023 20:55:10.914 INFOS [Thread-4] org.apache.coyote.AbstractProtocol.stop Arrêt du gestionnaire de protocole ["http-nio-8080"]
13-May-2023 20:55:10.959 INFOS [Thread-4] org.apache.coyote.AbstractProtocol.destroy Destruction du gestionnaire de protocole ["http-nio-8080"]
