
2023-06-20 04:22:09 Apache Commons Daemon procrun stderr initialized.
20-Jun-2023 04:22:13.672 INFOS [main] org.apache.catalina.startup.VersionLoggerListener.log Nom version serveur :              Apache Tomcat/9.0.65
20-Jun-2023 04:22:13.688 INFOS [main] org.apache.catalina.startup.VersionLoggerListener.log Serveur compilé :                  Jul 14 2022 12:28:53 UTC
20-Jun-2023 04:22:13.688 INFOS [main] org.apache.catalina.startup.VersionLoggerListener.log Version du serveur :               9.0.65.0
20-Jun-2023 04:22:13.688 INFOS [main] org.apache.catalina.startup.VersionLoggerListener.log Nom de l'OS :                      Windows 10
20-Jun-2023 04:22:13.688 INFOS [main] org.apache.catalina.startup.VersionLoggerListener.log Version OS :                       10.0
20-Jun-2023 04:22:13.688 INFOS [main] org.apache.catalina.startup.VersionLoggerListener.log Architecture :                     amd64
20-Jun-2023 04:22:13.688 INFOS [main] org.apache.catalina.startup.VersionLoggerListener.log Java Home :                        C:\Program Files\Java\jre1.8.0_202
20-Jun-2023 04:22:13.688 INFOS [main] org.apache.catalina.startup.VersionLoggerListener.log Version JVM :                      1.8.0_202-b08
20-Jun-2023 04:22:13.688 INFOS [main] org.apache.catalina.startup.VersionLoggerListener.log Fournisseur de la JVM :            Oracle Corporation
20-Jun-2023 04:22:13.688 INFOS [main] org.apache.catalina.startup.VersionLoggerListener.log CATALINA_BASE :                    C:\Program Files\Apache Software Foundation\Tomcat 9.0
20-Jun-2023 04:22:13.688 INFOS [main] org.apache.catalina.startup.VersionLoggerListener.log CATALINA_HOME :                    C:\Program Files\Apache Software Foundation\Tomcat 9.0
20-Jun-2023 04:22:13.688 INFOS [main] org.apache.catalina.startup.VersionLoggerListener.log Argument de la ligne de commande : -Dcatalina.home=C:\Program Files\Apache Software Foundation\Tomcat 9.0
20-Jun-2023 04:22:13.688 INFOS [main] org.apache.catalina.startup.VersionLoggerListener.log Argument de la ligne de commande : -Dcatalina.base=C:\Program Files\Apache Software Foundation\Tomcat 9.0
20-Jun-2023 04:22:13.688 INFOS [main] org.apache.catalina.startup.VersionLoggerListener.log Argument de la ligne de commande : -Djava.io.tmpdir=C:\Program Files\Apache Software Foundation\Tomcat 9.0\temp
20-Jun-2023 04:22:13.688 INFOS [main] org.apache.catalina.startup.VersionLoggerListener.log Argument de la ligne de commande : -Djava.util.logging.manager=org.apache.juli.ClassLoaderLogManager
20-Jun-2023 04:22:13.688 INFOS [main] org.apache.catalina.startup.VersionLoggerListener.log Argument de la ligne de commande : -Djava.util.logging.config.file=C:\Program Files\Apache Software Foundation\Tomcat 9.0\conf\logging.properties
20-Jun-2023 04:22:13.688 INFOS [main] org.apache.catalina.startup.VersionLoggerListener.log Argument de la ligne de commande : exit
20-Jun-2023 04:22:13.688 INFOS [main] org.apache.catalina.startup.VersionLoggerListener.log Argument de la ligne de commande : abort
20-Jun-2023 04:22:13.688 INFOS [main] org.apache.catalina.startup.VersionLoggerListener.log Argument de la ligne de commande : -Xms128m
20-Jun-2023 04:22:13.688 INFOS [main] org.apache.catalina.startup.VersionLoggerListener.log Argument de la ligne de commande : -Xmx256m
20-Jun-2023 04:22:13.704 INFOS [main] org.apache.catalina.core.AprLifecycleListener.lifecycleEvent La librairie Apache Tomcat Native basée sur APR qui permet des performances optimales dans les environnements de production n'a pas été trouvée sur le java.library.path : [C:\Program Files\Apache Software Foundation\Tomcat 9.0\bin;C:\Windows\Sun\Java\bin;C:\Windows\system32;C:\Windows;C:\Program Files\Java\jre1.8.0_202\bin;C:\Program Files\Java\jdk1.8.0_202\bin;C:\Program Files\Java\jre1.8.0_202\bin;C:\Program Files\Microsoft MPI\Bin\;C:\Program Files (x86)\Common Files\Oracle\Java\javapath;C:\app\ASUS\product\11.2.0\dbhome_1\bin;C:\Windows\system32;C:\Windows;C:\Windows\System32\Wbem;C:\Windows\System32\WindowsPowerShell\v1.0\;C:\Windows\System32\OpenSSH\;C:\ojdbc5.jar;C:\postgresql-42.1.4;C:\Program Files\dotnet\;C:\Program Files (x86)\Microsoft SQL Server\160\Tools\Binn\;C:\Program Files\Microsoft SQL Server\160\Tools\Binn\;C:\Program Files\Microsoft SQL Server\Client SDK\ODBC\170\Tools\Binn\;C:\Program Files\Microsoft SQL Server\160\DTS\Binn\;C:\Program Files (x86)\Microsoft SQL Server\160\DTS\Binn\;C:\Program Files\Azure Data Studio\bin;C:\Program Files\Apache Software Foundation\Tomcat 9.0\lib\servlet-api.jar;C:\Program Files\Microsoft SQL Server\130\Tools\Binn\;C:\Program Files\Git\cmd;C:\Users\ASUS\AppData\Local\Microsoft\WindowsApps;C:\Users\ASUS\.dotnet\tools;.]
20-Jun-2023 04:22:15.681 INFOS [main] org.apache.coyote.AbstractProtocol.init Initialisation du gestionnaire de protocole ["http-nio-8080"]
20-Jun-2023 04:22:15.759 INFOS [main] org.apache.catalina.startup.Catalina.load L'initialisation du serveur a pris [2668] millisecondes
20-Jun-2023 04:22:15.822 INFOS [main] org.apache.catalina.core.StandardService.startInternal Démarrage du service [Catalina]
20-Jun-2023 04:22:15.822 INFOS [main] org.apache.catalina.core.StandardEngine.startInternal Démarrage du moteur de Servlets : [Apache Tomcat/9.0.65]
20-Jun-2023 04:22:15.848 INFOS [main] org.apache.catalina.startup.HostConfig.deployDescriptor Déploiement du descripteur de configuration [C:\Program Files\Apache Software Foundation\Tomcat 9.0\conf\Catalina\localhost\sambo3.xml]
20-Jun-2023 04:22:15.885 AVERTISSEMENT [main] org.apache.catalina.startup.HostConfig.deployDescriptor L'attribut path avec la valeur [/sambo3] dans le descripteur de déploiement [C:\Program Files\Apache Software Foundation\Tomcat 9.0\conf\Catalina\localhost\sambo3.xml] a été ignoré
20-Jun-2023 04:22:16.813 INFOS [main] org.apache.jasper.servlet.TldScanner.scanJars Au moins un fichier JAR a été analysé pour trouver des TLDs mais il n'en contenait pas, le mode "debug" du journal peut être activé pour obtenir une liste complète de JAR scannés sans succès ; éviter d'analyser des JARs inutilement peut améliorer sensiblement le temps de démarrage et le temps de compilation des JSPs
20-Jun-2023 04:22:17.474 AVERTISSEMENT [main] org.apache.catalina.util.SessionIdGeneratorBase.createSecureRandom La création de l'instance de SecureRandom pour le générateur d'id de session en utilisant [SHA1PRNG] a pris [541] millisecondes
20-Jun-2023 04:22:17.562 INFOS [main] org.apache.catalina.startup.HostConfig.deployDescriptor Le traitement du descripteur de déploiement [C:\Program Files\Apache Software Foundation\Tomcat 9.0\conf\Catalina\localhost\sambo3.xml] a pris [1 682] ms
20-Jun-2023 04:22:17.562 INFOS [main] org.apache.catalina.startup.HostConfig.deployWAR Déploiement de l'archive [C:\Program Files\Apache Software Foundation\Tomcat 9.0\webapps\testeFramework.war] de l'application web
20-Jun-2023 04:22:17.891 INFOS [main] org.apache.jasper.servlet.TldScanner.scanJars Au moins un fichier JAR a été analysé pour trouver des TLDs mais il n'en contenait pas, le mode "debug" du journal peut être activé pour obtenir une liste complète de JAR scannés sans succès ; éviter d'analyser des JARs inutilement peut améliorer sensiblement le temps de démarrage et le temps de compilation des JSPs
20-Jun-2023 04:22:17.891 INFOS [main] org.apache.catalina.startup.HostConfig.deployWAR Le déploiement de l'archive de l'application web [C:\Program Files\Apache Software Foundation\Tomcat 9.0\webapps\testeFramework.war] s'est terminé en [329] ms
20-Jun-2023 04:22:17.922 INFOS [main] org.apache.catalina.startup.HostConfig.deployDirectory Déploiement du répertoire d'application web [C:\Program Files\Apache Software Foundation\Tomcat 9.0\webapps\docs]
20-Jun-2023 04:22:18.158 INFOS [main] org.apache.jasper.servlet.TldScanner.scanJars Au moins un fichier JAR a été analysé pour trouver des TLDs mais il n'en contenait pas, le mode "debug" du journal peut être activé pour obtenir une liste complète de JAR scannés sans succès ; éviter d'analyser des JARs inutilement peut améliorer sensiblement le temps de démarrage et le temps de compilation des JSPs
20-Jun-2023 04:22:18.173 INFOS [main] org.apache.catalina.startup.HostConfig.deployDirectory Le déploiement du répertoire [C:\Program Files\Apache Software Foundation\Tomcat 9.0\webapps\docs] de l'application web s'est terminé en [251] ms
20-Jun-2023 04:22:18.189 INFOS [main] org.apache.catalina.startup.HostConfig.deployDirectory Déploiement du répertoire d'application web [C:\Program Files\Apache Software Foundation\Tomcat 9.0\webapps\manager]
20-Jun-2023 04:22:18.609 INFOS [main] org.apache.jasper.servlet.TldScanner.scanJars Au moins un fichier JAR a été analysé pour trouver des TLDs mais il n'en contenait pas, le mode "debug" du journal peut être activé pour obtenir une liste complète de JAR scannés sans succès ; éviter d'analyser des JARs inutilement peut améliorer sensiblement le temps de démarrage et le temps de compilation des JSPs
20-Jun-2023 04:22:18.621 INFOS [main] org.apache.catalina.startup.HostConfig.deployDirectory Le déploiement du répertoire [C:\Program Files\Apache Software Foundation\Tomcat 9.0\webapps\manager] de l'application web s'est terminé en [432] ms
20-Jun-2023 04:22:18.622 INFOS [main] org.apache.catalina.startup.HostConfig.deployDirectory Déploiement du répertoire d'application web [C:\Program Files\Apache Software Foundation\Tomcat 9.0\webapps\ROOT]
20-Jun-2023 04:22:18.891 INFOS [main] org.apache.jasper.servlet.TldScanner.scanJars Au moins un fichier JAR a été analysé pour trouver des TLDs mais il n'en contenait pas, le mode "debug" du journal peut être activé pour obtenir une liste complète de JAR scannés sans succès ; éviter d'analyser des JARs inutilement peut améliorer sensiblement le temps de démarrage et le temps de compilation des JSPs
20-Jun-2023 04:22:18.891 INFOS [main] org.apache.catalina.startup.HostConfig.deployDirectory Le déploiement du répertoire [C:\Program Files\Apache Software Foundation\Tomcat 9.0\webapps\ROOT] de l'application web s'est terminé en [270] ms
20-Jun-2023 04:22:18.891 INFOS [main] org.apache.catalina.startup.HostConfig.deployDirectory Déploiement du répertoire d'application web [C:\Program Files\Apache Software Foundation\Tomcat 9.0\webapps\sprint10]
20-Jun-2023 04:22:19.064 INFOS [main] org.apache.jasper.servlet.TldScanner.scanJars Au moins un fichier JAR a été analysé pour trouver des TLDs mais il n'en contenait pas, le mode "debug" du journal peut être activé pour obtenir une liste complète de JAR scannés sans succès ; éviter d'analyser des JARs inutilement peut améliorer sensiblement le temps de démarrage et le temps de compilation des JSPs
20-Jun-2023 04:22:19.064 INFOS [main] org.apache.catalina.startup.HostConfig.deployDirectory Le déploiement du répertoire [C:\Program Files\Apache Software Foundation\Tomcat 9.0\webapps\sprint10] de l'application web s'est terminé en [173] ms
20-Jun-2023 04:22:19.064 INFOS [main] org.apache.catalina.startup.HostConfig.deployDirectory Déploiement du répertoire d'application web [C:\Program Files\Apache Software Foundation\Tomcat 9.0\webapps\sprint4]
20-Jun-2023 04:22:19.236 INFOS [main] org.apache.jasper.servlet.TldScanner.scanJars Au moins un fichier JAR a été analysé pour trouver des TLDs mais il n'en contenait pas, le mode "debug" du journal peut être activé pour obtenir une liste complète de JAR scannés sans succès ; éviter d'analyser des JARs inutilement peut améliorer sensiblement le temps de démarrage et le temps de compilation des JSPs
20-Jun-2023 04:22:19.236 INFOS [main] org.apache.catalina.startup.HostConfig.deployDirectory Le déploiement du répertoire [C:\Program Files\Apache Software Foundation\Tomcat 9.0\webapps\sprint4] de l'application web s'est terminé en [172] ms
20-Jun-2023 04:22:19.251 INFOS [main] org.apache.catalina.startup.HostConfig.deployDirectory Déploiement du répertoire d'application web [C:\Program Files\Apache Software Foundation\Tomcat 9.0\webapps\sprint4b]
20-Jun-2023 04:22:19.424 INFOS [main] org.apache.jasper.servlet.TldScanner.scanJars Au moins un fichier JAR a été analysé pour trouver des TLDs mais il n'en contenait pas, le mode "debug" du journal peut être activé pour obtenir une liste complète de JAR scannés sans succès ; éviter d'analyser des JARs inutilement peut améliorer sensiblement le temps de démarrage et le temps de compilation des JSPs
20-Jun-2023 04:22:19.424 INFOS [main] org.apache.catalina.startup.HostConfig.deployDirectory Le déploiement du répertoire [C:\Program Files\Apache Software Foundation\Tomcat 9.0\webapps\sprint4b] de l'application web s'est terminé en [173] ms
20-Jun-2023 04:22:19.424 INFOS [main] org.apache.catalina.startup.HostConfig.deployDirectory Déploiement du répertoire d'application web [C:\Program Files\Apache Software Foundation\Tomcat 9.0\webapps\sprint5]
20-Jun-2023 04:22:19.675 INFOS [main] org.apache.jasper.servlet.TldScanner.scanJars Au moins un fichier JAR a été analysé pour trouver des TLDs mais il n'en contenait pas, le mode "debug" du journal peut être activé pour obtenir une liste complète de JAR scannés sans succès ; éviter d'analyser des JARs inutilement peut améliorer sensiblement le temps de démarrage et le temps de compilation des JSPs
20-Jun-2023 04:22:19.675 INFOS [main] org.apache.catalina.startup.HostConfig.deployDirectory Le déploiement du répertoire [C:\Program Files\Apache Software Foundation\Tomcat 9.0\webapps\sprint5] de l'application web s'est terminé en [251] ms
20-Jun-2023 04:22:19.675 INFOS [main] org.apache.catalina.startup.HostConfig.deployDirectory Déploiement du répertoire d'application web [C:\Program Files\Apache Software Foundation\Tomcat 9.0\webapps\sprint6]
20-Jun-2023 04:22:19.910 INFOS [main] org.apache.jasper.servlet.TldScanner.scanJars Au moins un fichier JAR a été analysé pour trouver des TLDs mais il n'en contenait pas, le mode "debug" du journal peut être activé pour obtenir une liste complète de JAR scannés sans succès ; éviter d'analyser des JARs inutilement peut améliorer sensiblement le temps de démarrage et le temps de compilation des JSPs
20-Jun-2023 04:22:19.926 INFOS [main] org.apache.catalina.startup.HostConfig.deployDirectory Le déploiement du répertoire [C:\Program Files\Apache Software Foundation\Tomcat 9.0\webapps\sprint6] de l'application web s'est terminé en [250] ms
20-Jun-2023 04:22:19.927 INFOS [main] org.apache.catalina.startup.HostConfig.deployDirectory Déploiement du répertoire d'application web [C:\Program Files\Apache Software Foundation\Tomcat 9.0\webapps\sprint7]
20-Jun-2023 04:22:20.156 INFOS [main] org.apache.jasper.servlet.TldScanner.scanJars Au moins un fichier JAR a été analysé pour trouver des TLDs mais il n'en contenait pas, le mode "debug" du journal peut être activé pour obtenir une liste complète de JAR scannés sans succès ; éviter d'analyser des JARs inutilement peut améliorer sensiblement le temps de démarrage et le temps de compilation des JSPs
20-Jun-2023 04:22:20.156 INFOS [main] org.apache.catalina.startup.HostConfig.deployDirectory Le déploiement du répertoire [C:\Program Files\Apache Software Foundation\Tomcat 9.0\webapps\sprint7] de l'application web s'est terminé en [229] ms
20-Jun-2023 04:22:20.163 INFOS [main] org.apache.catalina.startup.HostConfig.deployDirectory Déploiement du répertoire d'application web [C:\Program Files\Apache Software Foundation\Tomcat 9.0\webapps\sprint8]
20-Jun-2023 04:22:20.633 INFOS [main] org.apache.jasper.servlet.TldScanner.scanJars Au moins un fichier JAR a été analysé pour trouver des TLDs mais il n'en contenait pas, le mode "debug" du journal peut être activé pour obtenir une liste complète de JAR scannés sans succès ; éviter d'analyser des JARs inutilement peut améliorer sensiblement le temps de démarrage et le temps de compilation des JSPs
20-Jun-2023 04:22:20.633 INFOS [main] org.apache.catalina.startup.HostConfig.deployDirectory Le déploiement du répertoire [C:\Program Files\Apache Software Foundation\Tomcat 9.0\webapps\sprint8] de l'application web s'est terminé en [470] ms
20-Jun-2023 04:22:20.633 INFOS [main] org.apache.catalina.startup.HostConfig.deployDirectory Déploiement du répertoire d'application web [C:\Program Files\Apache Software Foundation\Tomcat 9.0\webapps\sprint8bis]
20-Jun-2023 04:22:20.917 INFOS [main] org.apache.jasper.servlet.TldScanner.scanJars Au moins un fichier JAR a été analysé pour trouver des TLDs mais il n'en contenait pas, le mode "debug" du journal peut être activé pour obtenir une liste complète de JAR scannés sans succès ; éviter d'analyser des JARs inutilement peut améliorer sensiblement le temps de démarrage et le temps de compilation des JSPs
20-Jun-2023 04:22:20.917 INFOS [main] org.apache.catalina.startup.HostConfig.deployDirectory Le déploiement du répertoire [C:\Program Files\Apache Software Foundation\Tomcat 9.0\webapps\sprint8bis] de l'application web s'est terminé en [284] ms
20-Jun-2023 04:22:20.917 INFOS [main] org.apache.catalina.startup.HostConfig.deployDirectory Déploiement du répertoire d'application web [C:\Program Files\Apache Software Foundation\Tomcat 9.0\webapps\sprint9]
20-Jun-2023 04:22:21.095 INFOS [main] org.apache.jasper.servlet.TldScanner.scanJars Au moins un fichier JAR a été analysé pour trouver des TLDs mais il n'en contenait pas, le mode "debug" du journal peut être activé pour obtenir une liste complète de JAR scannés sans succès ; éviter d'analyser des JARs inutilement peut améliorer sensiblement le temps de démarrage et le temps de compilation des JSPs
20-Jun-2023 04:22:21.100 INFOS [main] org.apache.catalina.startup.HostConfig.deployDirectory Le déploiement du répertoire [C:\Program Files\Apache Software Foundation\Tomcat 9.0\webapps\sprint9] de l'application web s'est terminé en [183] ms
20-Jun-2023 04:22:21.100 INFOS [main] org.apache.catalina.startup.HostConfig.deployDirectory Déploiement du répertoire d'application web [C:\Program Files\Apache Software Foundation\Tomcat 9.0\webapps\testFramework4]
20-Jun-2023 04:22:21.404 INFOS [main] org.apache.jasper.servlet.TldScanner.scanJars Au moins un fichier JAR a été analysé pour trouver des TLDs mais il n'en contenait pas, le mode "debug" du journal peut être activé pour obtenir une liste complète de JAR scannés sans succès ; éviter d'analyser des JARs inutilement peut améliorer sensiblement le temps de démarrage et le temps de compilation des JSPs
20-Jun-2023 04:22:21.414 INFOS [main] org.apache.catalina.startup.HostConfig.deployDirectory Le déploiement du répertoire [C:\Program Files\Apache Software Foundation\Tomcat 9.0\webapps\testFramework4] de l'application web s'est terminé en [314] ms
20-Jun-2023 04:22:21.419 INFOS [main] org.apache.coyote.AbstractProtocol.start Démarrage du gestionnaire de protocole ["http-nio-8080"]
20-Jun-2023 04:22:21.508 INFOS [main] org.apache.catalina.startup.Catalina.start Le démarrage du serveur a pris [5738] millisecondes
23-Jun-2023 08:10:54.132 INFOS [Catalina-utility-1] org.apache.catalina.startup.HostConfig.deployDirectory Déploiement du répertoire d'application web [C:\Program Files\Apache Software Foundation\Tomcat 9.0\webapps\sprint11]
23-Jun-2023 08:10:54.476 INFOS [Catalina-utility-1] org.apache.jasper.servlet.TldScanner.scanJars Au moins un fichier JAR a été analysé pour trouver des TLDs mais il n'en contenait pas, le mode "debug" du journal peut être activé pour obtenir une liste complète de JAR scannés sans succès ; éviter d'analyser des JARs inutilement peut améliorer sensiblement le temps de démarrage et le temps de compilation des JSPs
23-Jun-2023 08:10:54.483 INFOS [Catalina-utility-1] org.apache.catalina.startup.HostConfig.deployDirectory Le déploiement du répertoire [C:\Program Files\Apache Software Foundation\Tomcat 9.0\webapps\sprint11] de l'application web s'est terminé en [371] ms
23-Jun-2023 10:26:56.693 INFOS [Catalina-utility-1] org.apache.catalina.startup.HostConfig.undeploy Retrait de l'application web ayant pour chemin de contexte [/testeFramework]
23-Jun-2023 10:26:56.785 INFOS [Catalina-utility-1] org.apache.catalina.startup.HostConfig.deployWAR Déploiement de l'archive [C:\Program Files\Apache Software Foundation\Tomcat 9.0\webapps\testeFramework.war] de l'application web
23-Jun-2023 10:26:56.901 INFOS [Catalina-utility-1] org.apache.jasper.servlet.TldScanner.scanJars Au moins un fichier JAR a été analysé pour trouver des TLDs mais il n'en contenait pas, le mode "debug" du journal peut être activé pour obtenir une liste complète de JAR scannés sans succès ; éviter d'analyser des JARs inutilement peut améliorer sensiblement le temps de démarrage et le temps de compilation des JSPs
23-Jun-2023 10:26:56.902 INFOS [Catalina-utility-1] org.apache.catalina.startup.HostConfig.deployWAR Le déploiement de l'archive de l'application web [C:\Program Files\Apache Software Foundation\Tomcat 9.0\webapps\testeFramework.war] s'est terminé en [117] ms
23-Jun-2023 10:30:47.166 INFOS [Catalina-utility-1] org.apache.catalina.startup.HostConfig.undeploy Retrait de l'application web ayant pour chemin de contexte [/testeFramework]
23-Jun-2023 10:30:47.216 INFOS [Catalina-utility-1] org.apache.catalina.startup.HostConfig.deployWAR Déploiement de l'archive [C:\Program Files\Apache Software Foundation\Tomcat 9.0\webapps\testeFramework.war] de l'application web
23-Jun-2023 10:30:47.367 INFOS [Catalina-utility-1] org.apache.jasper.servlet.TldScanner.scanJars Au moins un fichier JAR a été analysé pour trouver des TLDs mais il n'en contenait pas, le mode "debug" du journal peut être activé pour obtenir une liste complète de JAR scannés sans succès ; éviter d'analyser des JARs inutilement peut améliorer sensiblement le temps de démarrage et le temps de compilation des JSPs
23-Jun-2023 10:30:47.370 INFOS [Catalina-utility-1] org.apache.catalina.startup.HostConfig.deployWAR Le déploiement de l'archive de l'application web [C:\Program Files\Apache Software Foundation\Tomcat 9.0\webapps\testeFramework.war] s'est terminé en [153] ms
23-Jun-2023 10:32:37.464 INFOS [Catalina-utility-1] org.apache.catalina.startup.HostConfig.undeploy Retrait de l'application web ayant pour chemin de contexte [/testeFramework]
23-Jun-2023 10:32:37.488 INFOS [Catalina-utility-1] org.apache.catalina.startup.HostConfig.deployWAR Déploiement de l'archive [C:\Program Files\Apache Software Foundation\Tomcat 9.0\webapps\testeFramework.war] de l'application web
23-Jun-2023 10:32:37.617 INFOS [Catalina-utility-1] org.apache.jasper.servlet.TldScanner.scanJars Au moins un fichier JAR a été analysé pour trouver des TLDs mais il n'en contenait pas, le mode "debug" du journal peut être activé pour obtenir une liste complète de JAR scannés sans succès ; éviter d'analyser des JARs inutilement peut améliorer sensiblement le temps de démarrage et le temps de compilation des JSPs
23-Jun-2023 10:32:37.620 INFOS [Catalina-utility-1] org.apache.catalina.startup.HostConfig.deployWAR Le déploiement de l'archive de l'application web [C:\Program Files\Apache Software Foundation\Tomcat 9.0\webapps\testeFramework.war] s'est terminé en [133] ms
23-Jun-2023 10:40:58.100 INFOS [Catalina-utility-2] org.apache.catalina.startup.HostConfig.undeploy Retrait de l'application web ayant pour chemin de contexte [/testeFramework]
23-Jun-2023 10:40:58.122 INFOS [Catalina-utility-2] org.apache.catalina.startup.HostConfig.deployWAR Déploiement de l'archive [C:\Program Files\Apache Software Foundation\Tomcat 9.0\webapps\testeFramework.war] de l'application web
23-Jun-2023 10:40:58.223 INFOS [Catalina-utility-2] org.apache.jasper.servlet.TldScanner.scanJars Au moins un fichier JAR a été analysé pour trouver des TLDs mais il n'en contenait pas, le mode "debug" du journal peut être activé pour obtenir une liste complète de JAR scannés sans succès ; éviter d'analyser des JARs inutilement peut améliorer sensiblement le temps de démarrage et le temps de compilation des JSPs
23-Jun-2023 10:40:58.225 INFOS [Catalina-utility-2] org.apache.catalina.startup.HostConfig.deployWAR Le déploiement de l'archive de l'application web [C:\Program Files\Apache Software Foundation\Tomcat 9.0\webapps\testeFramework.war] s'est terminé en [103] ms
23-Jun-2023 10:41:28.250 INFOS [Catalina-utility-1] org.apache.catalina.startup.HostConfig.undeploy Retrait de l'application web ayant pour chemin de contexte [/testeFramework]
23-Jun-2023 10:41:28.272 INFOS [Catalina-utility-1] org.apache.catalina.startup.HostConfig.deployWAR Déploiement de l'archive [C:\Program Files\Apache Software Foundation\Tomcat 9.0\webapps\testeFramework.war] de l'application web
23-Jun-2023 10:41:28.396 INFOS [Catalina-utility-1] org.apache.jasper.servlet.TldScanner.scanJars Au moins un fichier JAR a été analysé pour trouver des TLDs mais il n'en contenait pas, le mode "debug" du journal peut être activé pour obtenir une liste complète de JAR scannés sans succès ; éviter d'analyser des JARs inutilement peut améliorer sensiblement le temps de démarrage et le temps de compilation des JSPs
23-Jun-2023 10:41:28.398 INFOS [Catalina-utility-1] org.apache.catalina.startup.HostConfig.deployWAR Le déploiement de l'archive de l'application web [C:\Program Files\Apache Software Foundation\Tomcat 9.0\webapps\testeFramework.war] s'est terminé en [126] ms
26-Jun-2023 18:27:41.287 INFOS [Thread-4] org.apache.coyote.AbstractProtocol.pause Le gestionnaire de protocole ["http-nio-8080"] est mis en pause
26-Jun-2023 18:27:41.476 INFOS [Thread-4] org.apache.catalina.core.StandardService.stopInternal Arrêt du service [Catalina]
26-Jun-2023 18:27:41.532 INFOS [Thread-4] org.apache.coyote.AbstractProtocol.stop Arrêt du gestionnaire de protocole ["http-nio-8080"]
26-Jun-2023 18:27:41.564 INFOS [Thread-4] org.apache.coyote.AbstractProtocol.destroy Destruction du gestionnaire de protocole ["http-nio-8080"]
