
2023-05-08 20:23:14 Apache Commons Daemon procrun stdout initialized.

2023-05-08 21:52:11 Apache Commons Daemon procrun stdout initialized.
2023-05-09 08:12:56
Full thread dump Java HotSpot(TM) 64-Bit Server VM (25.202-b08 mixed mode):

"http-nio-8080-exec-20" #40 daemon prio=5 os_prio=0 tid=0x000000001618b000 nid=0xd8f0 waiting on condition [0x0000000018eaf000]
   java.lang.Thread.State: WAITING (parking)
	at sun.misc.Unsafe.park(Native Method)
	- parking to wait for  <0x00000000ff73ceb0> (a java.util.concurrent.locks.AbstractQueuedSynchronizer$ConditionObject)
	at java.util.concurrent.locks.LockSupport.park(Unknown Source)
	at java.util.concurrent.locks.AbstractQueuedSynchronizer$ConditionObject.await(Unknown Source)
	at java.util.concurrent.LinkedBlockingQueue.take(Unknown Source)
	at org.apache.tomcat.util.threads.TaskQueue.take(TaskQueue.java:146)
	at org.apache.tomcat.util.threads.TaskQueue.take(TaskQueue.java:33)
	at org.apache.tomcat.util.threads.ThreadPoolExecutor.getTask(ThreadPoolExecutor.java:1114)
	at org.apache.tomcat.util.threads.ThreadPoolExecutor.runWorker(ThreadPoolExecutor.java:1176)
	at org.apache.tomcat.util.threads.ThreadPoolExecutor$Worker.run(ThreadPoolExecutor.java:659)
	at org.apache.tomcat.util.threads.TaskThread$WrappingRunnable.run(TaskThread.java:61)
	at java.lang.Thread.run(Unknown Source)

"http-nio-8080-exec-19" #39 daemon prio=5 os_prio=0 tid=0x0000000016188800 nid=0x1b08 waiting on condition [0x00000000190af000]
   java.lang.Thread.State: WAITING (parking)
	at sun.misc.Unsafe.park(Native Method)
	- parking to wait for  <0x00000000ff73ceb0> (a java.util.concurrent.locks.AbstractQueuedSynchronizer$ConditionObject)
	at java.util.concurrent.locks.LockSupport.park(Unknown Source)
	at java.util.concurrent.locks.AbstractQueuedSynchronizer$ConditionObject.await(Unknown Source)
	at java.util.concurrent.LinkedBlockingQueue.take(Unknown Source)
	at org.apache.tomcat.util.threads.TaskQueue.take(TaskQueue.java:146)
	at org.apache.tomcat.util.threads.TaskQueue.take(TaskQueue.java:33)
	at org.apache.tomcat.util.threads.ThreadPoolExecutor.getTask(ThreadPoolExecutor.java:1114)
	at org.apache.tomcat.util.threads.ThreadPoolExecutor.runWorker(ThreadPoolExecutor.java:1176)
	at org.apache.tomcat.util.threads.ThreadPoolExecutor$Worker.run(ThreadPoolExecutor.java:659)
	at org.apache.tomcat.util.threads.TaskThread$WrappingRunnable.run(TaskThread.java:61)
	at java.lang.Thread.run(Unknown Source)

"http-nio-8080-exec-18" #38 daemon prio=5 os_prio=0 tid=0x0000000016182800 nid=0xa3f4 waiting on condition [0x0000000018daf000]
   java.lang.Thread.State: WAITING (parking)
	at sun.misc.Unsafe.park(Native Method)
	- parking to wait for  <0x00000000ff73ceb0> (a java.util.concurrent.locks.AbstractQueuedSynchronizer$ConditionObject)
	at java.util.concurrent.locks.LockSupport.park(Unknown Source)
	at java.util.concurrent.locks.AbstractQueuedSynchronizer$ConditionObject.await(Unknown Source)
	at java.util.concurrent.LinkedBlockingQueue.take(Unknown Source)
	at org.apache.tomcat.util.threads.TaskQueue.take(TaskQueue.java:146)
	at org.apache.tomcat.util.threads.TaskQueue.take(TaskQueue.java:33)
	at org.apache.tomcat.util.threads.ThreadPoolExecutor.getTask(ThreadPoolExecutor.java:1114)
	at org.apache.tomcat.util.threads.ThreadPoolExecutor.runWorker(ThreadPoolExecutor.java:1176)
	at org.apache.tomcat.util.threads.ThreadPoolExecutor$Worker.run(ThreadPoolExecutor.java:659)
	at org.apache.tomcat.util.threads.TaskThread$WrappingRunnable.run(TaskThread.java:61)
	at java.lang.Thread.run(Unknown Source)

"http-nio-8080-exec-17" #37 daemon prio=5 os_prio=0 tid=0x0000000016184000 nid=0xdcf0 waiting on condition [0x00000000192af000]
   java.lang.Thread.State: WAITING (parking)
	at sun.misc.Unsafe.park(Native Method)
	- parking to wait for  <0x00000000ff73ceb0> (a java.util.concurrent.locks.AbstractQueuedSynchronizer$ConditionObject)
	at java.util.concurrent.locks.LockSupport.park(Unknown Source)
	at java.util.concurrent.locks.AbstractQueuedSynchronizer$ConditionObject.await(Unknown Source)
	at java.util.concurrent.LinkedBlockingQueue.take(Unknown Source)
	at org.apache.tomcat.util.threads.TaskQueue.take(TaskQueue.java:146)
	at org.apache.tomcat.util.threads.TaskQueue.take(TaskQueue.java:33)
	at org.apache.tomcat.util.threads.ThreadPoolExecutor.getTask(ThreadPoolExecutor.java:1114)
	at org.apache.tomcat.util.threads.ThreadPoolExecutor.runWorker(ThreadPoolExecutor.java:1176)
	at org.apache.tomcat.util.threads.ThreadPoolExecutor$Worker.run(ThreadPoolExecutor.java:659)
	at org.apache.tomcat.util.threads.TaskThread$WrappingRunnable.run(TaskThread.java:61)
	at java.lang.Thread.run(Unknown Source)

"http-nio-8080-exec-16" #36 daemon prio=5 os_prio=0 tid=0x0000000016189800 nid=0xd4d8 waiting on condition [0x00000000191af000]
   java.lang.Thread.State: WAITING (parking)
	at sun.misc.Unsafe.park(Native Method)
	- parking to wait for  <0x00000000ff73ceb0> (a java.util.concurrent.locks.AbstractQueuedSynchronizer$ConditionObject)
	at java.util.concurrent.locks.LockSupport.park(Unknown Source)
	at java.util.concurrent.locks.AbstractQueuedSynchronizer$ConditionObject.await(Unknown Source)
	at java.util.concurrent.LinkedBlockingQueue.take(Unknown Source)
	at org.apache.tomcat.util.threads.TaskQueue.take(TaskQueue.java:146)
	at org.apache.tomcat.util.threads.TaskQueue.take(TaskQueue.java:33)
	at org.apache.tomcat.util.threads.ThreadPoolExecutor.getTask(ThreadPoolExecutor.java:1114)
	at org.apache.tomcat.util.threads.ThreadPoolExecutor.runWorker(ThreadPoolExecutor.java:1176)
	at org.apache.tomcat.util.threads.ThreadPoolExecutor$Worker.run(ThreadPoolExecutor.java:659)
	at org.apache.tomcat.util.threads.TaskThread$WrappingRunnable.run(TaskThread.java:61)
	at java.lang.Thread.run(Unknown Source)

"http-nio-8080-exec-15" #35 daemon prio=5 os_prio=0 tid=0x0000000016188000 nid=0xa7c waiting on condition [0x0000000018baf000]
   java.lang.Thread.State: WAITING (parking)
	at sun.misc.Unsafe.park(Native Method)
	- parking to wait for  <0x00000000ff73ceb0> (a java.util.concurrent.locks.AbstractQueuedSynchronizer$ConditionObject)
	at java.util.concurrent.locks.LockSupport.park(Unknown Source)
	at java.util.concurrent.locks.AbstractQueuedSynchronizer$ConditionObject.await(Unknown Source)
	at java.util.concurrent.LinkedBlockingQueue.take(Unknown Source)
	at org.apache.tomcat.util.threads.TaskQueue.take(TaskQueue.java:146)
	at org.apache.tomcat.util.threads.TaskQueue.take(TaskQueue.java:33)
	at org.apache.tomcat.util.threads.ThreadPoolExecutor.getTask(ThreadPoolExecutor.java:1114)
	at org.apache.tomcat.util.threads.ThreadPoolExecutor.runWorker(ThreadPoolExecutor.java:1176)
	at org.apache.tomcat.util.threads.ThreadPoolExecutor$Worker.run(ThreadPoolExecutor.java:659)
	at org.apache.tomcat.util.threads.TaskThread$WrappingRunnable.run(TaskThread.java:61)
	at java.lang.Thread.run(Unknown Source)

"http-nio-8080-exec-14" #34 daemon prio=5 os_prio=0 tid=0x0000000016185000 nid=0x2c34 waiting on condition [0x0000000018faf000]
   java.lang.Thread.State: WAITING (parking)
	at sun.misc.Unsafe.park(Native Method)
	- parking to wait for  <0x00000000ff73ceb0> (a java.util.concurrent.locks.AbstractQueuedSynchronizer$ConditionObject)
	at java.util.concurrent.locks.LockSupport.park(Unknown Source)
	at java.util.concurrent.locks.AbstractQueuedSynchronizer$ConditionObject.await(Unknown Source)
	at java.util.concurrent.LinkedBlockingQueue.take(Unknown Source)
	at org.apache.tomcat.util.threads.TaskQueue.take(TaskQueue.java:146)
	at org.apache.tomcat.util.threads.TaskQueue.take(TaskQueue.java:33)
	at org.apache.tomcat.util.threads.ThreadPoolExecutor.getTask(ThreadPoolExecutor.java:1114)
	at org.apache.tomcat.util.threads.ThreadPoolExecutor.runWorker(ThreadPoolExecutor.java:1176)
	at org.apache.tomcat.util.threads.ThreadPoolExecutor$Worker.run(ThreadPoolExecutor.java:659)
	at org.apache.tomcat.util.threads.TaskThread$WrappingRunnable.run(TaskThread.java:61)
	at java.lang.Thread.run(Unknown Source)

"http-nio-8080-exec-13" #33 daemon prio=5 os_prio=0 tid=0x0000000016187000 nid=0x25b8 waiting on condition [0x0000000015d5f000]
   java.lang.Thread.State: WAITING (parking)
	at sun.misc.Unsafe.park(Native Method)
	- parking to wait for  <0x00000000ff73ceb0> (a java.util.concurrent.locks.AbstractQueuedSynchronizer$ConditionObject)
	at java.util.concurrent.locks.LockSupport.park(Unknown Source)
	at java.util.concurrent.locks.AbstractQueuedSynchronizer$ConditionObject.await(Unknown Source)
	at java.util.concurrent.LinkedBlockingQueue.take(Unknown Source)
	at org.apache.tomcat.util.threads.TaskQueue.take(TaskQueue.java:146)
	at org.apache.tomcat.util.threads.TaskQueue.take(TaskQueue.java:33)
	at org.apache.tomcat.util.threads.ThreadPoolExecutor.getTask(ThreadPoolExecutor.java:1114)
	at org.apache.tomcat.util.threads.ThreadPoolExecutor.runWorker(ThreadPoolExecutor.java:1176)
	at org.apache.tomcat.util.threads.ThreadPoolExecutor$Worker.run(ThreadPoolExecutor.java:659)
	at org.apache.tomcat.util.threads.TaskThread$WrappingRunnable.run(TaskThread.java:61)
	at java.lang.Thread.run(Unknown Source)

"http-nio-8080-exec-12" #32 daemon prio=5 os_prio=0 tid=0x0000000016182000 nid=0xb708 waiting on condition [0x000000000143f000]
   java.lang.Thread.State: WAITING (parking)
	at sun.misc.Unsafe.park(Native Method)
	- parking to wait for  <0x00000000ff73ceb0> (a java.util.concurrent.locks.AbstractQueuedSynchronizer$ConditionObject)
	at java.util.concurrent.locks.LockSupport.park(Unknown Source)
	at java.util.concurrent.locks.AbstractQueuedSynchronizer$ConditionObject.await(Unknown Source)
	at java.util.concurrent.LinkedBlockingQueue.take(Unknown Source)
	at org.apache.tomcat.util.threads.TaskQueue.take(TaskQueue.java:146)
	at org.apache.tomcat.util.threads.TaskQueue.take(TaskQueue.java:33)
	at org.apache.tomcat.util.threads.ThreadPoolExecutor.getTask(ThreadPoolExecutor.java:1114)
	at org.apache.tomcat.util.threads.ThreadPoolExecutor.runWorker(ThreadPoolExecutor.java:1176)
	at org.apache.tomcat.util.threads.ThreadPoolExecutor$Worker.run(ThreadPoolExecutor.java:659)
	at org.apache.tomcat.util.threads.TaskThread$WrappingRunnable.run(TaskThread.java:61)
	at java.lang.Thread.run(Unknown Source)

"http-nio-8080-exec-11" #31 daemon prio=5 os_prio=0 tid=0x0000000016181000 nid=0xdca0 waiting on condition [0x00000000197af000]
   java.lang.Thread.State: WAITING (parking)
	at sun.misc.Unsafe.park(Native Method)
	- parking to wait for  <0x00000000ff73ceb0> (a java.util.concurrent.locks.AbstractQueuedSynchronizer$ConditionObject)
	at java.util.concurrent.locks.LockSupport.park(Unknown Source)
	at java.util.concurrent.locks.AbstractQueuedSynchronizer$ConditionObject.await(Unknown Source)
	at java.util.concurrent.LinkedBlockingQueue.take(Unknown Source)
	at org.apache.tomcat.util.threads.TaskQueue.take(TaskQueue.java:146)
	at org.apache.tomcat.util.threads.TaskQueue.take(TaskQueue.java:33)
	at org.apache.tomcat.util.threads.ThreadPoolExecutor.getTask(ThreadPoolExecutor.java:1114)
	at org.apache.tomcat.util.threads.ThreadPoolExecutor.runWorker(ThreadPoolExecutor.java:1176)
	at org.apache.tomcat.util.threads.ThreadPoolExecutor$Worker.run(ThreadPoolExecutor.java:659)
	at org.apache.tomcat.util.threads.TaskThread$WrappingRunnable.run(TaskThread.java:61)
	at java.lang.Thread.run(Unknown Source)

"http-nio-8080-Acceptor" #29 daemon prio=5 os_prio=0 tid=0x000000001617e800 nid=0x28b8 runnable [0x00000000196af000]
   java.lang.Thread.State: RUNNABLE
	at sun.nio.ch.ServerSocketChannelImpl.accept0(Native Method)
	at sun.nio.ch.ServerSocketChannelImpl.accept(Unknown Source)
	at sun.nio.ch.ServerSocketChannelImpl.accept(Unknown Source)
	- locked <0x00000000ffa8c588> (a java.lang.Object)
	at org.apache.tomcat.util.net.NioEndpoint.serverSocketAccept(NioEndpoint.java:547)
	at org.apache.tomcat.util.net.NioEndpoint.serverSocketAccept(NioEndpoint.java:79)
	at org.apache.tomcat.util.net.Acceptor.run(Acceptor.java:129)
	at java.lang.Thread.run(Unknown Source)

"http-nio-8080-Poller" #28 daemon prio=5 os_prio=0 tid=0x000000001617d000 nid=0x28a8 runnable [0x00000000195af000]
   java.lang.Thread.State: RUNNABLE
	at sun.nio.ch.WindowsSelectorImpl$SubSelector.poll0(Native Method)
	at sun.nio.ch.WindowsSelectorImpl$SubSelector.poll(Unknown Source)
	at sun.nio.ch.WindowsSelectorImpl$SubSelector.access$400(Unknown Source)
	at sun.nio.ch.WindowsSelectorImpl.doSelect(Unknown Source)
	at sun.nio.ch.SelectorImpl.lockAndDoSelect(Unknown Source)
	- locked <0x00000000ffa8cdd0> (a sun.nio.ch.Util$3)
	- locked <0x00000000ffa8cdc0> (a java.util.Collections$UnmodifiableSet)
	- locked <0x00000000ffa8cc50> (a sun.nio.ch.WindowsSelectorImpl)
	at sun.nio.ch.SelectorImpl.select(Unknown Source)
	at org.apache.tomcat.util.net.NioEndpoint$Poller.run(NioEndpoint.java:805)
	at java.lang.Thread.run(Unknown Source)

"Catalina-utility-2" #17 prio=1 os_prio=-2 tid=0x0000000016716000 nid=0x280c waiting on condition [0x0000000018aaf000]
   java.lang.Thread.State: TIMED_WAITING (parking)
	at sun.misc.Unsafe.park(Native Method)
	- parking to wait for  <0x00000000ffa8c1e0> (a java.util.concurrent.locks.AbstractQueuedSynchronizer$ConditionObject)
	at java.util.concurrent.locks.LockSupport.parkNanos(Unknown Source)
	at java.util.concurrent.locks.AbstractQueuedSynchronizer$ConditionObject.awaitNanos(Unknown Source)
	at java.util.concurrent.ScheduledThreadPoolExecutor$DelayedWorkQueue.take(Unknown Source)
	at java.util.concurrent.ScheduledThreadPoolExecutor$DelayedWorkQueue.take(Unknown Source)
	at java.util.concurrent.ThreadPoolExecutor.getTask(Unknown Source)
	at java.util.concurrent.ThreadPoolExecutor.runWorker(Unknown Source)
	at java.util.concurrent.ThreadPoolExecutor$Worker.run(Unknown Source)
	at org.apache.tomcat.util.threads.TaskThread$WrappingRunnable.run(TaskThread.java:61)
	at java.lang.Thread.run(Unknown Source)

"Catalina-utility-1" #16 prio=1 os_prio=-2 tid=0x0000000016713000 nid=0x2bf4 waiting on condition [0x00000000176af000]
   java.lang.Thread.State: WAITING (parking)
	at sun.misc.Unsafe.park(Native Method)
	- parking to wait for  <0x00000000ffa8c1e0> (a java.util.concurrent.locks.AbstractQueuedSynchronizer$ConditionObject)
	at java.util.concurrent.locks.LockSupport.park(Unknown Source)
	at java.util.concurrent.locks.AbstractQueuedSynchronizer$ConditionObject.await(Unknown Source)
	at java.util.concurrent.ScheduledThreadPoolExecutor$DelayedWorkQueue.take(Unknown Source)
	at java.util.concurrent.ScheduledThreadPoolExecutor$DelayedWorkQueue.take(Unknown Source)
	at java.util.concurrent.ThreadPoolExecutor.getTask(Unknown Source)
	at java.util.concurrent.ThreadPoolExecutor.runWorker(Unknown Source)
	at java.util.concurrent.ThreadPoolExecutor$Worker.run(Unknown Source)
	at org.apache.tomcat.util.threads.TaskThread$WrappingRunnable.run(TaskThread.java:61)
	at java.lang.Thread.run(Unknown Source)

"GC Daemon" #15 daemon prio=2 os_prio=-2 tid=0x00000000156c9000 nid=0x2244 in Object.wait() [0x000000001702f000]
   java.lang.Thread.State: TIMED_WAITING (on object monitor)
	at java.lang.Object.wait(Native Method)
	- waiting on <0x00000000ff71b840> (a sun.misc.GC$LatencyLock)
	at sun.misc.GC$Daemon.run(Unknown Source)
	- locked <0x00000000ff71b840> (a sun.misc.GC$LatencyLock)

"FileHandlerLogFilesCleaner-1" #14 daemon prio=5 os_prio=0 tid=0x0000000015289000 nid=0x1e0c waiting on condition [0x0000000015c5f000]
   java.lang.Thread.State: WAITING (parking)
	at sun.misc.Unsafe.park(Native Method)
	- parking to wait for  <0x00000000ff730a18> (a java.util.concurrent.locks.AbstractQueuedSynchronizer$ConditionObject)
	at java.util.concurrent.locks.LockSupport.park(Unknown Source)
	at java.util.concurrent.locks.AbstractQueuedSynchronizer$ConditionObject.await(Unknown Source)
	at java.util.concurrent.LinkedBlockingQueue.take(Unknown Source)
	at java.util.concurrent.ThreadPoolExecutor.getTask(Unknown Source)
	at java.util.concurrent.ThreadPoolExecutor.runWorker(Unknown Source)
	at java.util.concurrent.ThreadPoolExecutor$Worker.run(Unknown Source)
	at java.lang.Thread.run(Unknown Source)

"AsyncFileHandlerWriter-495053715" #13 daemon prio=5 os_prio=0 tid=0x000000001526a800 nid=0x1d94 waiting on condition [0x0000000015b5f000]
   java.lang.Thread.State: WAITING (parking)
	at sun.misc.Unsafe.park(Native Method)
	- parking to wait for  <0x00000000ff853dc8> (a java.util.concurrent.locks.AbstractQueuedSynchronizer$ConditionObject)
	at java.util.concurrent.locks.LockSupport.park(Unknown Source)
	at java.util.concurrent.locks.AbstractQueuedSynchronizer$ConditionObject.await(Unknown Source)
	at java.util.concurrent.LinkedBlockingDeque.takeFirst(Unknown Source)
	at java.util.concurrent.LinkedBlockingDeque.take(Unknown Source)
	at org.apache.juli.AsyncFileHandler$LoggerThread.run(AsyncFileHandler.java:204)

"Service Thread" #10 daemon prio=9 os_prio=0 tid=0x000000001446a800 nid=0x1d1c runnable [0x0000000000000000]
   java.lang.Thread.State: RUNNABLE

"C1 CompilerThread3" #9 daemon prio=9 os_prio=2 tid=0x0000000014465000 nid=0x1d18 waiting on condition [0x0000000000000000]
   java.lang.Thread.State: RUNNABLE

"C2 CompilerThread2" #8 daemon prio=9 os_prio=2 tid=0x000000001445e800 nid=0x1d14 waiting on condition [0x0000000000000000]
   java.lang.Thread.State: RUNNABLE

"C2 CompilerThread1" #7 daemon prio=9 os_prio=2 tid=0x000000001445d000 nid=0x1d10 waiting on condition [0x0000000000000000]
   java.lang.Thread.State: RUNNABLE

"C2 CompilerThread0" #6 daemon prio=9 os_prio=2 tid=0x0000000014459800 nid=0x1d0c waiting on condition [0x0000000000000000]
   java.lang.Thread.State: RUNNABLE

"Attach Listener" #5 daemon prio=5 os_prio=2 tid=0x0000000014458000 nid=0x1d08 runnable [0x0000000000000000]
   java.lang.Thread.State: RUNNABLE

"Signal Dispatcher" #4 daemon prio=9 os_prio=2 tid=0x0000000014457000 nid=0x1d04 waiting on condition [0x0000000000000000]
   java.lang.Thread.State: RUNNABLE

"Finalizer" #3 daemon prio=8 os_prio=1 tid=0x00000000016d9800 nid=0x1c58 in Object.wait() [0x000000001492f000]
   java.lang.Thread.State: WAITING (on object monitor)
	at java.lang.Object.wait(Native Method)
	- waiting on <0x00000000ff8d3b10> (a java.lang.ref.ReferenceQueue$Lock)
	at java.lang.ref.ReferenceQueue.remove(Unknown Source)
	- locked <0x00000000ff8d3b10> (a java.lang.ref.ReferenceQueue$Lock)
	at java.lang.ref.ReferenceQueue.remove(Unknown Source)
	at java.lang.ref.Finalizer$FinalizerThread.run(Unknown Source)

"Reference Handler" #2 daemon prio=10 os_prio=2 tid=0x000000001256d000 nid=0x1c44 in Object.wait() [0x000000001442f000]
   java.lang.Thread.State: WAITING (on object monitor)
	at java.lang.Object.wait(Native Method)
	- waiting on <0x00000000ff618000> (a java.lang.ref.Reference$Lock)
	at java.lang.Object.wait(Unknown Source)
	at java.lang.ref.Reference.tryHandlePending(Unknown Source)
	- locked <0x00000000ff618000> (a java.lang.ref.Reference$Lock)
	at java.lang.ref.Reference$ReferenceHandler.run(Unknown Source)

"main" #1 prio=5 os_prio=0 tid=0x00000000014de000 nid=0x1b24 waiting on condition [0x00000000015de000]
   java.lang.Thread.State: TIMED_WAITING (sleeping)
	at java.lang.Thread.sleep(Native Method)
	at org.apache.catalina.core.StandardServer.await(StandardServer.java:566)
	at org.apache.catalina.startup.Catalina.await(Catalina.java:864)
	at org.apache.catalina.startup.Catalina.start(Catalina.java:810)
	at sun.reflect.NativeMethodAccessorImpl.invoke0(Native Method)
	at sun.reflect.NativeMethodAccessorImpl.invoke(Unknown Source)
	at sun.reflect.DelegatingMethodAccessorImpl.invoke(Unknown Source)
	at java.lang.reflect.Method.invoke(Unknown Source)
	at org.apache.catalina.startup.Bootstrap.start(Bootstrap.java:345)
	at org.apache.catalina.startup.Bootstrap.main(Bootstrap.java:476)

"VM Thread" os_prio=2 tid=0x0000000012569800 nid=0x188c runnable 

"GC task thread#0 (ParallelGC)" os_prio=0 tid=0x00000000015f7000 nid=0x1598 runnable 

"GC task thread#1 (ParallelGC)" os_prio=0 tid=0x00000000015f9000 nid=0x1548 runnable 

"GC task thread#2 (ParallelGC)" os_prio=0 tid=0x00000000015fa800 nid=0xdcc runnable 

"GC task thread#3 (ParallelGC)" os_prio=0 tid=0x00000000015fd000 nid=0x1804 runnable 

"GC task thread#4 (ParallelGC)" os_prio=0 tid=0x00000000015fe000 nid=0x1794 runnable 

"GC task thread#5 (ParallelGC)" os_prio=0 tid=0x00000000015ff000 nid=0x16f0 runnable 

"GC task thread#6 (ParallelGC)" os_prio=0 tid=0x0000000001603800 nid=0x15bc runnable 

"GC task thread#7 (ParallelGC)" os_prio=0 tid=0x0000000001604800 nid=0x14a0 runnable 

"VM Periodic Task Thread" os_prio=2 tid=0x0000000014473800 nid=0x1d28 waiting on condition 

JNI global references: 276

Heap
 PSYoungGen      total 81920K, used 39902K [0x00000000fab00000, 0x0000000100000000, 0x0000000100000000)
  eden space 76800K, 45% used [0x00000000fab00000,0x00000000fccfcfc8,0x00000000ff600000)
  from space 5120K, 99% used [0x00000000ff600000,0x00000000ffafaa30,0x00000000ffb00000)
  to   space 5120K, 0% used [0x00000000ffb00000,0x00000000ffb00000,0x0000000100000000)
 ParOldGen       total 87552K, used 25507K [0x00000000f0000000, 0x00000000f5580000, 0x00000000fab00000)
  object space 87552K, 29% used [0x00000000f0000000,0x00000000f18e8e80,0x00000000f5580000)
 Metaspace       used 19930K, capacity 20412K, committed 20608K, reserved 1067008K
  class space    used 2199K, capacity 2337K, committed 2432K, reserved 1048576K

