
2023-04-28 23:16:26 Apache Commons Daemon procrun stderr initialized.
28-Apr-2023 23:16:29.119 INFOS [main] org.apache.catalina.startup.VersionLoggerListener.log Nom version serveur :              Apache Tomcat/9.0.65
28-Apr-2023 23:16:29.135 INFOS [main] org.apache.catalina.startup.VersionLoggerListener.log Serveur compilé :                  Jul 14 2022 12:28:53 UTC
28-Apr-2023 23:16:29.135 INFOS [main] org.apache.catalina.startup.VersionLoggerListener.log Version du serveur :               9.0.65.0
28-Apr-2023 23:16:29.135 INFOS [main] org.apache.catalina.startup.VersionLoggerListener.log Nom de l'OS :                      Windows 10
28-Apr-2023 23:16:29.135 INFOS [main] org.apache.catalina.startup.VersionLoggerListener.log Version OS :                       10.0
28-Apr-2023 23:16:29.135 INFOS [main] org.apache.catalina.startup.VersionLoggerListener.log Architecture :                     amd64
28-Apr-2023 23:16:29.135 INFOS [main] org.apache.catalina.startup.VersionLoggerListener.log Java Home :                        C:\Program Files\Java\jre1.8.0_202
28-Apr-2023 23:16:29.135 INFOS [main] org.apache.catalina.startup.VersionLoggerListener.log Version JVM :                      1.8.0_202-b08
28-Apr-2023 23:16:29.135 INFOS [main] org.apache.catalina.startup.VersionLoggerListener.log Fournisseur de la JVM :            Oracle Corporation
28-Apr-2023 23:16:29.135 INFOS [main] org.apache.catalina.startup.VersionLoggerListener.log CATALINA_BASE :                    C:\Program Files\Apache Software Foundation\Tomcat 9.0
28-Apr-2023 23:16:29.135 INFOS [main] org.apache.catalina.startup.VersionLoggerListener.log CATALINA_HOME :                    C:\Program Files\Apache Software Foundation\Tomcat 9.0
28-Apr-2023 23:16:29.135 INFOS [main] org.apache.catalina.startup.VersionLoggerListener.log Argument de la ligne de commande : -Dcatalina.home=C:\Program Files\Apache Software Foundation\Tomcat 9.0
28-Apr-2023 23:16:29.135 INFOS [main] org.apache.catalina.startup.VersionLoggerListener.log Argument de la ligne de commande : -Dcatalina.base=C:\Program Files\Apache Software Foundation\Tomcat 9.0
28-Apr-2023 23:16:29.135 INFOS [main] org.apache.catalina.startup.VersionLoggerListener.log Argument de la ligne de commande : -Djava.io.tmpdir=C:\Program Files\Apache Software Foundation\Tomcat 9.0\temp
28-Apr-2023 23:16:29.135 INFOS [main] org.apache.catalina.startup.VersionLoggerListener.log Argument de la ligne de commande : -Djava.util.logging.manager=org.apache.juli.ClassLoaderLogManager
28-Apr-2023 23:16:29.135 INFOS [main] org.apache.catalina.startup.VersionLoggerListener.log Argument de la ligne de commande : -Djava.util.logging.config.file=C:\Program Files\Apache Software Foundation\Tomcat 9.0\conf\logging.properties
28-Apr-2023 23:16:29.135 INFOS [main] org.apache.catalina.startup.VersionLoggerListener.log Argument de la ligne de commande : exit
28-Apr-2023 23:16:29.135 INFOS [main] org.apache.catalina.startup.VersionLoggerListener.log Argument de la ligne de commande : abort
28-Apr-2023 23:16:29.135 INFOS [main] org.apache.catalina.startup.VersionLoggerListener.log Argument de la ligne de commande : -Xms128m
28-Apr-2023 23:16:29.166 INFOS [main] org.apache.catalina.startup.VersionLoggerListener.log Argument de la ligne de commande : -Xmx256m
28-Apr-2023 23:16:29.184 INFOS [main] org.apache.catalina.core.AprLifecycleListener.lifecycleEvent La librairie Apache Tomcat Native basée sur APR qui permet des performances optimales dans les environnements de production n'a pas été trouvée sur le java.library.path : [C:\Program Files\Apache Software Foundation\Tomcat 9.0\bin;C:\Windows\Sun\Java\bin;C:\Windows\system32;C:\Windows;C:\Program Files\Java\jre1.8.0_202\bin;C:\Program Files\Java\jdk1.8.0_202\bin;C:\Program Files\Java\jre1.8.0_202\bin;C:\Program Files\Microsoft MPI\Bin\;C:\Program Files (x86)\Common Files\Oracle\Java\javapath;C:\app\ASUS\product\11.2.0\dbhome_1\bin;C:\Windows\system32;C:\Windows;C:\Windows\System32\Wbem;C:\Windows\System32\WindowsPowerShell\v1.0\;C:\Windows\System32\OpenSSH\;C:\ojdbc5.jar;C:\postgresql-42.1.4;C:\Program Files\dotnet\;C:\Program Files (x86)\Microsoft SQL Server\160\Tools\Binn\;C:\Program Files\Microsoft SQL Server\160\Tools\Binn\;C:\Program Files\Microsoft SQL Server\Client SDK\ODBC\170\Tools\Binn\;C:\Program Files\Microsoft SQL Server\160\DTS\Binn\;C:\Program Files (x86)\Microsoft SQL Server\160\DTS\Binn\;C:\Program Files\Azure Data Studio\bin;C:\Windows\system32\config\systemprofile\AppData\Local\Microsoft\WindowsApps;.]
28-Apr-2023 23:16:30.955 INFOS [main] org.apache.coyote.AbstractProtocol.init Initialisation du gestionnaire de protocole ["http-nio-8080"]
28-Apr-2023 23:16:31.049 INFOS [main] org.apache.catalina.startup.Catalina.load L'initialisation du serveur a pris [2767] millisecondes
28-Apr-2023 23:16:31.174 INFOS [main] org.apache.catalina.core.StandardService.startInternal Démarrage du service [Catalina]
28-Apr-2023 23:16:31.174 INFOS [main] org.apache.catalina.core.StandardEngine.startInternal Démarrage du moteur de Servlets : [Apache Tomcat/9.0.65]
28-Apr-2023 23:16:31.190 INFOS [main] org.apache.catalina.startup.HostConfig.deployDirectory Déploiement du répertoire d'application web [C:\Program Files\Apache Software Foundation\Tomcat 9.0\webapps\docs]
28-Apr-2023 23:16:32.100 INFOS [main] org.apache.jasper.servlet.TldScanner.scanJars Au moins un fichier JAR a été analysé pour trouver des TLDs mais il n'en contenait pas, le mode "debug" du journal peut être activé pour obtenir une liste complète de JAR scannés sans succès ; éviter d'analyser des JARs inutilement peut améliorer sensiblement le temps de démarrage et le temps de compilation des JSPs
28-Apr-2023 23:16:32.946 AVERTISSEMENT [main] org.apache.catalina.util.SessionIdGeneratorBase.createSecureRandom La création de l'instance de SecureRandom pour le générateur d'id de session en utilisant [SHA1PRNG] a pris [676] millisecondes
28-Apr-2023 23:16:32.978 INFOS [main] org.apache.catalina.startup.HostConfig.deployDirectory Le déploiement du répertoire [C:\Program Files\Apache Software Foundation\Tomcat 9.0\webapps\docs] de l'application web s'est terminé en [1 788] ms
28-Apr-2023 23:16:32.978 INFOS [main] org.apache.catalina.startup.HostConfig.deployDirectory Déploiement du répertoire d'application web [C:\Program Files\Apache Software Foundation\Tomcat 9.0\webapps\manager]
28-Apr-2023 23:16:33.213 INFOS [main] org.apache.jasper.servlet.TldScanner.scanJars Au moins un fichier JAR a été analysé pour trouver des TLDs mais il n'en contenait pas, le mode "debug" du journal peut être activé pour obtenir une liste complète de JAR scannés sans succès ; éviter d'analyser des JARs inutilement peut améliorer sensiblement le temps de démarrage et le temps de compilation des JSPs
28-Apr-2023 23:16:33.229 INFOS [main] org.apache.catalina.startup.HostConfig.deployDirectory Le déploiement du répertoire [C:\Program Files\Apache Software Foundation\Tomcat 9.0\webapps\manager] de l'application web s'est terminé en [251] ms
28-Apr-2023 23:16:33.229 INFOS [main] org.apache.catalina.startup.HostConfig.deployDirectory Déploiement du répertoire d'application web [C:\Program Files\Apache Software Foundation\Tomcat 9.0\webapps\ROOT]
28-Apr-2023 23:16:33.480 INFOS [main] org.apache.jasper.servlet.TldScanner.scanJars Au moins un fichier JAR a été analysé pour trouver des TLDs mais il n'en contenait pas, le mode "debug" du journal peut être activé pour obtenir une liste complète de JAR scannés sans succès ; éviter d'analyser des JARs inutilement peut améliorer sensiblement le temps de démarrage et le temps de compilation des JSPs
28-Apr-2023 23:16:33.480 INFOS [main] org.apache.catalina.startup.HostConfig.deployDirectory Le déploiement du répertoire [C:\Program Files\Apache Software Foundation\Tomcat 9.0\webapps\ROOT] de l'application web s'est terminé en [251] ms
28-Apr-2023 23:16:33.480 INFOS [main] org.apache.catalina.startup.HostConfig.deployDirectory Déploiement du répertoire d'application web [C:\Program Files\Apache Software Foundation\Tomcat 9.0\webapps\sprint4]
28-Apr-2023 23:16:33.780 INFOS [main] org.apache.jasper.servlet.TldScanner.scanJars Au moins un fichier JAR a été analysé pour trouver des TLDs mais il n'en contenait pas, le mode "debug" du journal peut être activé pour obtenir une liste complète de JAR scannés sans succès ; éviter d'analyser des JARs inutilement peut améliorer sensiblement le temps de démarrage et le temps de compilation des JSPs
28-Apr-2023 23:16:33.796 INFOS [main] org.apache.catalina.startup.HostConfig.deployDirectory Le déploiement du répertoire [C:\Program Files\Apache Software Foundation\Tomcat 9.0\webapps\sprint4] de l'application web s'est terminé en [316] ms
28-Apr-2023 23:16:33.796 INFOS [main] org.apache.catalina.startup.HostConfig.deployDirectory Déploiement du répertoire d'application web [C:\Program Files\Apache Software Foundation\Tomcat 9.0\webapps\sprint5]
28-Apr-2023 23:16:34.047 INFOS [main] org.apache.jasper.servlet.TldScanner.scanJars Au moins un fichier JAR a été analysé pour trouver des TLDs mais il n'en contenait pas, le mode "debug" du journal peut être activé pour obtenir une liste complète de JAR scannés sans succès ; éviter d'analyser des JARs inutilement peut améliorer sensiblement le temps de démarrage et le temps de compilation des JSPs
28-Apr-2023 23:16:34.051 INFOS [main] org.apache.catalina.startup.HostConfig.deployDirectory Le déploiement du répertoire [C:\Program Files\Apache Software Foundation\Tomcat 9.0\webapps\sprint5] de l'application web s'est terminé en [255] ms
28-Apr-2023 23:16:34.052 INFOS [main] org.apache.catalina.startup.HostConfig.deployDirectory Déploiement du répertoire d'application web [C:\Program Files\Apache Software Foundation\Tomcat 9.0\webapps\sprint6]
28-Apr-2023 23:16:34.266 INFOS [main] org.apache.jasper.servlet.TldScanner.scanJars Au moins un fichier JAR a été analysé pour trouver des TLDs mais il n'en contenait pas, le mode "debug" du journal peut être activé pour obtenir une liste complète de JAR scannés sans succès ; éviter d'analyser des JARs inutilement peut améliorer sensiblement le temps de démarrage et le temps de compilation des JSPs
28-Apr-2023 23:16:34.266 INFOS [main] org.apache.catalina.startup.HostConfig.deployDirectory Le déploiement du répertoire [C:\Program Files\Apache Software Foundation\Tomcat 9.0\webapps\sprint6] de l'application web s'est terminé en [214] ms
28-Apr-2023 23:16:34.282 INFOS [main] org.apache.catalina.startup.HostConfig.deployDirectory Déploiement du répertoire d'application web [C:\Program Files\Apache Software Foundation\Tomcat 9.0\webapps\sprint7]
28-Apr-2023 23:16:34.487 INFOS [main] org.apache.jasper.servlet.TldScanner.scanJars Au moins un fichier JAR a été analysé pour trouver des TLDs mais il n'en contenait pas, le mode "debug" du journal peut être activé pour obtenir une liste complète de JAR scannés sans succès ; éviter d'analyser des JARs inutilement peut améliorer sensiblement le temps de démarrage et le temps de compilation des JSPs
28-Apr-2023 23:16:34.496 INFOS [main] org.apache.catalina.startup.HostConfig.deployDirectory Le déploiement du répertoire [C:\Program Files\Apache Software Foundation\Tomcat 9.0\webapps\sprint7] de l'application web s'est terminé en [205] ms
28-Apr-2023 23:16:34.496 INFOS [main] org.apache.catalina.startup.HostConfig.deployDirectory Déploiement du répertoire d'application web [C:\Program Files\Apache Software Foundation\Tomcat 9.0\webapps\sprint8]
28-Apr-2023 23:16:34.674 INFOS [main] org.apache.jasper.servlet.TldScanner.scanJars Au moins un fichier JAR a été analysé pour trouver des TLDs mais il n'en contenait pas, le mode "debug" du journal peut être activé pour obtenir une liste complète de JAR scannés sans succès ; éviter d'analyser des JARs inutilement peut améliorer sensiblement le temps de démarrage et le temps de compilation des JSPs
28-Apr-2023 23:16:34.697 INFOS [main] org.apache.catalina.startup.HostConfig.deployDirectory Le déploiement du répertoire [C:\Program Files\Apache Software Foundation\Tomcat 9.0\webapps\sprint8] de l'application web s'est terminé en [201] ms
28-Apr-2023 23:16:34.706 INFOS [main] org.apache.coyote.AbstractProtocol.start Démarrage du gestionnaire de protocole ["http-nio-8080"]
28-Apr-2023 23:16:34.753 INFOS [main] org.apache.catalina.startup.Catalina.start Le démarrage du serveur a pris [3705] millisecondes
28-Apr-2023 23:18:34.877 INFOS [Catalina-utility-2] org.apache.catalina.startup.HostConfig.deployWAR Déploiement de l'archive [C:\Program Files\Apache Software Foundation\Tomcat 9.0\webapps\testeFramework.war] de l'application web
28-Apr-2023 23:18:35.018 INFOS [Catalina-utility-2] org.apache.jasper.servlet.TldScanner.scanJars Au moins un fichier JAR a été analysé pour trouver des TLDs mais il n'en contenait pas, le mode "debug" du journal peut être activé pour obtenir une liste complète de JAR scannés sans succès ; éviter d'analyser des JARs inutilement peut améliorer sensiblement le temps de démarrage et le temps de compilation des JSPs
28-Apr-2023 23:18:35.034 INFOS [Catalina-utility-2] org.apache.catalina.startup.HostConfig.deployWAR Le déploiement de l'archive de l'application web [C:\Program Files\Apache Software Foundation\Tomcat 9.0\webapps\testeFramework.war] s'est terminé en [157] ms
28-Apr-2023 23:19:15.061 INFOS [Catalina-utility-2] org.apache.catalina.startup.HostConfig.undeploy Retrait de l'application web ayant pour chemin de contexte [/testeFramework]
28-Apr-2023 23:19:15.108 INFOS [Catalina-utility-2] org.apache.catalina.startup.HostConfig.deployWAR Déploiement de l'archive [C:\Program Files\Apache Software Foundation\Tomcat 9.0\webapps\testeFramework.war] de l'application web
28-Apr-2023 23:19:15.264 INFOS [Catalina-utility-2] org.apache.jasper.servlet.TldScanner.scanJars Au moins un fichier JAR a été analysé pour trouver des TLDs mais il n'en contenait pas, le mode "debug" du journal peut être activé pour obtenir une liste complète de JAR scannés sans succès ; éviter d'analyser des JARs inutilement peut améliorer sensiblement le temps de démarrage et le temps de compilation des JSPs
28-Apr-2023 23:19:15.264 INFOS [Catalina-utility-2] org.apache.catalina.startup.HostConfig.deployWAR Le déploiement de l'archive de l'application web [C:\Program Files\Apache Software Foundation\Tomcat 9.0\webapps\testeFramework.war] s'est terminé en [156] ms
28-Apr-2023 23:20:05.339 INFOS [Catalina-utility-2] org.apache.catalina.startup.HostConfig.undeploy Retrait de l'application web ayant pour chemin de contexte [/testeFramework]
28-Apr-2023 23:20:05.354 INFOS [Catalina-utility-2] org.apache.catalina.startup.HostConfig.deployWAR Déploiement de l'archive [C:\Program Files\Apache Software Foundation\Tomcat 9.0\webapps\testeFramework.war] de l'application web
28-Apr-2023 23:20:05.495 INFOS [Catalina-utility-2] org.apache.jasper.servlet.TldScanner.scanJars Au moins un fichier JAR a été analysé pour trouver des TLDs mais il n'en contenait pas, le mode "debug" du journal peut être activé pour obtenir une liste complète de JAR scannés sans succès ; éviter d'analyser des JARs inutilement peut améliorer sensiblement le temps de démarrage et le temps de compilation des JSPs
28-Apr-2023 23:20:05.495 INFOS [Catalina-utility-2] org.apache.catalina.startup.HostConfig.deployWAR Le déploiement de l'archive de l'application web [C:\Program Files\Apache Software Foundation\Tomcat 9.0\webapps\testeFramework.war] s'est terminé en [141] ms
28-Apr-2023 23:21:45.637 INFOS [Catalina-utility-2] org.apache.catalina.startup.HostConfig.undeploy Retrait de l'application web ayant pour chemin de contexte [/testeFramework]
28-Apr-2023 23:21:45.667 INFOS [Catalina-utility-2] org.apache.catalina.startup.HostConfig.deployWAR Déploiement de l'archive [C:\Program Files\Apache Software Foundation\Tomcat 9.0\webapps\testeFramework.war] de l'application web
28-Apr-2023 23:21:45.860 INFOS [Catalina-utility-2] org.apache.jasper.servlet.TldScanner.scanJars Au moins un fichier JAR a été analysé pour trouver des TLDs mais il n'en contenait pas, le mode "debug" du journal peut être activé pour obtenir une liste complète de JAR scannés sans succès ; éviter d'analyser des JARs inutilement peut améliorer sensiblement le temps de démarrage et le temps de compilation des JSPs
28-Apr-2023 23:21:45.860 INFOS [Catalina-utility-2] org.apache.catalina.startup.HostConfig.deployWAR Le déploiement de l'archive de l'application web [C:\Program Files\Apache Software Foundation\Tomcat 9.0\webapps\testeFramework.war] s'est terminé en [193] ms
28-Apr-2023 23:31:36.667 INFOS [Catalina-utility-1] org.apache.catalina.startup.HostConfig.undeploy Retrait de l'application web ayant pour chemin de contexte [/testeFramework]
28-Apr-2023 23:31:36.682 INFOS [Catalina-utility-1] org.apache.catalina.startup.HostConfig.deployWAR Déploiement de l'archive [C:\Program Files\Apache Software Foundation\Tomcat 9.0\webapps\testeFramework.war] de l'application web
28-Apr-2023 23:31:36.776 INFOS [Catalina-utility-1] org.apache.jasper.servlet.TldScanner.scanJars Au moins un fichier JAR a été analysé pour trouver des TLDs mais il n'en contenait pas, le mode "debug" du journal peut être activé pour obtenir une liste complète de JAR scannés sans succès ; éviter d'analyser des JARs inutilement peut améliorer sensiblement le temps de démarrage et le temps de compilation des JSPs
28-Apr-2023 23:31:36.776 INFOS [Catalina-utility-1] org.apache.catalina.startup.HostConfig.deployWAR Le déploiement de l'archive de l'application web [C:\Program Files\Apache Software Foundation\Tomcat 9.0\webapps\testeFramework.war] s'est terminé en [94] ms
28-Apr-2023 23:40:07.429 INFOS [Catalina-utility-2] org.apache.catalina.startup.HostConfig.undeploy Retrait de l'application web ayant pour chemin de contexte [/testeFramework]
28-Apr-2023 23:40:07.444 INFOS [Catalina-utility-2] org.apache.catalina.startup.HostConfig.deployWAR Déploiement de l'archive [C:\Program Files\Apache Software Foundation\Tomcat 9.0\webapps\testeFramework.war] de l'application web
28-Apr-2023 23:40:07.519 INFOS [Catalina-utility-2] org.apache.jasper.servlet.TldScanner.scanJars Au moins un fichier JAR a été analysé pour trouver des TLDs mais il n'en contenait pas, le mode "debug" du journal peut être activé pour obtenir une liste complète de JAR scannés sans succès ; éviter d'analyser des JARs inutilement peut améliorer sensiblement le temps de démarrage et le temps de compilation des JSPs
28-Apr-2023 23:40:07.534 INFOS [Catalina-utility-2] org.apache.catalina.startup.HostConfig.deployWAR Le déploiement de l'archive de l'application web [C:\Program Files\Apache Software Foundation\Tomcat 9.0\webapps\testeFramework.war] s'est terminé en [90] ms
29-Apr-2023 00:24:59.193 INFOS [Catalina-utility-1] org.apache.catalina.startup.HostConfig.undeploy Retrait de l'application web ayant pour chemin de contexte [/testeFramework]
29-Apr-2023 00:24:59.224 INFOS [Catalina-utility-1] org.apache.catalina.startup.HostConfig.deployWAR Déploiement de l'archive [C:\Program Files\Apache Software Foundation\Tomcat 9.0\webapps\testeFramework.war] de l'application web
29-Apr-2023 00:24:59.349 INFOS [Catalina-utility-1] org.apache.jasper.servlet.TldScanner.scanJars Au moins un fichier JAR a été analysé pour trouver des TLDs mais il n'en contenait pas, le mode "debug" du journal peut être activé pour obtenir une liste complète de JAR scannés sans succès ; éviter d'analyser des JARs inutilement peut améliorer sensiblement le temps de démarrage et le temps de compilation des JSPs
29-Apr-2023 00:24:59.349 INFOS [Catalina-utility-1] org.apache.catalina.startup.HostConfig.deployWAR Le déploiement de l'archive de l'application web [C:\Program Files\Apache Software Foundation\Tomcat 9.0\webapps\testeFramework.war] s'est terminé en [125] ms
